<?xml version="1.0" encoding="UTF-8"?>
<testsuites name="NouvelleReservation" time="222" tests="8" failures="6" errors="0">
   <testsuite name="NouvelleReservation" tests="8" failures="6" errors="0" time="222" timestamp="2019-10-20 21:34:09" hostname="bouda - DESKTOP-L8US96K" id="Test Suites/Reservations/NouvelleReservation">
      <properties>
         <property name="deviceName" value=""/>
         <property name="devicePlatform" value=""/>
         <property name="logFolder" value="D:\\data\\ws-hissab-katalon\\hissab_katalon\\Reports\\Reservations\\NouvelleReservation\\20191020_213402"/>
         <property name="logFiles" value="D:\\data\\ws-hissab-katalon\\hissab_katalon\\Reports\\Reservations\\NouvelleReservation\\20191020_213402\\execution0.log"/>
         <property name="attachments" value="D:\\data\\ws-hissab-katalon\\hissab_katalon\\Reports\\Reservations\\NouvelleReservation\\20191020_213402\\1571600110527.png, D:\\data\\ws-hissab-katalon\\hissab_katalon\\Reports\\Reservations\\NouvelleReservation\\20191020_213402\\1571600110893.png, D:\\data\\ws-hissab-katalon\\hissab_katalon\\Reports\\Reservations\\NouvelleReservation\\20191020_213402\\1571600142594.png, D:\\data\\ws-hissab-katalon\\hissab_katalon\\Reports\\Reservations\\NouvelleReservation\\20191020_213402\\1571600142939.png, D:\\data\\ws-hissab-katalon\\hissab_katalon\\Reports\\Reservations\\NouvelleReservation\\20191020_213402\\1571600174674.png, D:\\data\\ws-hissab-katalon\\hissab_katalon\\Reports\\Reservations\\NouvelleReservation\\20191020_213402\\1571600174988.png, D:\\data\\ws-hissab-katalon\\hissab_katalon\\Reports\\Reservations\\NouvelleReservation\\20191020_213402\\1571600206698.png, D:\\data\\ws-hissab-katalon\\hissab_katalon\\Reports\\Reservations\\NouvelleReservation\\20191020_213402\\1571600207015.png, D:\\data\\ws-hissab-katalon\\hissab_katalon\\Reports\\Reservations\\NouvelleReservation\\20191020_213402\\1571600238611.png, D:\\data\\ws-hissab-katalon\\hissab_katalon\\Reports\\Reservations\\NouvelleReservation\\20191020_213402\\1571600238946.png, D:\\data\\ws-hissab-katalon\\hissab_katalon\\Reports\\Reservations\\NouvelleReservation\\20191020_213402\\1571600270605.png, D:\\data\\ws-hissab-katalon\\hissab_katalon\\Reports\\Reservations\\NouvelleReservation\\20191020_213402\\1571600270914.png"/>
         <property name="hostName" value="bouda - DESKTOP-L8US96K"/>
         <property name="os" value="Windows 10 64bit"/>
         <property name="katalonVersion" value="5.9.1.2"/>
         <property name="browser" value="Chrome 77.0.3865.120"/>
         <property name="hostAddress" value="192.168.99.1"/>
         <property name="sessionId" value="0bd6f25e3aa343bbe547311f7b718933"/>
         <property name="seleniumVersion" value="3.7.1"/>
         <property name="proxyInformation" value="ProxyInformation{proxyOption=NO_PROXY, proxyServerType=HTTP, password=, proxyServerAddress=, proxyServerPort=0}"/>
         <property name="platform" value="Windows 10"/>
      </properties>
      <testcase name="Test Cases/OpenTheBrowser" classname="Test Cases/OpenTheBrowser" status="PASSED">
         <system-out><![CDATA[2019-10-20 21:34:09 - [TEST_CASE][PASSED] - Test Cases/OpenTheBrowser: Test Cases/OpenTheBrowser

2019-10-20 21:34:10 - [TEST_STEP][PASSED] - openBrowser(""): Browser is opened with url: ''

2019-10-20 21:34:10 - [MESSAGE][INFO] - Starting 'Chrome' driver

2019-10-20 21:34:10 - [MESSAGE][INFO] - Action delay is set to 0 seconds

2019-10-20 21:34:14 - [MESSAGE][PASSED] - Browser is opened with url: ''

2019-10-20 21:34:14 - [TEST_STEP][PASSED] - navigateToUrl("http://localhost:4200/"): Navigate to 'http://localhost:4200/' successfully

2019-10-20 21:34:16 - [MESSAGE][PASSED] - Navigate to 'http://localhost:4200/' successfully

2019-10-20 21:34:16 - [TEST_STEP][PASSED] - click(findTestObject("Object Repository/NouvelleReservations/Page_Application Hissab/h2_Bienvenue")): Object: 'Object Repository/NouvelleReservations/Page_Application Hissab/h2_Bienvenue' is clicked on

2019-10-20 21:34:18 - [MESSAGE][PASSED] - Object: 'Object Repository/NouvelleReservations/Page_Application Hissab/h2_Bienvenue' is clicked on

2019-10-20 21:34:18 - [TEST_STEP][PASSED] - setText(findTestObject("Object Repository/NouvelleReservations/Page_Application Hissab/input_Email_email"), "abdellatif.boudalh@gmail.com"): Text 'abdellatif.boudalh@gmail.com' is set on object 'Object Repository/NouvelleReservations/Page_Application Hissab/input_Email_email'

2019-10-20 21:34:18 - [MESSAGE][PASSED] - Text 'abdellatif.boudalh@gmail.com' is set on object 'Object Repository/NouvelleReservations/Page_Application Hissab/input_Email_email'

2019-10-20 21:34:18 - [TEST_STEP][PASSED] - setEncryptedText(findTestObject("Object Repository/NouvelleReservations/Page_Application Hissab/input_Mot de passe_password"), "g5aLkrmNNK9wgGsRIXINCA=="): Text ****** has been set on object 'Object Repository/NouvelleReservations/Page_Application Hissab/input_Mot de passe_password'

2019-10-20 21:34:18 - [MESSAGE][PASSED] - Text ****** has been set on object 'Object Repository/NouvelleReservations/Page_Application Hissab/input_Mot de passe_password'

2019-10-20 21:34:18 - [TEST_STEP][PASSED] - click(findTestObject("Object Repository/NouvelleReservations/Page_Application Hissab/button_Connexion")): Object: 'Object Repository/NouvelleReservations/Page_Application Hissab/button_Connexion' is clicked on

2019-10-20 21:34:18 - [MESSAGE][PASSED] - Object: 'Object Repository/NouvelleReservations/Page_Application Hissab/button_Connexion' is clicked on]]></system-out>
         <system-err><![CDATA[]]></system-err>
      </testcase>
      <testcase name="Test Cases/NewReservation" classname="Test Cases/NewReservation" status="PASSED">
         <system-out><![CDATA[2019-10-20 21:34:18 - [TEST_CASE][PASSED] - Test Cases/NewReservation: Test Cases/NewReservation

2019-10-20 21:34:19 - [TEST_STEP][PASSED] - scrollToElement(findTestObject("NouvelleReservations/Page_Application Hissab/button_Nouvelle Reservation"), 0): Scroll to object 'Object Repository/NouvelleReservations/Page_Application Hissab/button_Nouvelle Reservation' successfully

2019-10-20 21:34:19 - [MESSAGE][WARNING] - Timeout '0' is invalid. Using default page load timeout: '30'

2019-10-20 21:34:19 - [MESSAGE][PASSED] - Scroll to object 'Object Repository/NouvelleReservations/Page_Application Hissab/button_Nouvelle Reservation' successfully

2019-10-20 21:34:19 - [TEST_STEP][PASSED] - click(findTestObject("Object Repository/NouvelleReservations/Page_Application Hissab/button_Nouvelle Reservation")): Object: 'Object Repository/NouvelleReservations/Page_Application Hissab/button_Nouvelle Reservation' is clicked on

2019-10-20 21:34:20 - [MESSAGE][PASSED] - Object: 'Object Repository/NouvelleReservations/Page_Application Hissab/button_Nouvelle Reservation' is clicked on

2019-10-20 21:34:20 - [TEST_STEP][PASSED] - selectOptionByValue(findTestObject("Object Repository/NouvelleReservations/Page_Application Hissab/select_Appartement 0Appartemen"), Appartement, true): All options with value 'Appartement 0' are selected in object 'Object Repository/NouvelleReservations/Page_Application Hissab/select_Appartement 0Appartemen'  using regular expression

2019-10-20 21:34:20 - [MESSAGE][PASSED] - All options with value 'Appartement 0' are selected in object 'Object Repository/NouvelleReservations/Page_Application Hissab/select_Appartement 0Appartemen'  using regular expression

2019-10-20 21:34:20 - [TEST_STEP][PASSED] - setText(findTestObject("NouvelleReservations/Dates/Page_Application Hissab/input_Arriv_arrive"), jour_arrive): Text '20' is set on object 'Object Repository/NouvelleReservations/Dates/Page_Application Hissab/input_Arriv_arrive'

2019-10-20 21:34:20 - [MESSAGE][PASSED] - Text '20' is set on object 'Object Repository/NouvelleReservations/Dates/Page_Application Hissab/input_Arriv_arrive'

2019-10-20 21:34:20 - [TEST_STEP][PASSED] - setText(findTestObject("NouvelleReservations/Dates/Page_Application Hissab/input_Dpart_depart"), jour_depart): Text '25102019' is set on object 'Object Repository/NouvelleReservations/Dates/Page_Application Hissab/input_Dpart_depart'

2019-10-20 21:34:20 - [MESSAGE][PASSED] - Text '25102019' is set on object 'Object Repository/NouvelleReservations/Dates/Page_Application Hissab/input_Dpart_depart'

2019-10-20 21:34:20 - [TEST_STEP][PASSED] - setText(findTestObject("Object Repository/NouvelleReservations/Page_Application Hissab/input_Nom complet_nomcomplet"), Nom_Client): Text 'Haron BOUDALH' is set on object 'Object Repository/NouvelleReservations/Page_Application Hissab/input_Nom complet_nomcomplet'

2019-10-20 21:34:20 - [MESSAGE][PASSED] - Text 'Haron BOUDALH' is set on object 'Object Repository/NouvelleReservations/Page_Application Hissab/input_Nom complet_nomcomplet'

2019-10-20 21:34:20 - [TEST_STEP][PASSED] - sendKeys(findTestObject("Object Repository/NouvelleReservations/Page_Application Hissab/input_Tlphone_phone"), Keys.chord(ENTER)): Keys 'ENTER + ' sent to object: 'Object Repository/NouvelleReservations/Page_Application Hissab/input_Tlphone_phone'

2019-10-20 21:34:20 - [MESSAGE][PASSED] - Keys 'ENTER + ' sent to object: 'Object Repository/NouvelleReservations/Page_Application Hissab/input_Tlphone_phone'

2019-10-20 21:34:20 - [TEST_STEP][PASSED] - setText(findTestObject("Object Repository/NouvelleReservations/Page_Application Hissab/input_Tlphone_phone"), Phone): Text '+33699089737' is set on object 'Object Repository/NouvelleReservations/Page_Application Hissab/input_Tlphone_phone'

2019-10-20 21:34:21 - [MESSAGE][PASSED] - Text '+33699089737' is set on object 'Object Repository/NouvelleReservations/Page_Application Hissab/input_Tlphone_phone'

2019-10-20 21:34:21 - [TEST_STEP][PASSED] - setText(findTestObject("Object Repository/NouvelleReservations/Page_Application Hissab/input_Prix_prix"), Prix): Text ' 200' is set on object 'Object Repository/NouvelleReservations/Page_Application Hissab/input_Prix_prix'

2019-10-20 21:34:21 - [MESSAGE][PASSED] - Text ' 200' is set on object 'Object Repository/NouvelleReservations/Page_Application Hissab/input_Prix_prix'

2019-10-20 21:34:21 - [TEST_STEP][PASSED] - selectOptionByValue(findTestObject("Object Repository/NouvelleReservations/Page_Application Hissab/select_EurosDirhams"), Devise, true): All options with value 'Dirhams' are selected in object 'Object Repository/NouvelleReservations/Page_Application Hissab/select_EurosDirhams'  using regular expression

2019-10-20 21:34:21 - [MESSAGE][PASSED] - All options with value 'Dirhams' are selected in object 'Object Repository/NouvelleReservations/Page_Application Hissab/select_EurosDirhams'  using regular expression

2019-10-20 21:34:21 - [TEST_STEP][PASSED] - selectOptionByValue(findTestObject("Object Repository/NouvelleReservations/Page_Application Hissab/select_A pay en ligneVa payer"), Mode_paiement, true): All options with value 'A payé en ligne' are selected in object 'Object Repository/NouvelleReservations/Page_Application Hissab/select_A pay en ligneVa payer'  using regular expression

2019-10-20 21:34:21 - [MESSAGE][PASSED] - All options with value 'A payé en ligne' are selected in object 'Object Repository/NouvelleReservations/Page_Application Hissab/select_A pay en ligneVa payer'  using regular expression

2019-10-20 21:34:21 - [TEST_STEP][PASSED] - selectOptionByValue(findTestObject("NouvelleReservations/Page_Application Hissab/select_nbr_adulte"), nbr_adulte, true): All options with value '2' are selected in object 'Object Repository/NouvelleReservations/Page_Application Hissab/select_nbr_adulte'  using regular expression

2019-10-20 21:34:22 - [MESSAGE][PASSED] - All options with value '2' are selected in object 'Object Repository/NouvelleReservations/Page_Application Hissab/select_nbr_adulte'  using regular expression

2019-10-20 21:34:22 - [TEST_STEP][PASSED] - selectOptionByValue(findTestObject("NouvelleReservations/Page_Application Hissab/select_nbr_enfant"), nbr_enfant, true): All options with value '3' are selected in object 'Object Repository/NouvelleReservations/Page_Application Hissab/select_nbr_enfant'  using regular expression

2019-10-20 21:34:22 - [MESSAGE][PASSED] - All options with value '3' are selected in object 'Object Repository/NouvelleReservations/Page_Application Hissab/select_nbr_enfant'  using regular expression

2019-10-20 21:34:22 - [TEST_STEP][PASSED] - setText(findTestObject("Object Repository/NouvelleReservations/Page_Application Hissab/textarea_Commentaires (faculta"), Comments): Text ' Voici mon 1er commentaire' is set on object 'Object Repository/NouvelleReservations/Page_Application Hissab/textarea_Commentaires (faculta'

2019-10-20 21:34:23 - [MESSAGE][PASSED] - Text ' Voici mon 1er commentaire' is set on object 'Object Repository/NouvelleReservations/Page_Application Hissab/textarea_Commentaires (faculta'

2019-10-20 21:34:23 - [TEST_STEP][PASSED] - scrollToElement(findTestObject("NouvelleReservations/Page_Application Hissab/button_Enregistrer"), 0): Scroll to object 'Object Repository/NouvelleReservations/Page_Application Hissab/button_Enregistrer' successfully

2019-10-20 21:34:23 - [MESSAGE][WARNING] - Timeout '0' is invalid. Using default page load timeout: '30'

2019-10-20 21:34:23 - [MESSAGE][PASSED] - Scroll to object 'Object Repository/NouvelleReservations/Page_Application Hissab/button_Enregistrer' successfully

2019-10-20 21:34:23 - [TEST_STEP][PASSED] - click(findTestObject("Object Repository/NouvelleReservations/Page_Application Hissab/button_Enregistrer")): Object: 'Object Repository/NouvelleReservations/Page_Application Hissab/button_Enregistrer' is clicked on

2019-10-20 21:34:23 - [MESSAGE][PASSED] - Object: 'Object Repository/NouvelleReservations/Page_Application Hissab/button_Enregistrer' is clicked on]]></system-out>
         <system-err><![CDATA[]]></system-err>
      </testcase>
      <testcase name="Test Cases/NewReservation" classname="Test Cases/NewReservation" status="PASSED">
         <system-out><![CDATA[2019-10-20 21:34:23 - [TEST_CASE][PASSED] - Test Cases/NewReservation: Test Cases/NewReservation

2019-10-20 21:34:23 - [TEST_STEP][PASSED] - scrollToElement(findTestObject("NouvelleReservations/Page_Application Hissab/button_Nouvelle Reservation"), 0): Scroll to object 'Object Repository/NouvelleReservations/Page_Application Hissab/button_Nouvelle Reservation' successfully

2019-10-20 21:34:23 - [MESSAGE][WARNING] - Timeout '0' is invalid. Using default page load timeout: '30'

2019-10-20 21:34:23 - [MESSAGE][PASSED] - Scroll to object 'Object Repository/NouvelleReservations/Page_Application Hissab/button_Nouvelle Reservation' successfully

2019-10-20 21:34:23 - [TEST_STEP][PASSED] - click(findTestObject("Object Repository/NouvelleReservations/Page_Application Hissab/button_Nouvelle Reservation")): Object: 'Object Repository/NouvelleReservations/Page_Application Hissab/button_Nouvelle Reservation' is clicked on

2019-10-20 21:34:24 - [MESSAGE][PASSED] - Object: 'Object Repository/NouvelleReservations/Page_Application Hissab/button_Nouvelle Reservation' is clicked on

2019-10-20 21:34:24 - [TEST_STEP][PASSED] - selectOptionByValue(findTestObject("Object Repository/NouvelleReservations/Page_Application Hissab/select_Appartement 0Appartemen"), Appartement, true): All options with value 'Appartement 1' are selected in object 'Object Repository/NouvelleReservations/Page_Application Hissab/select_Appartement 0Appartemen'  using regular expression

2019-10-20 21:34:24 - [MESSAGE][PASSED] - All options with value 'Appartement 1' are selected in object 'Object Repository/NouvelleReservations/Page_Application Hissab/select_Appartement 0Appartemen'  using regular expression

2019-10-20 21:34:24 - [TEST_STEP][PASSED] - setText(findTestObject("NouvelleReservations/Dates/Page_Application Hissab/input_Arriv_arrive"), jour_arrive): Text '20' is set on object 'Object Repository/NouvelleReservations/Dates/Page_Application Hissab/input_Arriv_arrive'

2019-10-20 21:34:24 - [MESSAGE][PASSED] - Text '20' is set on object 'Object Repository/NouvelleReservations/Dates/Page_Application Hissab/input_Arriv_arrive'

2019-10-20 21:34:24 - [TEST_STEP][PASSED] - setText(findTestObject("NouvelleReservations/Dates/Page_Application Hissab/input_Dpart_depart"), jour_depart): Text '25102019' is set on object 'Object Repository/NouvelleReservations/Dates/Page_Application Hissab/input_Dpart_depart'

2019-10-20 21:34:24 - [MESSAGE][PASSED] - Text '25102019' is set on object 'Object Repository/NouvelleReservations/Dates/Page_Application Hissab/input_Dpart_depart'

2019-10-20 21:34:24 - [TEST_STEP][PASSED] - setText(findTestObject("Object Repository/NouvelleReservations/Page_Application Hissab/input_Nom complet_nomcomplet"), Nom_Client): Text 'Lina BOUDALH' is set on object 'Object Repository/NouvelleReservations/Page_Application Hissab/input_Nom complet_nomcomplet'

2019-10-20 21:34:25 - [MESSAGE][PASSED] - Text 'Lina BOUDALH' is set on object 'Object Repository/NouvelleReservations/Page_Application Hissab/input_Nom complet_nomcomplet'

2019-10-20 21:34:25 - [TEST_STEP][PASSED] - sendKeys(findTestObject("Object Repository/NouvelleReservations/Page_Application Hissab/input_Tlphone_phone"), Keys.chord(ENTER)): Keys 'ENTER + ' sent to object: 'Object Repository/NouvelleReservations/Page_Application Hissab/input_Tlphone_phone'

2019-10-20 21:34:25 - [MESSAGE][PASSED] - Keys 'ENTER + ' sent to object: 'Object Repository/NouvelleReservations/Page_Application Hissab/input_Tlphone_phone'

2019-10-20 21:34:25 - [TEST_STEP][PASSED] - setText(findTestObject("Object Repository/NouvelleReservations/Page_Application Hissab/input_Tlphone_phone"), Phone): Text '+33699089737' is set on object 'Object Repository/NouvelleReservations/Page_Application Hissab/input_Tlphone_phone'

2019-10-20 21:34:25 - [MESSAGE][PASSED] - Text '+33699089737' is set on object 'Object Repository/NouvelleReservations/Page_Application Hissab/input_Tlphone_phone'

2019-10-20 21:34:25 - [TEST_STEP][PASSED] - setText(findTestObject("Object Repository/NouvelleReservations/Page_Application Hissab/input_Prix_prix"), Prix): Text ' 300' is set on object 'Object Repository/NouvelleReservations/Page_Application Hissab/input_Prix_prix'

2019-10-20 21:34:25 - [MESSAGE][PASSED] - Text ' 300' is set on object 'Object Repository/NouvelleReservations/Page_Application Hissab/input_Prix_prix'

2019-10-20 21:34:25 - [TEST_STEP][PASSED] - selectOptionByValue(findTestObject("Object Repository/NouvelleReservations/Page_Application Hissab/select_EurosDirhams"), Devise, true): All options with value 'Dirhams' are selected in object 'Object Repository/NouvelleReservations/Page_Application Hissab/select_EurosDirhams'  using regular expression

2019-10-20 21:34:25 - [MESSAGE][PASSED] - All options with value 'Dirhams' are selected in object 'Object Repository/NouvelleReservations/Page_Application Hissab/select_EurosDirhams'  using regular expression

2019-10-20 21:34:25 - [TEST_STEP][PASSED] - selectOptionByValue(findTestObject("Object Repository/NouvelleReservations/Page_Application Hissab/select_A pay en ligneVa payer"), Mode_paiement, true): All options with value 'A payé en ligne' are selected in object 'Object Repository/NouvelleReservations/Page_Application Hissab/select_A pay en ligneVa payer'  using regular expression

2019-10-20 21:34:25 - [MESSAGE][PASSED] - All options with value 'A payé en ligne' are selected in object 'Object Repository/NouvelleReservations/Page_Application Hissab/select_A pay en ligneVa payer'  using regular expression

2019-10-20 21:34:25 - [TEST_STEP][PASSED] - selectOptionByValue(findTestObject("NouvelleReservations/Page_Application Hissab/select_nbr_adulte"), nbr_adulte, true): All options with value '2' are selected in object 'Object Repository/NouvelleReservations/Page_Application Hissab/select_nbr_adulte'  using regular expression

2019-10-20 21:34:26 - [MESSAGE][PASSED] - All options with value '2' are selected in object 'Object Repository/NouvelleReservations/Page_Application Hissab/select_nbr_adulte'  using regular expression

2019-10-20 21:34:26 - [TEST_STEP][PASSED] - selectOptionByValue(findTestObject("NouvelleReservations/Page_Application Hissab/select_nbr_enfant"), nbr_enfant, true): All options with value '3' are selected in object 'Object Repository/NouvelleReservations/Page_Application Hissab/select_nbr_enfant'  using regular expression

2019-10-20 21:34:26 - [MESSAGE][PASSED] - All options with value '3' are selected in object 'Object Repository/NouvelleReservations/Page_Application Hissab/select_nbr_enfant'  using regular expression

2019-10-20 21:34:26 - [TEST_STEP][PASSED] - setText(findTestObject("Object Repository/NouvelleReservations/Page_Application Hissab/textarea_Commentaires (faculta"), Comments): Text ' Voici mon 2em commentaire' is set on object 'Object Repository/NouvelleReservations/Page_Application Hissab/textarea_Commentaires (faculta'

2019-10-20 21:34:26 - [MESSAGE][PASSED] - Text ' Voici mon 2em commentaire' is set on object 'Object Repository/NouvelleReservations/Page_Application Hissab/textarea_Commentaires (faculta'

2019-10-20 21:34:26 - [TEST_STEP][PASSED] - scrollToElement(findTestObject("NouvelleReservations/Page_Application Hissab/button_Enregistrer"), 0): Scroll to object 'Object Repository/NouvelleReservations/Page_Application Hissab/button_Enregistrer' successfully

2019-10-20 21:34:26 - [MESSAGE][WARNING] - Timeout '0' is invalid. Using default page load timeout: '30'

2019-10-20 21:34:26 - [MESSAGE][PASSED] - Scroll to object 'Object Repository/NouvelleReservations/Page_Application Hissab/button_Enregistrer' successfully

2019-10-20 21:34:26 - [TEST_STEP][PASSED] - click(findTestObject("Object Repository/NouvelleReservations/Page_Application Hissab/button_Enregistrer")): Object: 'Object Repository/NouvelleReservations/Page_Application Hissab/button_Enregistrer' is clicked on

2019-10-20 21:34:26 - [MESSAGE][PASSED] - Object: 'Object Repository/NouvelleReservations/Page_Application Hissab/button_Enregistrer' is clicked on]]></system-out>
         <system-err><![CDATA[]]></system-err>
      </testcase>
      <testcase name="Test Cases/NewReservation" classname="Test Cases/NewReservation" status="PASSED">
         <system-out><![CDATA[2019-10-20 21:34:26 - [TEST_CASE][PASSED] - Test Cases/NewReservation: Test Cases/NewReservation

2019-10-20 21:34:26 - [TEST_STEP][PASSED] - scrollToElement(findTestObject("NouvelleReservations/Page_Application Hissab/button_Nouvelle Reservation"), 0): Scroll to object 'Object Repository/NouvelleReservations/Page_Application Hissab/button_Nouvelle Reservation' successfully

2019-10-20 21:34:26 - [MESSAGE][WARNING] - Timeout '0' is invalid. Using default page load timeout: '30'

2019-10-20 21:34:26 - [MESSAGE][PASSED] - Scroll to object 'Object Repository/NouvelleReservations/Page_Application Hissab/button_Nouvelle Reservation' successfully

2019-10-20 21:34:26 - [TEST_STEP][PASSED] - click(findTestObject("Object Repository/NouvelleReservations/Page_Application Hissab/button_Nouvelle Reservation")): Object: 'Object Repository/NouvelleReservations/Page_Application Hissab/button_Nouvelle Reservation' is clicked on

2019-10-20 21:34:27 - [MESSAGE][PASSED] - Object: 'Object Repository/NouvelleReservations/Page_Application Hissab/button_Nouvelle Reservation' is clicked on

2019-10-20 21:34:27 - [TEST_STEP][PASSED] - selectOptionByValue(findTestObject("Object Repository/NouvelleReservations/Page_Application Hissab/select_Appartement 0Appartemen"), Appartement, true): All options with value 'Appartement 2' are selected in object 'Object Repository/NouvelleReservations/Page_Application Hissab/select_Appartement 0Appartemen'  using regular expression

2019-10-20 21:34:27 - [MESSAGE][PASSED] - All options with value 'Appartement 2' are selected in object 'Object Repository/NouvelleReservations/Page_Application Hissab/select_Appartement 0Appartemen'  using regular expression

2019-10-20 21:34:27 - [TEST_STEP][PASSED] - setText(findTestObject("NouvelleReservations/Dates/Page_Application Hissab/input_Arriv_arrive"), jour_arrive): Text '20' is set on object 'Object Repository/NouvelleReservations/Dates/Page_Application Hissab/input_Arriv_arrive'

2019-10-20 21:34:27 - [MESSAGE][PASSED] - Text '20' is set on object 'Object Repository/NouvelleReservations/Dates/Page_Application Hissab/input_Arriv_arrive'

2019-10-20 21:34:27 - [TEST_STEP][PASSED] - setText(findTestObject("NouvelleReservations/Dates/Page_Application Hissab/input_Dpart_depart"), jour_depart): Text '25102019' is set on object 'Object Repository/NouvelleReservations/Dates/Page_Application Hissab/input_Dpart_depart'

2019-10-20 21:34:27 - [MESSAGE][PASSED] - Text '25102019' is set on object 'Object Repository/NouvelleReservations/Dates/Page_Application Hissab/input_Dpart_depart'

2019-10-20 21:34:27 - [TEST_STEP][PASSED] - setText(findTestObject("Object Repository/NouvelleReservations/Page_Application Hissab/input_Nom complet_nomcomplet"), Nom_Client): Text 'Adam BOUDALH' is set on object 'Object Repository/NouvelleReservations/Page_Application Hissab/input_Nom complet_nomcomplet'

2019-10-20 21:34:27 - [MESSAGE][PASSED] - Text 'Adam BOUDALH' is set on object 'Object Repository/NouvelleReservations/Page_Application Hissab/input_Nom complet_nomcomplet'

2019-10-20 21:34:27 - [TEST_STEP][PASSED] - sendKeys(findTestObject("Object Repository/NouvelleReservations/Page_Application Hissab/input_Tlphone_phone"), Keys.chord(ENTER)): Keys 'ENTER + ' sent to object: 'Object Repository/NouvelleReservations/Page_Application Hissab/input_Tlphone_phone'

2019-10-20 21:34:28 - [MESSAGE][PASSED] - Keys 'ENTER + ' sent to object: 'Object Repository/NouvelleReservations/Page_Application Hissab/input_Tlphone_phone'

2019-10-20 21:34:28 - [TEST_STEP][PASSED] - setText(findTestObject("Object Repository/NouvelleReservations/Page_Application Hissab/input_Tlphone_phone"), Phone): Text '+33699089737' is set on object 'Object Repository/NouvelleReservations/Page_Application Hissab/input_Tlphone_phone'

2019-10-20 21:34:28 - [MESSAGE][PASSED] - Text '+33699089737' is set on object 'Object Repository/NouvelleReservations/Page_Application Hissab/input_Tlphone_phone'

2019-10-20 21:34:28 - [TEST_STEP][PASSED] - setText(findTestObject("Object Repository/NouvelleReservations/Page_Application Hissab/input_Prix_prix"), Prix): Text ' 400' is set on object 'Object Repository/NouvelleReservations/Page_Application Hissab/input_Prix_prix'

2019-10-20 21:34:28 - [MESSAGE][PASSED] - Text ' 400' is set on object 'Object Repository/NouvelleReservations/Page_Application Hissab/input_Prix_prix'

2019-10-20 21:34:28 - [TEST_STEP][PASSED] - selectOptionByValue(findTestObject("Object Repository/NouvelleReservations/Page_Application Hissab/select_EurosDirhams"), Devise, true): All options with value 'Dirhams' are selected in object 'Object Repository/NouvelleReservations/Page_Application Hissab/select_EurosDirhams'  using regular expression

2019-10-20 21:34:28 - [MESSAGE][PASSED] - All options with value 'Dirhams' are selected in object 'Object Repository/NouvelleReservations/Page_Application Hissab/select_EurosDirhams'  using regular expression

2019-10-20 21:34:28 - [TEST_STEP][PASSED] - selectOptionByValue(findTestObject("Object Repository/NouvelleReservations/Page_Application Hissab/select_A pay en ligneVa payer"), Mode_paiement, true): All options with value 'A payé en ligne' are selected in object 'Object Repository/NouvelleReservations/Page_Application Hissab/select_A pay en ligneVa payer'  using regular expression

2019-10-20 21:34:28 - [MESSAGE][PASSED] - All options with value 'A payé en ligne' are selected in object 'Object Repository/NouvelleReservations/Page_Application Hissab/select_A pay en ligneVa payer'  using regular expression

2019-10-20 21:34:28 - [TEST_STEP][PASSED] - selectOptionByValue(findTestObject("NouvelleReservations/Page_Application Hissab/select_nbr_adulte"), nbr_adulte, true): All options with value '2' are selected in object 'Object Repository/NouvelleReservations/Page_Application Hissab/select_nbr_adulte'  using regular expression

2019-10-20 21:34:28 - [MESSAGE][PASSED] - All options with value '2' are selected in object 'Object Repository/NouvelleReservations/Page_Application Hissab/select_nbr_adulte'  using regular expression

2019-10-20 21:34:28 - [TEST_STEP][PASSED] - selectOptionByValue(findTestObject("NouvelleReservations/Page_Application Hissab/select_nbr_enfant"), nbr_enfant, true): All options with value '3' are selected in object 'Object Repository/NouvelleReservations/Page_Application Hissab/select_nbr_enfant'  using regular expression

2019-10-20 21:34:29 - [MESSAGE][PASSED] - All options with value '3' are selected in object 'Object Repository/NouvelleReservations/Page_Application Hissab/select_nbr_enfant'  using regular expression

2019-10-20 21:34:29 - [TEST_STEP][PASSED] - setText(findTestObject("Object Repository/NouvelleReservations/Page_Application Hissab/textarea_Commentaires (faculta"), Comments): Text ' Voici mon 3em commentaire' is set on object 'Object Repository/NouvelleReservations/Page_Application Hissab/textarea_Commentaires (faculta'

2019-10-20 21:34:29 - [MESSAGE][PASSED] - Text ' Voici mon 3em commentaire' is set on object 'Object Repository/NouvelleReservations/Page_Application Hissab/textarea_Commentaires (faculta'

2019-10-20 21:34:29 - [TEST_STEP][PASSED] - scrollToElement(findTestObject("NouvelleReservations/Page_Application Hissab/button_Enregistrer"), 0): Scroll to object 'Object Repository/NouvelleReservations/Page_Application Hissab/button_Enregistrer' successfully

2019-10-20 21:34:29 - [MESSAGE][WARNING] - Timeout '0' is invalid. Using default page load timeout: '30'

2019-10-20 21:34:29 - [MESSAGE][PASSED] - Scroll to object 'Object Repository/NouvelleReservations/Page_Application Hissab/button_Enregistrer' successfully

2019-10-20 21:34:29 - [TEST_STEP][PASSED] - click(findTestObject("Object Repository/NouvelleReservations/Page_Application Hissab/button_Enregistrer")): Object: 'Object Repository/NouvelleReservations/Page_Application Hissab/button_Enregistrer' is clicked on

2019-10-20 21:34:29 - [MESSAGE][PASSED] - Object: 'Object Repository/NouvelleReservations/Page_Application Hissab/button_Enregistrer' is clicked on]]></system-out>
         <system-err><![CDATA[]]></system-err>
      </testcase>
      <testcase name="Test Cases/NewReservation" classname="Test Cases/NewReservation" status="PASSED">
         <system-out><![CDATA[2019-10-20 21:34:29 - [TEST_CASE][PASSED] - Test Cases/NewReservation: Test Cases/NewReservation

2019-10-20 21:34:29 - [TEST_STEP][PASSED] - scrollToElement(findTestObject("NouvelleReservations/Page_Application Hissab/button_Nouvelle Reservation"), 0): Scroll to object 'Object Repository/NouvelleReservations/Page_Application Hissab/button_Nouvelle Reservation' successfully

2019-10-20 21:34:29 - [MESSAGE][WARNING] - Timeout '0' is invalid. Using default page load timeout: '30'

2019-10-20 21:34:29 - [MESSAGE][PASSED] - Scroll to object 'Object Repository/NouvelleReservations/Page_Application Hissab/button_Nouvelle Reservation' successfully

2019-10-20 21:34:29 - [TEST_STEP][PASSED] - click(findTestObject("Object Repository/NouvelleReservations/Page_Application Hissab/button_Nouvelle Reservation")): Object: 'Object Repository/NouvelleReservations/Page_Application Hissab/button_Nouvelle Reservation' is clicked on

2019-10-20 21:34:30 - [MESSAGE][PASSED] - Object: 'Object Repository/NouvelleReservations/Page_Application Hissab/button_Nouvelle Reservation' is clicked on

2019-10-20 21:34:30 - [TEST_STEP][PASSED] - selectOptionByValue(findTestObject("Object Repository/NouvelleReservations/Page_Application Hissab/select_Appartement 0Appartemen"), Appartement, true): All options with value 'Appartement 3' are selected in object 'Object Repository/NouvelleReservations/Page_Application Hissab/select_Appartement 0Appartemen'  using regular expression

2019-10-20 21:34:30 - [MESSAGE][PASSED] - All options with value 'Appartement 3' are selected in object 'Object Repository/NouvelleReservations/Page_Application Hissab/select_Appartement 0Appartemen'  using regular expression

2019-10-20 21:34:30 - [TEST_STEP][PASSED] - setText(findTestObject("NouvelleReservations/Dates/Page_Application Hissab/input_Arriv_arrive"), jour_arrive): Text '20' is set on object 'Object Repository/NouvelleReservations/Dates/Page_Application Hissab/input_Arriv_arrive'

2019-10-20 21:34:30 - [MESSAGE][PASSED] - Text '20' is set on object 'Object Repository/NouvelleReservations/Dates/Page_Application Hissab/input_Arriv_arrive'

2019-10-20 21:34:30 - [TEST_STEP][PASSED] - setText(findTestObject("NouvelleReservations/Dates/Page_Application Hissab/input_Dpart_depart"), jour_depart): Text '25102019' is set on object 'Object Repository/NouvelleReservations/Dates/Page_Application Hissab/input_Dpart_depart'

2019-10-20 21:34:30 - [MESSAGE][PASSED] - Text '25102019' is set on object 'Object Repository/NouvelleReservations/Dates/Page_Application Hissab/input_Dpart_depart'

2019-10-20 21:34:30 - [TEST_STEP][PASSED] - setText(findTestObject("Object Repository/NouvelleReservations/Page_Application Hissab/input_Nom complet_nomcomplet"), Nom_Client): Text 'Kais BOUDALH' is set on object 'Object Repository/NouvelleReservations/Page_Application Hissab/input_Nom complet_nomcomplet'

2019-10-20 21:34:31 - [MESSAGE][PASSED] - Text 'Kais BOUDALH' is set on object 'Object Repository/NouvelleReservations/Page_Application Hissab/input_Nom complet_nomcomplet'

2019-10-20 21:34:31 - [TEST_STEP][PASSED] - sendKeys(findTestObject("Object Repository/NouvelleReservations/Page_Application Hissab/input_Tlphone_phone"), Keys.chord(ENTER)): Keys 'ENTER + ' sent to object: 'Object Repository/NouvelleReservations/Page_Application Hissab/input_Tlphone_phone'

2019-10-20 21:34:31 - [MESSAGE][PASSED] - Keys 'ENTER + ' sent to object: 'Object Repository/NouvelleReservations/Page_Application Hissab/input_Tlphone_phone'

2019-10-20 21:34:31 - [TEST_STEP][PASSED] - setText(findTestObject("Object Repository/NouvelleReservations/Page_Application Hissab/input_Tlphone_phone"), Phone): Text '+33699089737' is set on object 'Object Repository/NouvelleReservations/Page_Application Hissab/input_Tlphone_phone'

2019-10-20 21:34:31 - [MESSAGE][PASSED] - Text '+33699089737' is set on object 'Object Repository/NouvelleReservations/Page_Application Hissab/input_Tlphone_phone'

2019-10-20 21:34:31 - [TEST_STEP][PASSED] - setText(findTestObject("Object Repository/NouvelleReservations/Page_Application Hissab/input_Prix_prix"), Prix): Text ' 500' is set on object 'Object Repository/NouvelleReservations/Page_Application Hissab/input_Prix_prix'

2019-10-20 21:34:31 - [MESSAGE][PASSED] - Text ' 500' is set on object 'Object Repository/NouvelleReservations/Page_Application Hissab/input_Prix_prix'

2019-10-20 21:34:31 - [TEST_STEP][PASSED] - selectOptionByValue(findTestObject("Object Repository/NouvelleReservations/Page_Application Hissab/select_EurosDirhams"), Devise, true): All options with value 'Dirhams' are selected in object 'Object Repository/NouvelleReservations/Page_Application Hissab/select_EurosDirhams'  using regular expression

2019-10-20 21:34:31 - [MESSAGE][PASSED] - All options with value 'Dirhams' are selected in object 'Object Repository/NouvelleReservations/Page_Application Hissab/select_EurosDirhams'  using regular expression

2019-10-20 21:34:31 - [TEST_STEP][PASSED] - selectOptionByValue(findTestObject("Object Repository/NouvelleReservations/Page_Application Hissab/select_A pay en ligneVa payer"), Mode_paiement, true): All options with value 'A payé en ligne' are selected in object 'Object Repository/NouvelleReservations/Page_Application Hissab/select_A pay en ligneVa payer'  using regular expression

2019-10-20 21:34:31 - [MESSAGE][PASSED] - All options with value 'A payé en ligne' are selected in object 'Object Repository/NouvelleReservations/Page_Application Hissab/select_A pay en ligneVa payer'  using regular expression

2019-10-20 21:34:31 - [TEST_STEP][PASSED] - selectOptionByValue(findTestObject("NouvelleReservations/Page_Application Hissab/select_nbr_adulte"), nbr_adulte, true): All options with value '2' are selected in object 'Object Repository/NouvelleReservations/Page_Application Hissab/select_nbr_adulte'  using regular expression

2019-10-20 21:34:31 - [MESSAGE][PASSED] - All options with value '2' are selected in object 'Object Repository/NouvelleReservations/Page_Application Hissab/select_nbr_adulte'  using regular expression

2019-10-20 21:34:31 - [TEST_STEP][PASSED] - selectOptionByValue(findTestObject("NouvelleReservations/Page_Application Hissab/select_nbr_enfant"), nbr_enfant, true): All options with value '3' are selected in object 'Object Repository/NouvelleReservations/Page_Application Hissab/select_nbr_enfant'  using regular expression

2019-10-20 21:34:32 - [MESSAGE][PASSED] - All options with value '3' are selected in object 'Object Repository/NouvelleReservations/Page_Application Hissab/select_nbr_enfant'  using regular expression

2019-10-20 21:34:32 - [TEST_STEP][PASSED] - setText(findTestObject("Object Repository/NouvelleReservations/Page_Application Hissab/textarea_Commentaires (faculta"), Comments): Text ' Voici mon 4em commentaire' is set on object 'Object Repository/NouvelleReservations/Page_Application Hissab/textarea_Commentaires (faculta'

2019-10-20 21:34:32 - [MESSAGE][PASSED] - Text ' Voici mon 4em commentaire' is set on object 'Object Repository/NouvelleReservations/Page_Application Hissab/textarea_Commentaires (faculta'

2019-10-20 21:34:32 - [TEST_STEP][PASSED] - scrollToElement(findTestObject("NouvelleReservations/Page_Application Hissab/button_Enregistrer"), 0): Scroll to object 'Object Repository/NouvelleReservations/Page_Application Hissab/button_Enregistrer' successfully

2019-10-20 21:34:32 - [MESSAGE][WARNING] - Timeout '0' is invalid. Using default page load timeout: '30'

2019-10-20 21:34:32 - [MESSAGE][PASSED] - Scroll to object 'Object Repository/NouvelleReservations/Page_Application Hissab/button_Enregistrer' successfully

2019-10-20 21:34:32 - [TEST_STEP][PASSED] - click(findTestObject("Object Repository/NouvelleReservations/Page_Application Hissab/button_Enregistrer")): Object: 'Object Repository/NouvelleReservations/Page_Application Hissab/button_Enregistrer' is clicked on

2019-10-20 21:34:32 - [MESSAGE][PASSED] - Object: 'Object Repository/NouvelleReservations/Page_Application Hissab/button_Enregistrer' is clicked on]]></system-out>
         <system-err><![CDATA[]]></system-err>
      </testcase>
      <testcase name="Test Cases/NewReservation" classname="Test Cases/NewReservation" status="PASSED">
         <system-out><![CDATA[2019-10-20 21:34:32 - [TEST_CASE][PASSED] - Test Cases/NewReservation: Test Cases/NewReservation

2019-10-20 21:34:32 - [TEST_STEP][PASSED] - scrollToElement(findTestObject("NouvelleReservations/Page_Application Hissab/button_Nouvelle Reservation"), 0): Scroll to object 'Object Repository/NouvelleReservations/Page_Application Hissab/button_Nouvelle Reservation' successfully

2019-10-20 21:34:32 - [MESSAGE][WARNING] - Timeout '0' is invalid. Using default page load timeout: '30'

2019-10-20 21:34:32 - [MESSAGE][PASSED] - Scroll to object 'Object Repository/NouvelleReservations/Page_Application Hissab/button_Nouvelle Reservation' successfully

2019-10-20 21:34:32 - [TEST_STEP][PASSED] - click(findTestObject("Object Repository/NouvelleReservations/Page_Application Hissab/button_Nouvelle Reservation")): Object: 'Object Repository/NouvelleReservations/Page_Application Hissab/button_Nouvelle Reservation' is clicked on

2019-10-20 21:34:32 - [MESSAGE][PASSED] - Object: 'Object Repository/NouvelleReservations/Page_Application Hissab/button_Nouvelle Reservation' is clicked on

2019-10-20 21:34:32 - [TEST_STEP][PASSED] - selectOptionByValue(findTestObject("Object Repository/NouvelleReservations/Page_Application Hissab/select_Appartement 0Appartemen"), Appartement, true): All options with value 'Appartement 4' are selected in object 'Object Repository/NouvelleReservations/Page_Application Hissab/select_Appartement 0Appartemen'  using regular expression

2019-10-20 21:34:33 - [MESSAGE][PASSED] - All options with value 'Appartement 4' are selected in object 'Object Repository/NouvelleReservations/Page_Application Hissab/select_Appartement 0Appartemen'  using regular expression

2019-10-20 21:34:33 - [TEST_STEP][PASSED] - setText(findTestObject("NouvelleReservations/Dates/Page_Application Hissab/input_Arriv_arrive"), jour_arrive): Text '10' is set on object 'Object Repository/NouvelleReservations/Dates/Page_Application Hissab/input_Arriv_arrive'

2019-10-20 21:34:33 - [MESSAGE][PASSED] - Text '10' is set on object 'Object Repository/NouvelleReservations/Dates/Page_Application Hissab/input_Arriv_arrive'

2019-10-20 21:34:33 - [TEST_STEP][PASSED] - setText(findTestObject("NouvelleReservations/Dates/Page_Application Hissab/input_Dpart_depart"), jour_depart): Text '21102019' is set on object 'Object Repository/NouvelleReservations/Dates/Page_Application Hissab/input_Dpart_depart'

2019-10-20 21:34:33 - [MESSAGE][PASSED] - Text '21102019' is set on object 'Object Repository/NouvelleReservations/Dates/Page_Application Hissab/input_Dpart_depart'

2019-10-20 21:34:33 - [TEST_STEP][PASSED] - setText(findTestObject("Object Repository/NouvelleReservations/Page_Application Hissab/input_Nom complet_nomcomplet"), Nom_Client): Text 'Youssef BOUDALH' is set on object 'Object Repository/NouvelleReservations/Page_Application Hissab/input_Nom complet_nomcomplet'

2019-10-20 21:34:33 - [MESSAGE][PASSED] - Text 'Youssef BOUDALH' is set on object 'Object Repository/NouvelleReservations/Page_Application Hissab/input_Nom complet_nomcomplet'

2019-10-20 21:34:33 - [TEST_STEP][PASSED] - sendKeys(findTestObject("Object Repository/NouvelleReservations/Page_Application Hissab/input_Tlphone_phone"), Keys.chord(ENTER)): Keys 'ENTER + ' sent to object: 'Object Repository/NouvelleReservations/Page_Application Hissab/input_Tlphone_phone'

2019-10-20 21:34:33 - [MESSAGE][PASSED] - Keys 'ENTER + ' sent to object: 'Object Repository/NouvelleReservations/Page_Application Hissab/input_Tlphone_phone'

2019-10-20 21:34:33 - [TEST_STEP][PASSED] - setText(findTestObject("Object Repository/NouvelleReservations/Page_Application Hissab/input_Tlphone_phone"), Phone): Text '+2123004903403' is set on object 'Object Repository/NouvelleReservations/Page_Application Hissab/input_Tlphone_phone'

2019-10-20 21:34:33 - [MESSAGE][PASSED] - Text '+2123004903403' is set on object 'Object Repository/NouvelleReservations/Page_Application Hissab/input_Tlphone_phone'

2019-10-20 21:34:33 - [TEST_STEP][PASSED] - setText(findTestObject("Object Repository/NouvelleReservations/Page_Application Hissab/input_Prix_prix"), Prix): Text ' 600' is set on object 'Object Repository/NouvelleReservations/Page_Application Hissab/input_Prix_prix'

2019-10-20 21:34:33 - [MESSAGE][PASSED] - Text ' 600' is set on object 'Object Repository/NouvelleReservations/Page_Application Hissab/input_Prix_prix'

2019-10-20 21:34:33 - [TEST_STEP][PASSED] - selectOptionByValue(findTestObject("Object Repository/NouvelleReservations/Page_Application Hissab/select_EurosDirhams"), Devise, true): All options with value 'Euros' are selected in object 'Object Repository/NouvelleReservations/Page_Application Hissab/select_EurosDirhams'  using regular expression

2019-10-20 21:34:34 - [MESSAGE][PASSED] - All options with value 'Euros' are selected in object 'Object Repository/NouvelleReservations/Page_Application Hissab/select_EurosDirhams'  using regular expression

2019-10-20 21:34:34 - [TEST_STEP][PASSED] - selectOptionByValue(findTestObject("Object Repository/NouvelleReservations/Page_Application Hissab/select_A pay en ligneVa payer"), Mode_paiement, true): All options with value 'Va payer sur place' are selected in object 'Object Repository/NouvelleReservations/Page_Application Hissab/select_A pay en ligneVa payer'  using regular expression

2019-10-20 21:34:34 - [MESSAGE][PASSED] - All options with value 'Va payer sur place' are selected in object 'Object Repository/NouvelleReservations/Page_Application Hissab/select_A pay en ligneVa payer'  using regular expression

2019-10-20 21:34:34 - [TEST_STEP][PASSED] - selectOptionByValue(findTestObject("NouvelleReservations/Page_Application Hissab/select_nbr_adulte"), nbr_adulte, true): All options with value '2' are selected in object 'Object Repository/NouvelleReservations/Page_Application Hissab/select_nbr_adulte'  using regular expression

2019-10-20 21:34:34 - [MESSAGE][PASSED] - All options with value '2' are selected in object 'Object Repository/NouvelleReservations/Page_Application Hissab/select_nbr_adulte'  using regular expression

2019-10-20 21:34:34 - [TEST_STEP][PASSED] - selectOptionByValue(findTestObject("NouvelleReservations/Page_Application Hissab/select_nbr_enfant"), nbr_enfant, true): All options with value '0' are selected in object 'Object Repository/NouvelleReservations/Page_Application Hissab/select_nbr_enfant'  using regular expression

2019-10-20 21:34:34 - [MESSAGE][PASSED] - All options with value '0' are selected in object 'Object Repository/NouvelleReservations/Page_Application Hissab/select_nbr_enfant'  using regular expression

2019-10-20 21:34:34 - [TEST_STEP][PASSED] - setText(findTestObject("Object Repository/NouvelleReservations/Page_Application Hissab/textarea_Commentaires (faculta"), Comments): Text ' Voici mon 5em commentaire' is set on object 'Object Repository/NouvelleReservations/Page_Application Hissab/textarea_Commentaires (faculta'

2019-10-20 21:34:34 - [MESSAGE][PASSED] - Text ' Voici mon 5em commentaire' is set on object 'Object Repository/NouvelleReservations/Page_Application Hissab/textarea_Commentaires (faculta'

2019-10-20 21:34:34 - [TEST_STEP][PASSED] - scrollToElement(findTestObject("NouvelleReservations/Page_Application Hissab/button_Enregistrer"), 0): Scroll to object 'Object Repository/NouvelleReservations/Page_Application Hissab/button_Enregistrer' successfully

2019-10-20 21:34:34 - [MESSAGE][WARNING] - Timeout '0' is invalid. Using default page load timeout: '30'

2019-10-20 21:34:34 - [MESSAGE][PASSED] - Scroll to object 'Object Repository/NouvelleReservations/Page_Application Hissab/button_Enregistrer' successfully

2019-10-20 21:34:34 - [TEST_STEP][PASSED] - click(findTestObject("Object Repository/NouvelleReservations/Page_Application Hissab/button_Enregistrer")): Object: 'Object Repository/NouvelleReservations/Page_Application Hissab/button_Enregistrer' is clicked on

2019-10-20 21:34:35 - [MESSAGE][PASSED] - Object: 'Object Repository/NouvelleReservations/Page_Application Hissab/button_Enregistrer' is clicked on]]></system-out>
         <system-err><![CDATA[]]></system-err>
      </testcase>
      <testcase name="Test Cases/NewReservation" classname="Test Cases/NewReservation" status="PASSED">
         <system-out><![CDATA[2019-10-20 21:34:35 - [TEST_CASE][PASSED] - Test Cases/NewReservation: Test Cases/NewReservation

2019-10-20 21:34:35 - [TEST_STEP][PASSED] - scrollToElement(findTestObject("NouvelleReservations/Page_Application Hissab/button_Nouvelle Reservation"), 0): Scroll to object 'Object Repository/NouvelleReservations/Page_Application Hissab/button_Nouvelle Reservation' successfully

2019-10-20 21:34:35 - [MESSAGE][WARNING] - Timeout '0' is invalid. Using default page load timeout: '30'

2019-10-20 21:34:35 - [MESSAGE][PASSED] - Scroll to object 'Object Repository/NouvelleReservations/Page_Application Hissab/button_Nouvelle Reservation' successfully

2019-10-20 21:34:35 - [TEST_STEP][PASSED] - click(findTestObject("Object Repository/NouvelleReservations/Page_Application Hissab/button_Nouvelle Reservation")): Object: 'Object Repository/NouvelleReservations/Page_Application Hissab/button_Nouvelle Reservation' is clicked on

2019-10-20 21:34:35 - [MESSAGE][PASSED] - Object: 'Object Repository/NouvelleReservations/Page_Application Hissab/button_Nouvelle Reservation' is clicked on

2019-10-20 21:34:35 - [TEST_STEP][PASSED] - selectOptionByValue(findTestObject("Object Repository/NouvelleReservations/Page_Application Hissab/select_Appartement 0Appartemen"), Appartement, true): All options with value 'Appartement 5' are selected in object 'Object Repository/NouvelleReservations/Page_Application Hissab/select_Appartement 0Appartemen'  using regular expression

2019-10-20 21:34:35 - [MESSAGE][PASSED] - All options with value 'Appartement 5' are selected in object 'Object Repository/NouvelleReservations/Page_Application Hissab/select_Appartement 0Appartemen'  using regular expression

2019-10-20 21:34:35 - [TEST_STEP][PASSED] - setText(findTestObject("NouvelleReservations/Dates/Page_Application Hissab/input_Arriv_arrive"), jour_arrive): Text '20' is set on object 'Object Repository/NouvelleReservations/Dates/Page_Application Hissab/input_Arriv_arrive'

2019-10-20 21:34:36 - [MESSAGE][PASSED] - Text '20' is set on object 'Object Repository/NouvelleReservations/Dates/Page_Application Hissab/input_Arriv_arrive'

2019-10-20 21:34:36 - [TEST_STEP][PASSED] - setText(findTestObject("NouvelleReservations/Dates/Page_Application Hissab/input_Dpart_depart"), jour_depart): Text '25102019' is set on object 'Object Repository/NouvelleReservations/Dates/Page_Application Hissab/input_Dpart_depart'

2019-10-20 21:34:36 - [MESSAGE][PASSED] - Text '25102019' is set on object 'Object Repository/NouvelleReservations/Dates/Page_Application Hissab/input_Dpart_depart'

2019-10-20 21:34:36 - [TEST_STEP][PASSED] - setText(findTestObject("Object Repository/NouvelleReservations/Page_Application Hissab/input_Nom complet_nomcomplet"), Nom_Client): Text 'Yasmine BOUDALH' is set on object 'Object Repository/NouvelleReservations/Page_Application Hissab/input_Nom complet_nomcomplet'

2019-10-20 21:34:36 - [MESSAGE][PASSED] - Text 'Yasmine BOUDALH' is set on object 'Object Repository/NouvelleReservations/Page_Application Hissab/input_Nom complet_nomcomplet'

2019-10-20 21:34:36 - [TEST_STEP][PASSED] - sendKeys(findTestObject("Object Repository/NouvelleReservations/Page_Application Hissab/input_Tlphone_phone"), Keys.chord(ENTER)): Keys 'ENTER + ' sent to object: 'Object Repository/NouvelleReservations/Page_Application Hissab/input_Tlphone_phone'

2019-10-20 21:34:37 - [MESSAGE][PASSED] - Keys 'ENTER + ' sent to object: 'Object Repository/NouvelleReservations/Page_Application Hissab/input_Tlphone_phone'

2019-10-20 21:34:37 - [TEST_STEP][PASSED] - setText(findTestObject("Object Repository/NouvelleReservations/Page_Application Hissab/input_Tlphone_phone"), Phone): Text '+33699089737' is set on object 'Object Repository/NouvelleReservations/Page_Application Hissab/input_Tlphone_phone'

2019-10-20 21:34:37 - [MESSAGE][PASSED] - Text '+33699089737' is set on object 'Object Repository/NouvelleReservations/Page_Application Hissab/input_Tlphone_phone'

2019-10-20 21:34:37 - [TEST_STEP][PASSED] - setText(findTestObject("Object Repository/NouvelleReservations/Page_Application Hissab/input_Prix_prix"), Prix): Text ' 700' is set on object 'Object Repository/NouvelleReservations/Page_Application Hissab/input_Prix_prix'

2019-10-20 21:34:37 - [MESSAGE][PASSED] - Text ' 700' is set on object 'Object Repository/NouvelleReservations/Page_Application Hissab/input_Prix_prix'

2019-10-20 21:34:37 - [TEST_STEP][PASSED] - selectOptionByValue(findTestObject("Object Repository/NouvelleReservations/Page_Application Hissab/select_EurosDirhams"), Devise, true): All options with value 'Dirhams' are selected in object 'Object Repository/NouvelleReservations/Page_Application Hissab/select_EurosDirhams'  using regular expression

2019-10-20 21:34:37 - [MESSAGE][PASSED] - All options with value 'Dirhams' are selected in object 'Object Repository/NouvelleReservations/Page_Application Hissab/select_EurosDirhams'  using regular expression

2019-10-20 21:34:37 - [TEST_STEP][PASSED] - selectOptionByValue(findTestObject("Object Repository/NouvelleReservations/Page_Application Hissab/select_A pay en ligneVa payer"), Mode_paiement, true): All options with value 'A payé en ligne' are selected in object 'Object Repository/NouvelleReservations/Page_Application Hissab/select_A pay en ligneVa payer'  using regular expression

2019-10-20 21:34:37 - [MESSAGE][PASSED] - All options with value 'A payé en ligne' are selected in object 'Object Repository/NouvelleReservations/Page_Application Hissab/select_A pay en ligneVa payer'  using regular expression

2019-10-20 21:34:37 - [TEST_STEP][PASSED] - selectOptionByValue(findTestObject("NouvelleReservations/Page_Application Hissab/select_nbr_adulte"), nbr_adulte, true): All options with value '2' are selected in object 'Object Repository/NouvelleReservations/Page_Application Hissab/select_nbr_adulte'  using regular expression

2019-10-20 21:34:38 - [MESSAGE][PASSED] - All options with value '2' are selected in object 'Object Repository/NouvelleReservations/Page_Application Hissab/select_nbr_adulte'  using regular expression

2019-10-20 21:34:38 - [TEST_STEP][PASSED] - selectOptionByValue(findTestObject("NouvelleReservations/Page_Application Hissab/select_nbr_enfant"), nbr_enfant, true): All options with value '3' are selected in object 'Object Repository/NouvelleReservations/Page_Application Hissab/select_nbr_enfant'  using regular expression

2019-10-20 21:34:38 - [MESSAGE][PASSED] - All options with value '3' are selected in object 'Object Repository/NouvelleReservations/Page_Application Hissab/select_nbr_enfant'  using regular expression

2019-10-20 21:34:38 - [TEST_STEP][PASSED] - setText(findTestObject("Object Repository/NouvelleReservations/Page_Application Hissab/textarea_Commentaires (faculta"), Comments): Text ' Voici mon 6em commentaire' is set on object 'Object Repository/NouvelleReservations/Page_Application Hissab/textarea_Commentaires (faculta'

2019-10-20 21:34:38 - [MESSAGE][PASSED] - Text ' Voici mon 6em commentaire' is set on object 'Object Repository/NouvelleReservations/Page_Application Hissab/textarea_Commentaires (faculta'

2019-10-20 21:34:38 - [TEST_STEP][PASSED] - scrollToElement(findTestObject("NouvelleReservations/Page_Application Hissab/button_Enregistrer"), 0): Scroll to object 'Object Repository/NouvelleReservations/Page_Application Hissab/button_Enregistrer' successfully

2019-10-20 21:34:38 - [MESSAGE][WARNING] - Timeout '0' is invalid. Using default page load timeout: '30'

2019-10-20 21:34:38 - [MESSAGE][PASSED] - Scroll to object 'Object Repository/NouvelleReservations/Page_Application Hissab/button_Enregistrer' successfully

2019-10-20 21:34:38 - [TEST_STEP][PASSED] - click(findTestObject("Object Repository/NouvelleReservations/Page_Application Hissab/button_Enregistrer")): Object: 'Object Repository/NouvelleReservations/Page_Application Hissab/button_Enregistrer' is clicked on

2019-10-20 21:34:38 - [MESSAGE][PASSED] - Object: 'Object Repository/NouvelleReservations/Page_Application Hissab/button_Enregistrer' is clicked on]]></system-out>
         <system-err><![CDATA[]]></system-err>
      </testcase>
      <testcase name="Test Cases/CheckReservation" classname="Test Cases/CheckReservation" status="FAILED">
         <failure type="FAILED" message="Test Cases/CheckReservation FAILED.
Reason:
com.kms.katalon.core.exception.StepFailedException: Unable to verify object 'Object Repository/NouvelleReservations/ResaTag/Page_Application Hissab/div_reservation_tag' is present (Root cause: com.kms.katalon.core.exception.StepFailedException: com.kms.katalon.core.webui.exception.WebElementNotFoundException: Web element with id: 'Object Repository/NouvelleReservations/ResaTag/Page_Application Hissab/div_reservation_tag' located by 'By.xpath: //*[@id = 'Appartement 2_ Nicolas Sarkozy_2019-10-20_2019-10-25']' not found)
	at com.kms.katalon.core.keyword.internal.KeywordMain.stepFailed(KeywordMain.groovy:36)
	at com.kms.katalon.core.webui.keyword.internal.WebUIKeywordMain.stepFailed(WebUIKeywordMain.groovy:65)
	at com.kms.katalon.core.webui.keyword.internal.WebUIKeywordMain.runKeyword(WebUIKeywordMain.groovy:27)
	at com.kms.katalon.core.webui.keyword.builtin.VerifyElementPresentKeyword.verifyElementPresent(VerifyElementPresentKeyword.groovy:92)
	at com.kms.katalon.core.webui.keyword.builtin.VerifyElementPresentKeyword.execute(VerifyElementPresentKeyword.groovy:68)
	at com.kms.katalon.core.keyword.internal.KeywordExecutor.executeKeywordForPlatform(KeywordExecutor.groovy:53)
	at com.kms.katalon.core.webui.keyword.WebUiBuiltInKeywords.verifyElementPresent(WebUiBuiltInKeywords.groovy:1434)
	at com.kms.katalon.core.webui.keyword.WebUiBuiltInKeywords$verifyElementPresent$7.call(Unknown Source)
	at CheckReservation.run(CheckReservation:25)
	at com.kms.katalon.core.main.ScriptEngine.run(ScriptEngine.java:194)
	at com.kms.katalon.core.main.ScriptEngine.runScriptAsRawText(ScriptEngine.java:119)
	at com.kms.katalon.core.main.TestCaseExecutor.runScript(TestCaseExecutor.java:321)
	at com.kms.katalon.core.main.TestCaseExecutor.doExecute(TestCaseExecutor.java:312)
	at com.kms.katalon.core.main.TestCaseExecutor.processExecutionPhase(TestCaseExecutor.java:291)
	at com.kms.katalon.core.main.TestCaseExecutor.accessMainPhase(TestCaseExecutor.java:283)
	at com.kms.katalon.core.main.TestCaseExecutor.execute(TestCaseExecutor.java:222)
	at com.kms.katalon.core.main.TestSuiteExecutor.accessTestCaseMainPhase(TestSuiteExecutor.java:129)
	at com.kms.katalon.core.main.TestSuiteExecutor.accessTestSuiteMainPhase(TestSuiteExecutor.java:112)
	at com.kms.katalon.core.main.TestSuiteExecutor.execute(TestSuiteExecutor.java:81)
	at com.kms.katalon.core.main.TestCaseMain.startTestSuite(TestCaseMain.java:149)
	at com.kms.katalon.core.main.TestCaseMain$startTestSuite$0.call(Unknown Source)
	at TempTestSuite1571600047086.run(TempTestSuite1571600047086.groovy:36)
"/>
         <system-out><![CDATA[2019-10-20 21:34:38 - [TEST_CASE][FAILED] - Test Cases/CheckReservation: Test Cases/CheckReservation FAILED.
Reason:
com.kms.katalon.core.exception.StepFailedException: Unable to verify object 'Object Repository/NouvelleReservations/ResaTag/Page_Application Hissab/div_reservation_tag' is present (Root cause: com.kms.katalon.core.exception.StepFailedException: com.kms.katalon.core.webui.exception.WebElementNotFoundException: Web element with id: 'Object Repository/NouvelleReservations/ResaTag/Page_Application Hissab/div_reservation_tag' located by 'By.xpath: //*[@id = 'Appartement 2_ Nicolas Sarkozy_2019-10-20_2019-10-25']' not found)
	at com.kms.katalon.core.keyword.internal.KeywordMain.stepFailed(KeywordMain.groovy:36)
	at com.kms.katalon.core.webui.keyword.internal.WebUIKeywordMain.stepFailed(WebUIKeywordMain.groovy:65)
	at com.kms.katalon.core.webui.keyword.internal.WebUIKeywordMain.runKeyword(WebUIKeywordMain.groovy:27)
	at com.kms.katalon.core.webui.keyword.builtin.VerifyElementPresentKeyword.verifyElementPresent(VerifyElementPresentKeyword.groovy:92)
	at com.kms.katalon.core.webui.keyword.builtin.VerifyElementPresentKeyword.execute(VerifyElementPresentKeyword.groovy:68)
	at com.kms.katalon.core.keyword.internal.KeywordExecutor.executeKeywordForPlatform(KeywordExecutor.groovy:53)
	at com.kms.katalon.core.webui.keyword.WebUiBuiltInKeywords.verifyElementPresent(WebUiBuiltInKeywords.groovy:1434)
	at com.kms.katalon.core.webui.keyword.WebUiBuiltInKeywords$verifyElementPresent$7.call(Unknown Source)
	at CheckReservation.run(CheckReservation:25)
	at com.kms.katalon.core.main.ScriptEngine.run(ScriptEngine.java:194)
	at com.kms.katalon.core.main.ScriptEngine.runScriptAsRawText(ScriptEngine.java:119)
	at com.kms.katalon.core.main.TestCaseExecutor.runScript(TestCaseExecutor.java:321)
	at com.kms.katalon.core.main.TestCaseExecutor.doExecute(TestCaseExecutor.java:312)
	at com.kms.katalon.core.main.TestCaseExecutor.processExecutionPhase(TestCaseExecutor.java:291)
	at com.kms.katalon.core.main.TestCaseExecutor.accessMainPhase(TestCaseExecutor.java:283)
	at com.kms.katalon.core.main.TestCaseExecutor.execute(TestCaseExecutor.java:222)
	at com.kms.katalon.core.main.TestSuiteExecutor.accessTestCaseMainPhase(TestSuiteExecutor.java:129)
	at com.kms.katalon.core.main.TestSuiteExecutor.accessTestSuiteMainPhase(TestSuiteExecutor.java:112)
	at com.kms.katalon.core.main.TestSuiteExecutor.execute(TestSuiteExecutor.java:81)
	at com.kms.katalon.core.main.TestCaseMain.startTestSuite(TestCaseMain.java:149)
	at com.kms.katalon.core.main.TestCaseMain$startTestSuite$0.call(Unknown Source)
	at TempTestSuite1571600047086.run(TempTestSuite1571600047086.groovy:36)


2019-10-20 21:34:39 - [TEST_STEP][PASSED] - exampleId = "Appartement 2_ Nicolas Sarkozy_2019-10-20_2019-10-25": null

2019-10-20 21:34:39 - [TEST_STEP][PASSED] - verifyElementPresent(findTestObject("NouvelleReservations/Page_Application Hissab/h3_Reservations"), 0): Object 'Object Repository/NouvelleReservations/Page_Application Hissab/h3_Reservations' is present

2019-10-20 21:34:39 - [MESSAGE][WARNING] - Timeout '0' is invalid. Using default page load timeout: '30'

2019-10-20 21:34:39 - [MESSAGE][PASSED] - Object 'Object Repository/NouvelleReservations/Page_Application Hissab/h3_Reservations' is present

2019-10-20 21:34:39 - [TEST_STEP][PASSED] - scrollToElement(findTestObject("NouvelleReservations/Page_Application Hissab/h3_Reservations"), 0): Scroll to object 'Object Repository/NouvelleReservations/Page_Application Hissab/h3_Reservations' successfully

2019-10-20 21:34:39 - [MESSAGE][WARNING] - Timeout '0' is invalid. Using default page load timeout: '30'

2019-10-20 21:34:39 - [MESSAGE][PASSED] - Scroll to object 'Object Repository/NouvelleReservations/Page_Application Hissab/h3_Reservations' successfully

2019-10-20 21:34:39 - [TEST_STEP][PASSED] - click(findTestObject("NouvelleReservations/Boutons/Page_Application Hissab/button_ThisMonth")): Object: 'Object Repository/NouvelleReservations/Boutons/Page_Application Hissab/button_ThisMonth' is clicked on

2019-10-20 21:34:39 - [MESSAGE][PASSED] - Object: 'Object Repository/NouvelleReservations/Boutons/Page_Application Hissab/button_ThisMonth' is clicked on

2019-10-20 21:34:39 - [TEST_STEP][FAILED] - verifyElementPresent(findTestObject("NouvelleReservations/ResaTag/Page_Application Hissab/div_reservation_tag", ["id":exampleId]), 0): verifyElementPresent(findTestObject("NouvelleReservations/ResaTag/Page_Application Hissab/div_reservation_tag", ["id":exampleId]), 0) FAILED.
Reason:
com.kms.katalon.core.exception.StepFailedException: Unable to verify object 'Object Repository/NouvelleReservations/ResaTag/Page_Application Hissab/div_reservation_tag' is present (Root cause: com.kms.katalon.core.exception.StepFailedException: com.kms.katalon.core.webui.exception.WebElementNotFoundException: Web element with id: 'Object Repository/NouvelleReservations/ResaTag/Page_Application Hissab/div_reservation_tag' located by 'By.xpath: //*[@id = 'Appartement 2_ Nicolas Sarkozy_2019-10-20_2019-10-25']' not found)
	at com.kms.katalon.core.keyword.internal.KeywordMain.stepFailed(KeywordMain.groovy:36)
	at com.kms.katalon.core.webui.keyword.internal.WebUIKeywordMain.stepFailed(WebUIKeywordMain.groovy:65)
	at com.kms.katalon.core.webui.keyword.internal.WebUIKeywordMain.runKeyword(WebUIKeywordMain.groovy:27)
	at com.kms.katalon.core.webui.keyword.builtin.VerifyElementPresentKeyword.verifyElementPresent(VerifyElementPresentKeyword.groovy:92)
	at com.kms.katalon.core.webui.keyword.builtin.VerifyElementPresentKeyword.execute(VerifyElementPresentKeyword.groovy:68)
	at com.kms.katalon.core.keyword.internal.KeywordExecutor.executeKeywordForPlatform(KeywordExecutor.groovy:53)
	at com.kms.katalon.core.webui.keyword.WebUiBuiltInKeywords.verifyElementPresent(WebUiBuiltInKeywords.groovy:1434)
	at com.kms.katalon.core.webui.keyword.WebUiBuiltInKeywords$verifyElementPresent$7.call(Unknown Source)
	at CheckReservation.run(CheckReservation:25)
	at com.kms.katalon.core.main.ScriptEngine.run(ScriptEngine.java:194)
	at com.kms.katalon.core.main.ScriptEngine.runScriptAsRawText(ScriptEngine.java:119)
	at com.kms.katalon.core.main.TestCaseExecutor.runScript(TestCaseExecutor.java:321)
	at com.kms.katalon.core.main.TestCaseExecutor.doExecute(TestCaseExecutor.java:312)
	at com.kms.katalon.core.main.TestCaseExecutor.processExecutionPhase(TestCaseExecutor.java:291)
	at com.kms.katalon.core.main.TestCaseExecutor.accessMainPhase(TestCaseExecutor.java:283)
	at com.kms.katalon.core.main.TestCaseExecutor.execute(TestCaseExecutor.java:222)
	at com.kms.katalon.core.main.TestSuiteExecutor.accessTestCaseMainPhase(TestSuiteExecutor.java:129)
	at com.kms.katalon.core.main.TestSuiteExecutor.accessTestSuiteMainPhase(TestSuiteExecutor.java:112)
	at com.kms.katalon.core.main.TestSuiteExecutor.execute(TestSuiteExecutor.java:81)
	at com.kms.katalon.core.main.TestCaseMain.startTestSuite(TestCaseMain.java:149)
	at com.kms.katalon.core.main.TestCaseMain$startTestSuite$0.call(Unknown Source)
	at TempTestSuite1571600047086.run(TempTestSuite1571600047086.groovy:36)


2019-10-20 21:34:39 - [MESSAGE][WARNING] - Timeout '0' is invalid. Using default page load timeout: '30'

2019-10-20 21:35:10 - [MESSAGE][INFO] - Unable to find the element located by 'By.xpath: //*[@id = 'Appartement 2_ Nicolas Sarkozy_2019-10-20_2019-10-25']'. Please recheck the objects properties to make sure the desired element is located. 

2019-10-20 21:35:10 - [MESSAGE][FAILED] - com.kms.katalon.core.webui.exception.WebElementNotFoundException: Web element with id: 'Object Repository/NouvelleReservations/ResaTag/Page_Application Hissab/div_reservation_tag' located by 'By.xpath: //*[@id = 'Appartement 2_ Nicolas Sarkozy_2019-10-20_2019-10-25']' not found
[[ATTACHMENT|D:\\data\\ws-hissab-katalon\\hissab_katalon\\Reports\\Reservations\\NouvelleReservation\\20191020_213402\\1571600110527.png]]

2019-10-20 21:35:11 - [MESSAGE][FAILED] - Unable to verify object 'Object Repository/NouvelleReservations/ResaTag/Page_Application Hissab/div_reservation_tag' is present (Root cause: com.kms.katalon.core.exception.StepFailedException: com.kms.katalon.core.webui.exception.WebElementNotFoundException: Web element with id: 'Object Repository/NouvelleReservations/ResaTag/Page_Application Hissab/div_reservation_tag' located by 'By.xpath: //*[@id = 'Appartement 2_ Nicolas Sarkozy_2019-10-20_2019-10-25']' not found)
[[ATTACHMENT|D:\\data\\ws-hissab-katalon\\hissab_katalon\\Reports\\Reservations\\NouvelleReservation\\20191020_213402\\1571600110893.png]]

2019-10-20 21:35:11 - [MESSAGE][FAILED] - verifyElementPresent(findTestObject("NouvelleReservations/ResaTag/Page_Application Hissab/div_reservation_tag", ["id":exampleId]), 0) FAILED.
Reason:
com.kms.katalon.core.exception.StepFailedException: Unable to verify object 'Object Repository/NouvelleReservations/ResaTag/Page_Application Hissab/div_reservation_tag' is present (Root cause: com.kms.katalon.core.exception.StepFailedException: com.kms.katalon.core.webui.exception.WebElementNotFoundException: Web element with id: 'Object Repository/NouvelleReservations/ResaTag/Page_Application Hissab/div_reservation_tag' located by 'By.xpath: //*[@id = 'Appartement 2_ Nicolas Sarkozy_2019-10-20_2019-10-25']' not found)
	at com.kms.katalon.core.keyword.internal.KeywordMain.stepFailed(KeywordMain.groovy:36)
	at com.kms.katalon.core.webui.keyword.internal.WebUIKeywordMain.stepFailed(WebUIKeywordMain.groovy:65)
	at com.kms.katalon.core.webui.keyword.internal.WebUIKeywordMain.runKeyword(WebUIKeywordMain.groovy:27)
	at com.kms.katalon.core.webui.keyword.builtin.VerifyElementPresentKeyword.verifyElementPresent(VerifyElementPresentKeyword.groovy:92)
	at com.kms.katalon.core.webui.keyword.builtin.VerifyElementPresentKeyword.execute(VerifyElementPresentKeyword.groovy:68)
	at com.kms.katalon.core.keyword.internal.KeywordExecutor.executeKeywordForPlatform(KeywordExecutor.groovy:53)
	at com.kms.katalon.core.webui.keyword.WebUiBuiltInKeywords.verifyElementPresent(WebUiBuiltInKeywords.groovy:1434)
	at com.kms.katalon.core.webui.keyword.WebUiBuiltInKeywords$verifyElementPresent$7.call(Unknown Source)
	at CheckReservation.run(CheckReservation:25)
	at com.kms.katalon.core.main.ScriptEngine.run(ScriptEngine.java:194)
	at com.kms.katalon.core.main.ScriptEngine.runScriptAsRawText(ScriptEngine.java:119)
	at com.kms.katalon.core.main.TestCaseExecutor.runScript(TestCaseExecutor.java:321)
	at com.kms.katalon.core.main.TestCaseExecutor.doExecute(TestCaseExecutor.java:312)
	at com.kms.katalon.core.main.TestCaseExecutor.processExecutionPhase(TestCaseExecutor.java:291)
	at com.kms.katalon.core.main.TestCaseExecutor.accessMainPhase(TestCaseExecutor.java:283)
	at com.kms.katalon.core.main.TestCaseExecutor.execute(TestCaseExecutor.java:222)
	at com.kms.katalon.core.main.TestSuiteExecutor.accessTestCaseMainPhase(TestSuiteExecutor.java:129)
	at com.kms.katalon.core.main.TestSuiteExecutor.accessTestSuiteMainPhase(TestSuiteExecutor.java:112)
	at com.kms.katalon.core.main.TestSuiteExecutor.execute(TestSuiteExecutor.java:81)
	at com.kms.katalon.core.main.TestCaseMain.startTestSuite(TestCaseMain.java:149)
	at com.kms.katalon.core.main.TestCaseMain$startTestSuite$0.call(Unknown Source)
	at TempTestSuite1571600047086.run(TempTestSuite1571600047086.groovy:36)]]></system-out>
         <system-err><![CDATA[2019-10-20 21:34:38 - [TEST_CASE][FAILED] - Test Cases/CheckReservation: Test Cases/CheckReservation FAILED.
Reason:
com.kms.katalon.core.exception.StepFailedException: Unable to verify object 'Object Repository/NouvelleReservations/ResaTag/Page_Application Hissab/div_reservation_tag' is present (Root cause: com.kms.katalon.core.exception.StepFailedException: com.kms.katalon.core.webui.exception.WebElementNotFoundException: Web element with id: 'Object Repository/NouvelleReservations/ResaTag/Page_Application Hissab/div_reservation_tag' located by 'By.xpath: //*[@id = 'Appartement 2_ Nicolas Sarkozy_2019-10-20_2019-10-25']' not found)
	at com.kms.katalon.core.keyword.internal.KeywordMain.stepFailed(KeywordMain.groovy:36)
	at com.kms.katalon.core.webui.keyword.internal.WebUIKeywordMain.stepFailed(WebUIKeywordMain.groovy:65)
	at com.kms.katalon.core.webui.keyword.internal.WebUIKeywordMain.runKeyword(WebUIKeywordMain.groovy:27)
	at com.kms.katalon.core.webui.keyword.builtin.VerifyElementPresentKeyword.verifyElementPresent(VerifyElementPresentKeyword.groovy:92)
	at com.kms.katalon.core.webui.keyword.builtin.VerifyElementPresentKeyword.execute(VerifyElementPresentKeyword.groovy:68)
	at com.kms.katalon.core.keyword.internal.KeywordExecutor.executeKeywordForPlatform(KeywordExecutor.groovy:53)
	at com.kms.katalon.core.webui.keyword.WebUiBuiltInKeywords.verifyElementPresent(WebUiBuiltInKeywords.groovy:1434)
	at com.kms.katalon.core.webui.keyword.WebUiBuiltInKeywords$verifyElementPresent$7.call(Unknown Source)
	at CheckReservation.run(CheckReservation:25)
	at com.kms.katalon.core.main.ScriptEngine.run(ScriptEngine.java:194)
	at com.kms.katalon.core.main.ScriptEngine.runScriptAsRawText(ScriptEngine.java:119)
	at com.kms.katalon.core.main.TestCaseExecutor.runScript(TestCaseExecutor.java:321)
	at com.kms.katalon.core.main.TestCaseExecutor.doExecute(TestCaseExecutor.java:312)
	at com.kms.katalon.core.main.TestCaseExecutor.processExecutionPhase(TestCaseExecutor.java:291)
	at com.kms.katalon.core.main.TestCaseExecutor.accessMainPhase(TestCaseExecutor.java:283)
	at com.kms.katalon.core.main.TestCaseExecutor.execute(TestCaseExecutor.java:222)
	at com.kms.katalon.core.main.TestSuiteExecutor.accessTestCaseMainPhase(TestSuiteExecutor.java:129)
	at com.kms.katalon.core.main.TestSuiteExecutor.accessTestSuiteMainPhase(TestSuiteExecutor.java:112)
	at com.kms.katalon.core.main.TestSuiteExecutor.execute(TestSuiteExecutor.java:81)
	at com.kms.katalon.core.main.TestCaseMain.startTestSuite(TestCaseMain.java:149)
	at com.kms.katalon.core.main.TestCaseMain$startTestSuite$0.call(Unknown Source)
	at TempTestSuite1571600047086.run(TempTestSuite1571600047086.groovy:36)]]></system-err>
      </testcase>
      <testcase name="Test Cases/CheckReservation" classname="Test Cases/CheckReservation" status="FAILED">
         <failure type="FAILED" message="Test Cases/CheckReservation FAILED.
Reason:
com.kms.katalon.core.exception.StepFailedException: Unable to verify object 'Object Repository/NouvelleReservations/ResaTag/Page_Application Hissab/div_reservation_tag' is present (Root cause: com.kms.katalon.core.exception.StepFailedException: com.kms.katalon.core.webui.exception.WebElementNotFoundException: Web element with id: 'Object Repository/NouvelleReservations/ResaTag/Page_Application Hissab/div_reservation_tag' located by 'By.xpath: //*[@id = 'Appartement 2_ Nicolas Sarkozy_2019-10-20_2019-10-25']' not found)
	at com.kms.katalon.core.keyword.internal.KeywordMain.stepFailed(KeywordMain.groovy:36)
	at com.kms.katalon.core.webui.keyword.internal.WebUIKeywordMain.stepFailed(WebUIKeywordMain.groovy:65)
	at com.kms.katalon.core.webui.keyword.internal.WebUIKeywordMain.runKeyword(WebUIKeywordMain.groovy:27)
	at com.kms.katalon.core.webui.keyword.builtin.VerifyElementPresentKeyword.verifyElementPresent(VerifyElementPresentKeyword.groovy:92)
	at com.kms.katalon.core.webui.keyword.builtin.VerifyElementPresentKeyword.execute(VerifyElementPresentKeyword.groovy:68)
	at com.kms.katalon.core.keyword.internal.KeywordExecutor.executeKeywordForPlatform(KeywordExecutor.groovy:53)
	at com.kms.katalon.core.webui.keyword.WebUiBuiltInKeywords.verifyElementPresent(WebUiBuiltInKeywords.groovy:1434)
	at com.kms.katalon.core.webui.keyword.WebUiBuiltInKeywords$verifyElementPresent$7.call(Unknown Source)
	at CheckReservation.run(CheckReservation:25)
	at com.kms.katalon.core.main.ScriptEngine.run(ScriptEngine.java:194)
	at com.kms.katalon.core.main.ScriptEngine.runScriptAsRawText(ScriptEngine.java:119)
	at com.kms.katalon.core.main.TestCaseExecutor.runScript(TestCaseExecutor.java:321)
	at com.kms.katalon.core.main.TestCaseExecutor.doExecute(TestCaseExecutor.java:312)
	at com.kms.katalon.core.main.TestCaseExecutor.processExecutionPhase(TestCaseExecutor.java:291)
	at com.kms.katalon.core.main.TestCaseExecutor.accessMainPhase(TestCaseExecutor.java:283)
	at com.kms.katalon.core.main.TestCaseExecutor.execute(TestCaseExecutor.java:222)
	at com.kms.katalon.core.main.TestSuiteExecutor.accessTestCaseMainPhase(TestSuiteExecutor.java:129)
	at com.kms.katalon.core.main.TestSuiteExecutor.accessTestSuiteMainPhase(TestSuiteExecutor.java:112)
	at com.kms.katalon.core.main.TestSuiteExecutor.execute(TestSuiteExecutor.java:81)
	at com.kms.katalon.core.main.TestCaseMain.startTestSuite(TestCaseMain.java:149)
	at com.kms.katalon.core.main.TestCaseMain$startTestSuite$0.call(Unknown Source)
	at TempTestSuite1571600047086.run(TempTestSuite1571600047086.groovy:36)
"/>
         <system-out><![CDATA[2019-10-20 21:35:11 - [TEST_CASE][FAILED] - Test Cases/CheckReservation: Test Cases/CheckReservation FAILED.
Reason:
com.kms.katalon.core.exception.StepFailedException: Unable to verify object 'Object Repository/NouvelleReservations/ResaTag/Page_Application Hissab/div_reservation_tag' is present (Root cause: com.kms.katalon.core.exception.StepFailedException: com.kms.katalon.core.webui.exception.WebElementNotFoundException: Web element with id: 'Object Repository/NouvelleReservations/ResaTag/Page_Application Hissab/div_reservation_tag' located by 'By.xpath: //*[@id = 'Appartement 2_ Nicolas Sarkozy_2019-10-20_2019-10-25']' not found)
	at com.kms.katalon.core.keyword.internal.KeywordMain.stepFailed(KeywordMain.groovy:36)
	at com.kms.katalon.core.webui.keyword.internal.WebUIKeywordMain.stepFailed(WebUIKeywordMain.groovy:65)
	at com.kms.katalon.core.webui.keyword.internal.WebUIKeywordMain.runKeyword(WebUIKeywordMain.groovy:27)
	at com.kms.katalon.core.webui.keyword.builtin.VerifyElementPresentKeyword.verifyElementPresent(VerifyElementPresentKeyword.groovy:92)
	at com.kms.katalon.core.webui.keyword.builtin.VerifyElementPresentKeyword.execute(VerifyElementPresentKeyword.groovy:68)
	at com.kms.katalon.core.keyword.internal.KeywordExecutor.executeKeywordForPlatform(KeywordExecutor.groovy:53)
	at com.kms.katalon.core.webui.keyword.WebUiBuiltInKeywords.verifyElementPresent(WebUiBuiltInKeywords.groovy:1434)
	at com.kms.katalon.core.webui.keyword.WebUiBuiltInKeywords$verifyElementPresent$7.call(Unknown Source)
	at CheckReservation.run(CheckReservation:25)
	at com.kms.katalon.core.main.ScriptEngine.run(ScriptEngine.java:194)
	at com.kms.katalon.core.main.ScriptEngine.runScriptAsRawText(ScriptEngine.java:119)
	at com.kms.katalon.core.main.TestCaseExecutor.runScript(TestCaseExecutor.java:321)
	at com.kms.katalon.core.main.TestCaseExecutor.doExecute(TestCaseExecutor.java:312)
	at com.kms.katalon.core.main.TestCaseExecutor.processExecutionPhase(TestCaseExecutor.java:291)
	at com.kms.katalon.core.main.TestCaseExecutor.accessMainPhase(TestCaseExecutor.java:283)
	at com.kms.katalon.core.main.TestCaseExecutor.execute(TestCaseExecutor.java:222)
	at com.kms.katalon.core.main.TestSuiteExecutor.accessTestCaseMainPhase(TestSuiteExecutor.java:129)
	at com.kms.katalon.core.main.TestSuiteExecutor.accessTestSuiteMainPhase(TestSuiteExecutor.java:112)
	at com.kms.katalon.core.main.TestSuiteExecutor.execute(TestSuiteExecutor.java:81)
	at com.kms.katalon.core.main.TestCaseMain.startTestSuite(TestCaseMain.java:149)
	at com.kms.katalon.core.main.TestCaseMain$startTestSuite$0.call(Unknown Source)
	at TempTestSuite1571600047086.run(TempTestSuite1571600047086.groovy:36)


2019-10-20 21:35:11 - [TEST_STEP][PASSED] - exampleId = "Appartement 2_ Nicolas Sarkozy_2019-10-20_2019-10-25": null

2019-10-20 21:35:11 - [TEST_STEP][PASSED] - verifyElementPresent(findTestObject("NouvelleReservations/Page_Application Hissab/h3_Reservations"), 0): Object 'Object Repository/NouvelleReservations/Page_Application Hissab/h3_Reservations' is present

2019-10-20 21:35:11 - [MESSAGE][WARNING] - Timeout '0' is invalid. Using default page load timeout: '30'

2019-10-20 21:35:11 - [MESSAGE][PASSED] - Object 'Object Repository/NouvelleReservations/Page_Application Hissab/h3_Reservations' is present

2019-10-20 21:35:11 - [TEST_STEP][PASSED] - scrollToElement(findTestObject("NouvelleReservations/Page_Application Hissab/h3_Reservations"), 0): Scroll to object 'Object Repository/NouvelleReservations/Page_Application Hissab/h3_Reservations' successfully

2019-10-20 21:35:11 - [MESSAGE][WARNING] - Timeout '0' is invalid. Using default page load timeout: '30'

2019-10-20 21:35:11 - [MESSAGE][PASSED] - Scroll to object 'Object Repository/NouvelleReservations/Page_Application Hissab/h3_Reservations' successfully

2019-10-20 21:35:11 - [TEST_STEP][PASSED] - click(findTestObject("NouvelleReservations/Boutons/Page_Application Hissab/button_ThisMonth")): Object: 'Object Repository/NouvelleReservations/Boutons/Page_Application Hissab/button_ThisMonth' is clicked on

2019-10-20 21:35:11 - [MESSAGE][PASSED] - Object: 'Object Repository/NouvelleReservations/Boutons/Page_Application Hissab/button_ThisMonth' is clicked on

2019-10-20 21:35:11 - [TEST_STEP][FAILED] - verifyElementPresent(findTestObject("NouvelleReservations/ResaTag/Page_Application Hissab/div_reservation_tag", ["id":exampleId]), 0): verifyElementPresent(findTestObject("NouvelleReservations/ResaTag/Page_Application Hissab/div_reservation_tag", ["id":exampleId]), 0) FAILED.
Reason:
com.kms.katalon.core.exception.StepFailedException: Unable to verify object 'Object Repository/NouvelleReservations/ResaTag/Page_Application Hissab/div_reservation_tag' is present (Root cause: com.kms.katalon.core.exception.StepFailedException: com.kms.katalon.core.webui.exception.WebElementNotFoundException: Web element with id: 'Object Repository/NouvelleReservations/ResaTag/Page_Application Hissab/div_reservation_tag' located by 'By.xpath: //*[@id = 'Appartement 2_ Nicolas Sarkozy_2019-10-20_2019-10-25']' not found)
	at com.kms.katalon.core.keyword.internal.KeywordMain.stepFailed(KeywordMain.groovy:36)
	at com.kms.katalon.core.webui.keyword.internal.WebUIKeywordMain.stepFailed(WebUIKeywordMain.groovy:65)
	at com.kms.katalon.core.webui.keyword.internal.WebUIKeywordMain.runKeyword(WebUIKeywordMain.groovy:27)
	at com.kms.katalon.core.webui.keyword.builtin.VerifyElementPresentKeyword.verifyElementPresent(VerifyElementPresentKeyword.groovy:92)
	at com.kms.katalon.core.webui.keyword.builtin.VerifyElementPresentKeyword.execute(VerifyElementPresentKeyword.groovy:68)
	at com.kms.katalon.core.keyword.internal.KeywordExecutor.executeKeywordForPlatform(KeywordExecutor.groovy:53)
	at com.kms.katalon.core.webui.keyword.WebUiBuiltInKeywords.verifyElementPresent(WebUiBuiltInKeywords.groovy:1434)
	at com.kms.katalon.core.webui.keyword.WebUiBuiltInKeywords$verifyElementPresent$7.call(Unknown Source)
	at CheckReservation.run(CheckReservation:25)
	at com.kms.katalon.core.main.ScriptEngine.run(ScriptEngine.java:194)
	at com.kms.katalon.core.main.ScriptEngine.runScriptAsRawText(ScriptEngine.java:119)
	at com.kms.katalon.core.main.TestCaseExecutor.runScript(TestCaseExecutor.java:321)
	at com.kms.katalon.core.main.TestCaseExecutor.doExecute(TestCaseExecutor.java:312)
	at com.kms.katalon.core.main.TestCaseExecutor.processExecutionPhase(TestCaseExecutor.java:291)
	at com.kms.katalon.core.main.TestCaseExecutor.accessMainPhase(TestCaseExecutor.java:283)
	at com.kms.katalon.core.main.TestCaseExecutor.execute(TestCaseExecutor.java:222)
	at com.kms.katalon.core.main.TestSuiteExecutor.accessTestCaseMainPhase(TestSuiteExecutor.java:129)
	at com.kms.katalon.core.main.TestSuiteExecutor.accessTestSuiteMainPhase(TestSuiteExecutor.java:112)
	at com.kms.katalon.core.main.TestSuiteExecutor.execute(TestSuiteExecutor.java:81)
	at com.kms.katalon.core.main.TestCaseMain.startTestSuite(TestCaseMain.java:149)
	at com.kms.katalon.core.main.TestCaseMain$startTestSuite$0.call(Unknown Source)
	at TempTestSuite1571600047086.run(TempTestSuite1571600047086.groovy:36)


2019-10-20 21:35:11 - [MESSAGE][WARNING] - Timeout '0' is invalid. Using default page load timeout: '30'

2019-10-20 21:35:42 - [MESSAGE][INFO] - Unable to find the element located by 'By.xpath: //*[@id = 'Appartement 2_ Nicolas Sarkozy_2019-10-20_2019-10-25']'. Please recheck the objects properties to make sure the desired element is located. 

2019-10-20 21:35:42 - [MESSAGE][FAILED] - com.kms.katalon.core.webui.exception.WebElementNotFoundException: Web element with id: 'Object Repository/NouvelleReservations/ResaTag/Page_Application Hissab/div_reservation_tag' located by 'By.xpath: //*[@id = 'Appartement 2_ Nicolas Sarkozy_2019-10-20_2019-10-25']' not found
[[ATTACHMENT|D:\\data\\ws-hissab-katalon\\hissab_katalon\\Reports\\Reservations\\NouvelleReservation\\20191020_213402\\1571600142594.png]]

2019-10-20 21:35:43 - [MESSAGE][FAILED] - Unable to verify object 'Object Repository/NouvelleReservations/ResaTag/Page_Application Hissab/div_reservation_tag' is present (Root cause: com.kms.katalon.core.exception.StepFailedException: com.kms.katalon.core.webui.exception.WebElementNotFoundException: Web element with id: 'Object Repository/NouvelleReservations/ResaTag/Page_Application Hissab/div_reservation_tag' located by 'By.xpath: //*[@id = 'Appartement 2_ Nicolas Sarkozy_2019-10-20_2019-10-25']' not found)
[[ATTACHMENT|D:\\data\\ws-hissab-katalon\\hissab_katalon\\Reports\\Reservations\\NouvelleReservation\\20191020_213402\\1571600142939.png]]

2019-10-20 21:35:43 - [MESSAGE][FAILED] - verifyElementPresent(findTestObject("NouvelleReservations/ResaTag/Page_Application Hissab/div_reservation_tag", ["id":exampleId]), 0) FAILED.
Reason:
com.kms.katalon.core.exception.StepFailedException: Unable to verify object 'Object Repository/NouvelleReservations/ResaTag/Page_Application Hissab/div_reservation_tag' is present (Root cause: com.kms.katalon.core.exception.StepFailedException: com.kms.katalon.core.webui.exception.WebElementNotFoundException: Web element with id: 'Object Repository/NouvelleReservations/ResaTag/Page_Application Hissab/div_reservation_tag' located by 'By.xpath: //*[@id = 'Appartement 2_ Nicolas Sarkozy_2019-10-20_2019-10-25']' not found)
	at com.kms.katalon.core.keyword.internal.KeywordMain.stepFailed(KeywordMain.groovy:36)
	at com.kms.katalon.core.webui.keyword.internal.WebUIKeywordMain.stepFailed(WebUIKeywordMain.groovy:65)
	at com.kms.katalon.core.webui.keyword.internal.WebUIKeywordMain.runKeyword(WebUIKeywordMain.groovy:27)
	at com.kms.katalon.core.webui.keyword.builtin.VerifyElementPresentKeyword.verifyElementPresent(VerifyElementPresentKeyword.groovy:92)
	at com.kms.katalon.core.webui.keyword.builtin.VerifyElementPresentKeyword.execute(VerifyElementPresentKeyword.groovy:68)
	at com.kms.katalon.core.keyword.internal.KeywordExecutor.executeKeywordForPlatform(KeywordExecutor.groovy:53)
	at com.kms.katalon.core.webui.keyword.WebUiBuiltInKeywords.verifyElementPresent(WebUiBuiltInKeywords.groovy:1434)
	at com.kms.katalon.core.webui.keyword.WebUiBuiltInKeywords$verifyElementPresent$7.call(Unknown Source)
	at CheckReservation.run(CheckReservation:25)
	at com.kms.katalon.core.main.ScriptEngine.run(ScriptEngine.java:194)
	at com.kms.katalon.core.main.ScriptEngine.runScriptAsRawText(ScriptEngine.java:119)
	at com.kms.katalon.core.main.TestCaseExecutor.runScript(TestCaseExecutor.java:321)
	at com.kms.katalon.core.main.TestCaseExecutor.doExecute(TestCaseExecutor.java:312)
	at com.kms.katalon.core.main.TestCaseExecutor.processExecutionPhase(TestCaseExecutor.java:291)
	at com.kms.katalon.core.main.TestCaseExecutor.accessMainPhase(TestCaseExecutor.java:283)
	at com.kms.katalon.core.main.TestCaseExecutor.execute(TestCaseExecutor.java:222)
	at com.kms.katalon.core.main.TestSuiteExecutor.accessTestCaseMainPhase(TestSuiteExecutor.java:129)
	at com.kms.katalon.core.main.TestSuiteExecutor.accessTestSuiteMainPhase(TestSuiteExecutor.java:112)
	at com.kms.katalon.core.main.TestSuiteExecutor.execute(TestSuiteExecutor.java:81)
	at com.kms.katalon.core.main.TestCaseMain.startTestSuite(TestCaseMain.java:149)
	at com.kms.katalon.core.main.TestCaseMain$startTestSuite$0.call(Unknown Source)
	at TempTestSuite1571600047086.run(TempTestSuite1571600047086.groovy:36)]]></system-out>
         <system-err><![CDATA[2019-10-20 21:35:11 - [TEST_CASE][FAILED] - Test Cases/CheckReservation: Test Cases/CheckReservation FAILED.
Reason:
com.kms.katalon.core.exception.StepFailedException: Unable to verify object 'Object Repository/NouvelleReservations/ResaTag/Page_Application Hissab/div_reservation_tag' is present (Root cause: com.kms.katalon.core.exception.StepFailedException: com.kms.katalon.core.webui.exception.WebElementNotFoundException: Web element with id: 'Object Repository/NouvelleReservations/ResaTag/Page_Application Hissab/div_reservation_tag' located by 'By.xpath: //*[@id = 'Appartement 2_ Nicolas Sarkozy_2019-10-20_2019-10-25']' not found)
	at com.kms.katalon.core.keyword.internal.KeywordMain.stepFailed(KeywordMain.groovy:36)
	at com.kms.katalon.core.webui.keyword.internal.WebUIKeywordMain.stepFailed(WebUIKeywordMain.groovy:65)
	at com.kms.katalon.core.webui.keyword.internal.WebUIKeywordMain.runKeyword(WebUIKeywordMain.groovy:27)
	at com.kms.katalon.core.webui.keyword.builtin.VerifyElementPresentKeyword.verifyElementPresent(VerifyElementPresentKeyword.groovy:92)
	at com.kms.katalon.core.webui.keyword.builtin.VerifyElementPresentKeyword.execute(VerifyElementPresentKeyword.groovy:68)
	at com.kms.katalon.core.keyword.internal.KeywordExecutor.executeKeywordForPlatform(KeywordExecutor.groovy:53)
	at com.kms.katalon.core.webui.keyword.WebUiBuiltInKeywords.verifyElementPresent(WebUiBuiltInKeywords.groovy:1434)
	at com.kms.katalon.core.webui.keyword.WebUiBuiltInKeywords$verifyElementPresent$7.call(Unknown Source)
	at CheckReservation.run(CheckReservation:25)
	at com.kms.katalon.core.main.ScriptEngine.run(ScriptEngine.java:194)
	at com.kms.katalon.core.main.ScriptEngine.runScriptAsRawText(ScriptEngine.java:119)
	at com.kms.katalon.core.main.TestCaseExecutor.runScript(TestCaseExecutor.java:321)
	at com.kms.katalon.core.main.TestCaseExecutor.doExecute(TestCaseExecutor.java:312)
	at com.kms.katalon.core.main.TestCaseExecutor.processExecutionPhase(TestCaseExecutor.java:291)
	at com.kms.katalon.core.main.TestCaseExecutor.accessMainPhase(TestCaseExecutor.java:283)
	at com.kms.katalon.core.main.TestCaseExecutor.execute(TestCaseExecutor.java:222)
	at com.kms.katalon.core.main.TestSuiteExecutor.accessTestCaseMainPhase(TestSuiteExecutor.java:129)
	at com.kms.katalon.core.main.TestSuiteExecutor.accessTestSuiteMainPhase(TestSuiteExecutor.java:112)
	at com.kms.katalon.core.main.TestSuiteExecutor.execute(TestSuiteExecutor.java:81)
	at com.kms.katalon.core.main.TestCaseMain.startTestSuite(TestCaseMain.java:149)
	at com.kms.katalon.core.main.TestCaseMain$startTestSuite$0.call(Unknown Source)
	at TempTestSuite1571600047086.run(TempTestSuite1571600047086.groovy:36)]]></system-err>
      </testcase>
      <testcase name="Test Cases/CheckReservation" classname="Test Cases/CheckReservation" status="FAILED">
         <failure type="FAILED" message="Test Cases/CheckReservation FAILED.
Reason:
com.kms.katalon.core.exception.StepFailedException: Unable to verify object 'Object Repository/NouvelleReservations/ResaTag/Page_Application Hissab/div_reservation_tag' is present (Root cause: com.kms.katalon.core.exception.StepFailedException: com.kms.katalon.core.webui.exception.WebElementNotFoundException: Web element with id: 'Object Repository/NouvelleReservations/ResaTag/Page_Application Hissab/div_reservation_tag' located by 'By.xpath: //*[@id = 'Appartement 2_ Nicolas Sarkozy_2019-10-20_2019-10-25']' not found)
	at com.kms.katalon.core.keyword.internal.KeywordMain.stepFailed(KeywordMain.groovy:36)
	at com.kms.katalon.core.webui.keyword.internal.WebUIKeywordMain.stepFailed(WebUIKeywordMain.groovy:65)
	at com.kms.katalon.core.webui.keyword.internal.WebUIKeywordMain.runKeyword(WebUIKeywordMain.groovy:27)
	at com.kms.katalon.core.webui.keyword.builtin.VerifyElementPresentKeyword.verifyElementPresent(VerifyElementPresentKeyword.groovy:92)
	at com.kms.katalon.core.webui.keyword.builtin.VerifyElementPresentKeyword.execute(VerifyElementPresentKeyword.groovy:68)
	at com.kms.katalon.core.keyword.internal.KeywordExecutor.executeKeywordForPlatform(KeywordExecutor.groovy:53)
	at com.kms.katalon.core.webui.keyword.WebUiBuiltInKeywords.verifyElementPresent(WebUiBuiltInKeywords.groovy:1434)
	at com.kms.katalon.core.webui.keyword.WebUiBuiltInKeywords$verifyElementPresent$7.call(Unknown Source)
	at CheckReservation.run(CheckReservation:25)
	at com.kms.katalon.core.main.ScriptEngine.run(ScriptEngine.java:194)
	at com.kms.katalon.core.main.ScriptEngine.runScriptAsRawText(ScriptEngine.java:119)
	at com.kms.katalon.core.main.TestCaseExecutor.runScript(TestCaseExecutor.java:321)
	at com.kms.katalon.core.main.TestCaseExecutor.doExecute(TestCaseExecutor.java:312)
	at com.kms.katalon.core.main.TestCaseExecutor.processExecutionPhase(TestCaseExecutor.java:291)
	at com.kms.katalon.core.main.TestCaseExecutor.accessMainPhase(TestCaseExecutor.java:283)
	at com.kms.katalon.core.main.TestCaseExecutor.execute(TestCaseExecutor.java:222)
	at com.kms.katalon.core.main.TestSuiteExecutor.accessTestCaseMainPhase(TestSuiteExecutor.java:129)
	at com.kms.katalon.core.main.TestSuiteExecutor.accessTestSuiteMainPhase(TestSuiteExecutor.java:112)
	at com.kms.katalon.core.main.TestSuiteExecutor.execute(TestSuiteExecutor.java:81)
	at com.kms.katalon.core.main.TestCaseMain.startTestSuite(TestCaseMain.java:149)
	at com.kms.katalon.core.main.TestCaseMain$startTestSuite$0.call(Unknown Source)
	at TempTestSuite1571600047086.run(TempTestSuite1571600047086.groovy:36)
"/>
         <system-out><![CDATA[2019-10-20 21:35:43 - [TEST_CASE][FAILED] - Test Cases/CheckReservation: Test Cases/CheckReservation FAILED.
Reason:
com.kms.katalon.core.exception.StepFailedException: Unable to verify object 'Object Repository/NouvelleReservations/ResaTag/Page_Application Hissab/div_reservation_tag' is present (Root cause: com.kms.katalon.core.exception.StepFailedException: com.kms.katalon.core.webui.exception.WebElementNotFoundException: Web element with id: 'Object Repository/NouvelleReservations/ResaTag/Page_Application Hissab/div_reservation_tag' located by 'By.xpath: //*[@id = 'Appartement 2_ Nicolas Sarkozy_2019-10-20_2019-10-25']' not found)
	at com.kms.katalon.core.keyword.internal.KeywordMain.stepFailed(KeywordMain.groovy:36)
	at com.kms.katalon.core.webui.keyword.internal.WebUIKeywordMain.stepFailed(WebUIKeywordMain.groovy:65)
	at com.kms.katalon.core.webui.keyword.internal.WebUIKeywordMain.runKeyword(WebUIKeywordMain.groovy:27)
	at com.kms.katalon.core.webui.keyword.builtin.VerifyElementPresentKeyword.verifyElementPresent(VerifyElementPresentKeyword.groovy:92)
	at com.kms.katalon.core.webui.keyword.builtin.VerifyElementPresentKeyword.execute(VerifyElementPresentKeyword.groovy:68)
	at com.kms.katalon.core.keyword.internal.KeywordExecutor.executeKeywordForPlatform(KeywordExecutor.groovy:53)
	at com.kms.katalon.core.webui.keyword.WebUiBuiltInKeywords.verifyElementPresent(WebUiBuiltInKeywords.groovy:1434)
	at com.kms.katalon.core.webui.keyword.WebUiBuiltInKeywords$verifyElementPresent$7.call(Unknown Source)
	at CheckReservation.run(CheckReservation:25)
	at com.kms.katalon.core.main.ScriptEngine.run(ScriptEngine.java:194)
	at com.kms.katalon.core.main.ScriptEngine.runScriptAsRawText(ScriptEngine.java:119)
	at com.kms.katalon.core.main.TestCaseExecutor.runScript(TestCaseExecutor.java:321)
	at com.kms.katalon.core.main.TestCaseExecutor.doExecute(TestCaseExecutor.java:312)
	at com.kms.katalon.core.main.TestCaseExecutor.processExecutionPhase(TestCaseExecutor.java:291)
	at com.kms.katalon.core.main.TestCaseExecutor.accessMainPhase(TestCaseExecutor.java:283)
	at com.kms.katalon.core.main.TestCaseExecutor.execute(TestCaseExecutor.java:222)
	at com.kms.katalon.core.main.TestSuiteExecutor.accessTestCaseMainPhase(TestSuiteExecutor.java:129)
	at com.kms.katalon.core.main.TestSuiteExecutor.accessTestSuiteMainPhase(TestSuiteExecutor.java:112)
	at com.kms.katalon.core.main.TestSuiteExecutor.execute(TestSuiteExecutor.java:81)
	at com.kms.katalon.core.main.TestCaseMain.startTestSuite(TestCaseMain.java:149)
	at com.kms.katalon.core.main.TestCaseMain$startTestSuite$0.call(Unknown Source)
	at TempTestSuite1571600047086.run(TempTestSuite1571600047086.groovy:36)


2019-10-20 21:35:43 - [TEST_STEP][PASSED] - exampleId = "Appartement 2_ Nicolas Sarkozy_2019-10-20_2019-10-25": null

2019-10-20 21:35:43 - [TEST_STEP][PASSED] - verifyElementPresent(findTestObject("NouvelleReservations/Page_Application Hissab/h3_Reservations"), 0): Object 'Object Repository/NouvelleReservations/Page_Application Hissab/h3_Reservations' is present

2019-10-20 21:35:43 - [MESSAGE][WARNING] - Timeout '0' is invalid. Using default page load timeout: '30'

2019-10-20 21:35:43 - [MESSAGE][PASSED] - Object 'Object Repository/NouvelleReservations/Page_Application Hissab/h3_Reservations' is present

2019-10-20 21:35:43 - [TEST_STEP][PASSED] - scrollToElement(findTestObject("NouvelleReservations/Page_Application Hissab/h3_Reservations"), 0): Scroll to object 'Object Repository/NouvelleReservations/Page_Application Hissab/h3_Reservations' successfully

2019-10-20 21:35:43 - [MESSAGE][WARNING] - Timeout '0' is invalid. Using default page load timeout: '30'

2019-10-20 21:35:43 - [MESSAGE][PASSED] - Scroll to object 'Object Repository/NouvelleReservations/Page_Application Hissab/h3_Reservations' successfully

2019-10-20 21:35:43 - [TEST_STEP][PASSED] - click(findTestObject("NouvelleReservations/Boutons/Page_Application Hissab/button_ThisMonth")): Object: 'Object Repository/NouvelleReservations/Boutons/Page_Application Hissab/button_ThisMonth' is clicked on

2019-10-20 21:35:43 - [MESSAGE][PASSED] - Object: 'Object Repository/NouvelleReservations/Boutons/Page_Application Hissab/button_ThisMonth' is clicked on

2019-10-20 21:35:43 - [TEST_STEP][FAILED] - verifyElementPresent(findTestObject("NouvelleReservations/ResaTag/Page_Application Hissab/div_reservation_tag", ["id":exampleId]), 0): verifyElementPresent(findTestObject("NouvelleReservations/ResaTag/Page_Application Hissab/div_reservation_tag", ["id":exampleId]), 0) FAILED.
Reason:
com.kms.katalon.core.exception.StepFailedException: Unable to verify object 'Object Repository/NouvelleReservations/ResaTag/Page_Application Hissab/div_reservation_tag' is present (Root cause: com.kms.katalon.core.exception.StepFailedException: com.kms.katalon.core.webui.exception.WebElementNotFoundException: Web element with id: 'Object Repository/NouvelleReservations/ResaTag/Page_Application Hissab/div_reservation_tag' located by 'By.xpath: //*[@id = 'Appartement 2_ Nicolas Sarkozy_2019-10-20_2019-10-25']' not found)
	at com.kms.katalon.core.keyword.internal.KeywordMain.stepFailed(KeywordMain.groovy:36)
	at com.kms.katalon.core.webui.keyword.internal.WebUIKeywordMain.stepFailed(WebUIKeywordMain.groovy:65)
	at com.kms.katalon.core.webui.keyword.internal.WebUIKeywordMain.runKeyword(WebUIKeywordMain.groovy:27)
	at com.kms.katalon.core.webui.keyword.builtin.VerifyElementPresentKeyword.verifyElementPresent(VerifyElementPresentKeyword.groovy:92)
	at com.kms.katalon.core.webui.keyword.builtin.VerifyElementPresentKeyword.execute(VerifyElementPresentKeyword.groovy:68)
	at com.kms.katalon.core.keyword.internal.KeywordExecutor.executeKeywordForPlatform(KeywordExecutor.groovy:53)
	at com.kms.katalon.core.webui.keyword.WebUiBuiltInKeywords.verifyElementPresent(WebUiBuiltInKeywords.groovy:1434)
	at com.kms.katalon.core.webui.keyword.WebUiBuiltInKeywords$verifyElementPresent$7.call(Unknown Source)
	at CheckReservation.run(CheckReservation:25)
	at com.kms.katalon.core.main.ScriptEngine.run(ScriptEngine.java:194)
	at com.kms.katalon.core.main.ScriptEngine.runScriptAsRawText(ScriptEngine.java:119)
	at com.kms.katalon.core.main.TestCaseExecutor.runScript(TestCaseExecutor.java:321)
	at com.kms.katalon.core.main.TestCaseExecutor.doExecute(TestCaseExecutor.java:312)
	at com.kms.katalon.core.main.TestCaseExecutor.processExecutionPhase(TestCaseExecutor.java:291)
	at com.kms.katalon.core.main.TestCaseExecutor.accessMainPhase(TestCaseExecutor.java:283)
	at com.kms.katalon.core.main.TestCaseExecutor.execute(TestCaseExecutor.java:222)
	at com.kms.katalon.core.main.TestSuiteExecutor.accessTestCaseMainPhase(TestSuiteExecutor.java:129)
	at com.kms.katalon.core.main.TestSuiteExecutor.accessTestSuiteMainPhase(TestSuiteExecutor.java:112)
	at com.kms.katalon.core.main.TestSuiteExecutor.execute(TestSuiteExecutor.java:81)
	at com.kms.katalon.core.main.TestCaseMain.startTestSuite(TestCaseMain.java:149)
	at com.kms.katalon.core.main.TestCaseMain$startTestSuite$0.call(Unknown Source)
	at TempTestSuite1571600047086.run(TempTestSuite1571600047086.groovy:36)


2019-10-20 21:35:43 - [MESSAGE][WARNING] - Timeout '0' is invalid. Using default page load timeout: '30'

2019-10-20 21:36:14 - [MESSAGE][INFO] - Unable to find the element located by 'By.xpath: //*[@id = 'Appartement 2_ Nicolas Sarkozy_2019-10-20_2019-10-25']'. Please recheck the objects properties to make sure the desired element is located. 

2019-10-20 21:36:14 - [MESSAGE][FAILED] - com.kms.katalon.core.webui.exception.WebElementNotFoundException: Web element with id: 'Object Repository/NouvelleReservations/ResaTag/Page_Application Hissab/div_reservation_tag' located by 'By.xpath: //*[@id = 'Appartement 2_ Nicolas Sarkozy_2019-10-20_2019-10-25']' not found
[[ATTACHMENT|D:\\data\\ws-hissab-katalon\\hissab_katalon\\Reports\\Reservations\\NouvelleReservation\\20191020_213402\\1571600174674.png]]

2019-10-20 21:36:15 - [MESSAGE][FAILED] - Unable to verify object 'Object Repository/NouvelleReservations/ResaTag/Page_Application Hissab/div_reservation_tag' is present (Root cause: com.kms.katalon.core.exception.StepFailedException: com.kms.katalon.core.webui.exception.WebElementNotFoundException: Web element with id: 'Object Repository/NouvelleReservations/ResaTag/Page_Application Hissab/div_reservation_tag' located by 'By.xpath: //*[@id = 'Appartement 2_ Nicolas Sarkozy_2019-10-20_2019-10-25']' not found)
[[ATTACHMENT|D:\\data\\ws-hissab-katalon\\hissab_katalon\\Reports\\Reservations\\NouvelleReservation\\20191020_213402\\1571600174988.png]]

2019-10-20 21:36:15 - [MESSAGE][FAILED] - verifyElementPresent(findTestObject("NouvelleReservations/ResaTag/Page_Application Hissab/div_reservation_tag", ["id":exampleId]), 0) FAILED.
Reason:
com.kms.katalon.core.exception.StepFailedException: Unable to verify object 'Object Repository/NouvelleReservations/ResaTag/Page_Application Hissab/div_reservation_tag' is present (Root cause: com.kms.katalon.core.exception.StepFailedException: com.kms.katalon.core.webui.exception.WebElementNotFoundException: Web element with id: 'Object Repository/NouvelleReservations/ResaTag/Page_Application Hissab/div_reservation_tag' located by 'By.xpath: //*[@id = 'Appartement 2_ Nicolas Sarkozy_2019-10-20_2019-10-25']' not found)
	at com.kms.katalon.core.keyword.internal.KeywordMain.stepFailed(KeywordMain.groovy:36)
	at com.kms.katalon.core.webui.keyword.internal.WebUIKeywordMain.stepFailed(WebUIKeywordMain.groovy:65)
	at com.kms.katalon.core.webui.keyword.internal.WebUIKeywordMain.runKeyword(WebUIKeywordMain.groovy:27)
	at com.kms.katalon.core.webui.keyword.builtin.VerifyElementPresentKeyword.verifyElementPresent(VerifyElementPresentKeyword.groovy:92)
	at com.kms.katalon.core.webui.keyword.builtin.VerifyElementPresentKeyword.execute(VerifyElementPresentKeyword.groovy:68)
	at com.kms.katalon.core.keyword.internal.KeywordExecutor.executeKeywordForPlatform(KeywordExecutor.groovy:53)
	at com.kms.katalon.core.webui.keyword.WebUiBuiltInKeywords.verifyElementPresent(WebUiBuiltInKeywords.groovy:1434)
	at com.kms.katalon.core.webui.keyword.WebUiBuiltInKeywords$verifyElementPresent$7.call(Unknown Source)
	at CheckReservation.run(CheckReservation:25)
	at com.kms.katalon.core.main.ScriptEngine.run(ScriptEngine.java:194)
	at com.kms.katalon.core.main.ScriptEngine.runScriptAsRawText(ScriptEngine.java:119)
	at com.kms.katalon.core.main.TestCaseExecutor.runScript(TestCaseExecutor.java:321)
	at com.kms.katalon.core.main.TestCaseExecutor.doExecute(TestCaseExecutor.java:312)
	at com.kms.katalon.core.main.TestCaseExecutor.processExecutionPhase(TestCaseExecutor.java:291)
	at com.kms.katalon.core.main.TestCaseExecutor.accessMainPhase(TestCaseExecutor.java:283)
	at com.kms.katalon.core.main.TestCaseExecutor.execute(TestCaseExecutor.java:222)
	at com.kms.katalon.core.main.TestSuiteExecutor.accessTestCaseMainPhase(TestSuiteExecutor.java:129)
	at com.kms.katalon.core.main.TestSuiteExecutor.accessTestSuiteMainPhase(TestSuiteExecutor.java:112)
	at com.kms.katalon.core.main.TestSuiteExecutor.execute(TestSuiteExecutor.java:81)
	at com.kms.katalon.core.main.TestCaseMain.startTestSuite(TestCaseMain.java:149)
	at com.kms.katalon.core.main.TestCaseMain$startTestSuite$0.call(Unknown Source)
	at TempTestSuite1571600047086.run(TempTestSuite1571600047086.groovy:36)]]></system-out>
         <system-err><![CDATA[2019-10-20 21:35:43 - [TEST_CASE][FAILED] - Test Cases/CheckReservation: Test Cases/CheckReservation FAILED.
Reason:
com.kms.katalon.core.exception.StepFailedException: Unable to verify object 'Object Repository/NouvelleReservations/ResaTag/Page_Application Hissab/div_reservation_tag' is present (Root cause: com.kms.katalon.core.exception.StepFailedException: com.kms.katalon.core.webui.exception.WebElementNotFoundException: Web element with id: 'Object Repository/NouvelleReservations/ResaTag/Page_Application Hissab/div_reservation_tag' located by 'By.xpath: //*[@id = 'Appartement 2_ Nicolas Sarkozy_2019-10-20_2019-10-25']' not found)
	at com.kms.katalon.core.keyword.internal.KeywordMain.stepFailed(KeywordMain.groovy:36)
	at com.kms.katalon.core.webui.keyword.internal.WebUIKeywordMain.stepFailed(WebUIKeywordMain.groovy:65)
	at com.kms.katalon.core.webui.keyword.internal.WebUIKeywordMain.runKeyword(WebUIKeywordMain.groovy:27)
	at com.kms.katalon.core.webui.keyword.builtin.VerifyElementPresentKeyword.verifyElementPresent(VerifyElementPresentKeyword.groovy:92)
	at com.kms.katalon.core.webui.keyword.builtin.VerifyElementPresentKeyword.execute(VerifyElementPresentKeyword.groovy:68)
	at com.kms.katalon.core.keyword.internal.KeywordExecutor.executeKeywordForPlatform(KeywordExecutor.groovy:53)
	at com.kms.katalon.core.webui.keyword.WebUiBuiltInKeywords.verifyElementPresent(WebUiBuiltInKeywords.groovy:1434)
	at com.kms.katalon.core.webui.keyword.WebUiBuiltInKeywords$verifyElementPresent$7.call(Unknown Source)
	at CheckReservation.run(CheckReservation:25)
	at com.kms.katalon.core.main.ScriptEngine.run(ScriptEngine.java:194)
	at com.kms.katalon.core.main.ScriptEngine.runScriptAsRawText(ScriptEngine.java:119)
	at com.kms.katalon.core.main.TestCaseExecutor.runScript(TestCaseExecutor.java:321)
	at com.kms.katalon.core.main.TestCaseExecutor.doExecute(TestCaseExecutor.java:312)
	at com.kms.katalon.core.main.TestCaseExecutor.processExecutionPhase(TestCaseExecutor.java:291)
	at com.kms.katalon.core.main.TestCaseExecutor.accessMainPhase(TestCaseExecutor.java:283)
	at com.kms.katalon.core.main.TestCaseExecutor.execute(TestCaseExecutor.java:222)
	at com.kms.katalon.core.main.TestSuiteExecutor.accessTestCaseMainPhase(TestSuiteExecutor.java:129)
	at com.kms.katalon.core.main.TestSuiteExecutor.accessTestSuiteMainPhase(TestSuiteExecutor.java:112)
	at com.kms.katalon.core.main.TestSuiteExecutor.execute(TestSuiteExecutor.java:81)
	at com.kms.katalon.core.main.TestCaseMain.startTestSuite(TestCaseMain.java:149)
	at com.kms.katalon.core.main.TestCaseMain$startTestSuite$0.call(Unknown Source)
	at TempTestSuite1571600047086.run(TempTestSuite1571600047086.groovy:36)]]></system-err>
      </testcase>
      <testcase name="Test Cases/CheckReservation" classname="Test Cases/CheckReservation" status="FAILED">
         <failure type="FAILED" message="Test Cases/CheckReservation FAILED.
Reason:
com.kms.katalon.core.exception.StepFailedException: Unable to verify object 'Object Repository/NouvelleReservations/ResaTag/Page_Application Hissab/div_reservation_tag' is present (Root cause: com.kms.katalon.core.exception.StepFailedException: com.kms.katalon.core.webui.exception.WebElementNotFoundException: Web element with id: 'Object Repository/NouvelleReservations/ResaTag/Page_Application Hissab/div_reservation_tag' located by 'By.xpath: //*[@id = 'Appartement 2_ Nicolas Sarkozy_2019-10-20_2019-10-25']' not found)
	at com.kms.katalon.core.keyword.internal.KeywordMain.stepFailed(KeywordMain.groovy:36)
	at com.kms.katalon.core.webui.keyword.internal.WebUIKeywordMain.stepFailed(WebUIKeywordMain.groovy:65)
	at com.kms.katalon.core.webui.keyword.internal.WebUIKeywordMain.runKeyword(WebUIKeywordMain.groovy:27)
	at com.kms.katalon.core.webui.keyword.builtin.VerifyElementPresentKeyword.verifyElementPresent(VerifyElementPresentKeyword.groovy:92)
	at com.kms.katalon.core.webui.keyword.builtin.VerifyElementPresentKeyword.execute(VerifyElementPresentKeyword.groovy:68)
	at com.kms.katalon.core.keyword.internal.KeywordExecutor.executeKeywordForPlatform(KeywordExecutor.groovy:53)
	at com.kms.katalon.core.webui.keyword.WebUiBuiltInKeywords.verifyElementPresent(WebUiBuiltInKeywords.groovy:1434)
	at com.kms.katalon.core.webui.keyword.WebUiBuiltInKeywords$verifyElementPresent$7.call(Unknown Source)
	at CheckReservation.run(CheckReservation:25)
	at com.kms.katalon.core.main.ScriptEngine.run(ScriptEngine.java:194)
	at com.kms.katalon.core.main.ScriptEngine.runScriptAsRawText(ScriptEngine.java:119)
	at com.kms.katalon.core.main.TestCaseExecutor.runScript(TestCaseExecutor.java:321)
	at com.kms.katalon.core.main.TestCaseExecutor.doExecute(TestCaseExecutor.java:312)
	at com.kms.katalon.core.main.TestCaseExecutor.processExecutionPhase(TestCaseExecutor.java:291)
	at com.kms.katalon.core.main.TestCaseExecutor.accessMainPhase(TestCaseExecutor.java:283)
	at com.kms.katalon.core.main.TestCaseExecutor.execute(TestCaseExecutor.java:222)
	at com.kms.katalon.core.main.TestSuiteExecutor.accessTestCaseMainPhase(TestSuiteExecutor.java:129)
	at com.kms.katalon.core.main.TestSuiteExecutor.accessTestSuiteMainPhase(TestSuiteExecutor.java:112)
	at com.kms.katalon.core.main.TestSuiteExecutor.execute(TestSuiteExecutor.java:81)
	at com.kms.katalon.core.main.TestCaseMain.startTestSuite(TestCaseMain.java:149)
	at com.kms.katalon.core.main.TestCaseMain$startTestSuite$0.call(Unknown Source)
	at TempTestSuite1571600047086.run(TempTestSuite1571600047086.groovy:36)
"/>
         <system-out><![CDATA[2019-10-20 21:36:15 - [TEST_CASE][FAILED] - Test Cases/CheckReservation: Test Cases/CheckReservation FAILED.
Reason:
com.kms.katalon.core.exception.StepFailedException: Unable to verify object 'Object Repository/NouvelleReservations/ResaTag/Page_Application Hissab/div_reservation_tag' is present (Root cause: com.kms.katalon.core.exception.StepFailedException: com.kms.katalon.core.webui.exception.WebElementNotFoundException: Web element with id: 'Object Repository/NouvelleReservations/ResaTag/Page_Application Hissab/div_reservation_tag' located by 'By.xpath: //*[@id = 'Appartement 2_ Nicolas Sarkozy_2019-10-20_2019-10-25']' not found)
	at com.kms.katalon.core.keyword.internal.KeywordMain.stepFailed(KeywordMain.groovy:36)
	at com.kms.katalon.core.webui.keyword.internal.WebUIKeywordMain.stepFailed(WebUIKeywordMain.groovy:65)
	at com.kms.katalon.core.webui.keyword.internal.WebUIKeywordMain.runKeyword(WebUIKeywordMain.groovy:27)
	at com.kms.katalon.core.webui.keyword.builtin.VerifyElementPresentKeyword.verifyElementPresent(VerifyElementPresentKeyword.groovy:92)
	at com.kms.katalon.core.webui.keyword.builtin.VerifyElementPresentKeyword.execute(VerifyElementPresentKeyword.groovy:68)
	at com.kms.katalon.core.keyword.internal.KeywordExecutor.executeKeywordForPlatform(KeywordExecutor.groovy:53)
	at com.kms.katalon.core.webui.keyword.WebUiBuiltInKeywords.verifyElementPresent(WebUiBuiltInKeywords.groovy:1434)
	at com.kms.katalon.core.webui.keyword.WebUiBuiltInKeywords$verifyElementPresent$7.call(Unknown Source)
	at CheckReservation.run(CheckReservation:25)
	at com.kms.katalon.core.main.ScriptEngine.run(ScriptEngine.java:194)
	at com.kms.katalon.core.main.ScriptEngine.runScriptAsRawText(ScriptEngine.java:119)
	at com.kms.katalon.core.main.TestCaseExecutor.runScript(TestCaseExecutor.java:321)
	at com.kms.katalon.core.main.TestCaseExecutor.doExecute(TestCaseExecutor.java:312)
	at com.kms.katalon.core.main.TestCaseExecutor.processExecutionPhase(TestCaseExecutor.java:291)
	at com.kms.katalon.core.main.TestCaseExecutor.accessMainPhase(TestCaseExecutor.java:283)
	at com.kms.katalon.core.main.TestCaseExecutor.execute(TestCaseExecutor.java:222)
	at com.kms.katalon.core.main.TestSuiteExecutor.accessTestCaseMainPhase(TestSuiteExecutor.java:129)
	at com.kms.katalon.core.main.TestSuiteExecutor.accessTestSuiteMainPhase(TestSuiteExecutor.java:112)
	at com.kms.katalon.core.main.TestSuiteExecutor.execute(TestSuiteExecutor.java:81)
	at com.kms.katalon.core.main.TestCaseMain.startTestSuite(TestCaseMain.java:149)
	at com.kms.katalon.core.main.TestCaseMain$startTestSuite$0.call(Unknown Source)
	at TempTestSuite1571600047086.run(TempTestSuite1571600047086.groovy:36)


2019-10-20 21:36:15 - [TEST_STEP][PASSED] - exampleId = "Appartement 2_ Nicolas Sarkozy_2019-10-20_2019-10-25": null

2019-10-20 21:36:15 - [TEST_STEP][PASSED] - verifyElementPresent(findTestObject("NouvelleReservations/Page_Application Hissab/h3_Reservations"), 0): Object 'Object Repository/NouvelleReservations/Page_Application Hissab/h3_Reservations' is present

2019-10-20 21:36:15 - [MESSAGE][WARNING] - Timeout '0' is invalid. Using default page load timeout: '30'

2019-10-20 21:36:15 - [MESSAGE][PASSED] - Object 'Object Repository/NouvelleReservations/Page_Application Hissab/h3_Reservations' is present

2019-10-20 21:36:15 - [TEST_STEP][PASSED] - scrollToElement(findTestObject("NouvelleReservations/Page_Application Hissab/h3_Reservations"), 0): Scroll to object 'Object Repository/NouvelleReservations/Page_Application Hissab/h3_Reservations' successfully

2019-10-20 21:36:15 - [MESSAGE][WARNING] - Timeout '0' is invalid. Using default page load timeout: '30'

2019-10-20 21:36:15 - [MESSAGE][PASSED] - Scroll to object 'Object Repository/NouvelleReservations/Page_Application Hissab/h3_Reservations' successfully

2019-10-20 21:36:15 - [TEST_STEP][PASSED] - click(findTestObject("NouvelleReservations/Boutons/Page_Application Hissab/button_ThisMonth")): Object: 'Object Repository/NouvelleReservations/Boutons/Page_Application Hissab/button_ThisMonth' is clicked on

2019-10-20 21:36:15 - [MESSAGE][PASSED] - Object: 'Object Repository/NouvelleReservations/Boutons/Page_Application Hissab/button_ThisMonth' is clicked on

2019-10-20 21:36:15 - [TEST_STEP][FAILED] - verifyElementPresent(findTestObject("NouvelleReservations/ResaTag/Page_Application Hissab/div_reservation_tag", ["id":exampleId]), 0): verifyElementPresent(findTestObject("NouvelleReservations/ResaTag/Page_Application Hissab/div_reservation_tag", ["id":exampleId]), 0) FAILED.
Reason:
com.kms.katalon.core.exception.StepFailedException: Unable to verify object 'Object Repository/NouvelleReservations/ResaTag/Page_Application Hissab/div_reservation_tag' is present (Root cause: com.kms.katalon.core.exception.StepFailedException: com.kms.katalon.core.webui.exception.WebElementNotFoundException: Web element with id: 'Object Repository/NouvelleReservations/ResaTag/Page_Application Hissab/div_reservation_tag' located by 'By.xpath: //*[@id = 'Appartement 2_ Nicolas Sarkozy_2019-10-20_2019-10-25']' not found)
	at com.kms.katalon.core.keyword.internal.KeywordMain.stepFailed(KeywordMain.groovy:36)
	at com.kms.katalon.core.webui.keyword.internal.WebUIKeywordMain.stepFailed(WebUIKeywordMain.groovy:65)
	at com.kms.katalon.core.webui.keyword.internal.WebUIKeywordMain.runKeyword(WebUIKeywordMain.groovy:27)
	at com.kms.katalon.core.webui.keyword.builtin.VerifyElementPresentKeyword.verifyElementPresent(VerifyElementPresentKeyword.groovy:92)
	at com.kms.katalon.core.webui.keyword.builtin.VerifyElementPresentKeyword.execute(VerifyElementPresentKeyword.groovy:68)
	at com.kms.katalon.core.keyword.internal.KeywordExecutor.executeKeywordForPlatform(KeywordExecutor.groovy:53)
	at com.kms.katalon.core.webui.keyword.WebUiBuiltInKeywords.verifyElementPresent(WebUiBuiltInKeywords.groovy:1434)
	at com.kms.katalon.core.webui.keyword.WebUiBuiltInKeywords$verifyElementPresent$7.call(Unknown Source)
	at CheckReservation.run(CheckReservation:25)
	at com.kms.katalon.core.main.ScriptEngine.run(ScriptEngine.java:194)
	at com.kms.katalon.core.main.ScriptEngine.runScriptAsRawText(ScriptEngine.java:119)
	at com.kms.katalon.core.main.TestCaseExecutor.runScript(TestCaseExecutor.java:321)
	at com.kms.katalon.core.main.TestCaseExecutor.doExecute(TestCaseExecutor.java:312)
	at com.kms.katalon.core.main.TestCaseExecutor.processExecutionPhase(TestCaseExecutor.java:291)
	at com.kms.katalon.core.main.TestCaseExecutor.accessMainPhase(TestCaseExecutor.java:283)
	at com.kms.katalon.core.main.TestCaseExecutor.execute(TestCaseExecutor.java:222)
	at com.kms.katalon.core.main.TestSuiteExecutor.accessTestCaseMainPhase(TestSuiteExecutor.java:129)
	at com.kms.katalon.core.main.TestSuiteExecutor.accessTestSuiteMainPhase(TestSuiteExecutor.java:112)
	at com.kms.katalon.core.main.TestSuiteExecutor.execute(TestSuiteExecutor.java:81)
	at com.kms.katalon.core.main.TestCaseMain.startTestSuite(TestCaseMain.java:149)
	at com.kms.katalon.core.main.TestCaseMain$startTestSuite$0.call(Unknown Source)
	at TempTestSuite1571600047086.run(TempTestSuite1571600047086.groovy:36)


2019-10-20 21:36:15 - [MESSAGE][WARNING] - Timeout '0' is invalid. Using default page load timeout: '30'

2019-10-20 21:36:46 - [MESSAGE][INFO] - Unable to find the element located by 'By.xpath: //*[@id = 'Appartement 2_ Nicolas Sarkozy_2019-10-20_2019-10-25']'. Please recheck the objects properties to make sure the desired element is located. 

2019-10-20 21:36:47 - [MESSAGE][FAILED] - com.kms.katalon.core.webui.exception.WebElementNotFoundException: Web element with id: 'Object Repository/NouvelleReservations/ResaTag/Page_Application Hissab/div_reservation_tag' located by 'By.xpath: //*[@id = 'Appartement 2_ Nicolas Sarkozy_2019-10-20_2019-10-25']' not found
[[ATTACHMENT|D:\\data\\ws-hissab-katalon\\hissab_katalon\\Reports\\Reservations\\NouvelleReservation\\20191020_213402\\1571600206698.png]]

2019-10-20 21:36:47 - [MESSAGE][FAILED] - Unable to verify object 'Object Repository/NouvelleReservations/ResaTag/Page_Application Hissab/div_reservation_tag' is present (Root cause: com.kms.katalon.core.exception.StepFailedException: com.kms.katalon.core.webui.exception.WebElementNotFoundException: Web element with id: 'Object Repository/NouvelleReservations/ResaTag/Page_Application Hissab/div_reservation_tag' located by 'By.xpath: //*[@id = 'Appartement 2_ Nicolas Sarkozy_2019-10-20_2019-10-25']' not found)
[[ATTACHMENT|D:\\data\\ws-hissab-katalon\\hissab_katalon\\Reports\\Reservations\\NouvelleReservation\\20191020_213402\\1571600207015.png]]

2019-10-20 21:36:47 - [MESSAGE][FAILED] - verifyElementPresent(findTestObject("NouvelleReservations/ResaTag/Page_Application Hissab/div_reservation_tag", ["id":exampleId]), 0) FAILED.
Reason:
com.kms.katalon.core.exception.StepFailedException: Unable to verify object 'Object Repository/NouvelleReservations/ResaTag/Page_Application Hissab/div_reservation_tag' is present (Root cause: com.kms.katalon.core.exception.StepFailedException: com.kms.katalon.core.webui.exception.WebElementNotFoundException: Web element with id: 'Object Repository/NouvelleReservations/ResaTag/Page_Application Hissab/div_reservation_tag' located by 'By.xpath: //*[@id = 'Appartement 2_ Nicolas Sarkozy_2019-10-20_2019-10-25']' not found)
	at com.kms.katalon.core.keyword.internal.KeywordMain.stepFailed(KeywordMain.groovy:36)
	at com.kms.katalon.core.webui.keyword.internal.WebUIKeywordMain.stepFailed(WebUIKeywordMain.groovy:65)
	at com.kms.katalon.core.webui.keyword.internal.WebUIKeywordMain.runKeyword(WebUIKeywordMain.groovy:27)
	at com.kms.katalon.core.webui.keyword.builtin.VerifyElementPresentKeyword.verifyElementPresent(VerifyElementPresentKeyword.groovy:92)
	at com.kms.katalon.core.webui.keyword.builtin.VerifyElementPresentKeyword.execute(VerifyElementPresentKeyword.groovy:68)
	at com.kms.katalon.core.keyword.internal.KeywordExecutor.executeKeywordForPlatform(KeywordExecutor.groovy:53)
	at com.kms.katalon.core.webui.keyword.WebUiBuiltInKeywords.verifyElementPresent(WebUiBuiltInKeywords.groovy:1434)
	at com.kms.katalon.core.webui.keyword.WebUiBuiltInKeywords$verifyElementPresent$7.call(Unknown Source)
	at CheckReservation.run(CheckReservation:25)
	at com.kms.katalon.core.main.ScriptEngine.run(ScriptEngine.java:194)
	at com.kms.katalon.core.main.ScriptEngine.runScriptAsRawText(ScriptEngine.java:119)
	at com.kms.katalon.core.main.TestCaseExecutor.runScript(TestCaseExecutor.java:321)
	at com.kms.katalon.core.main.TestCaseExecutor.doExecute(TestCaseExecutor.java:312)
	at com.kms.katalon.core.main.TestCaseExecutor.processExecutionPhase(TestCaseExecutor.java:291)
	at com.kms.katalon.core.main.TestCaseExecutor.accessMainPhase(TestCaseExecutor.java:283)
	at com.kms.katalon.core.main.TestCaseExecutor.execute(TestCaseExecutor.java:222)
	at com.kms.katalon.core.main.TestSuiteExecutor.accessTestCaseMainPhase(TestSuiteExecutor.java:129)
	at com.kms.katalon.core.main.TestSuiteExecutor.accessTestSuiteMainPhase(TestSuiteExecutor.java:112)
	at com.kms.katalon.core.main.TestSuiteExecutor.execute(TestSuiteExecutor.java:81)
	at com.kms.katalon.core.main.TestCaseMain.startTestSuite(TestCaseMain.java:149)
	at com.kms.katalon.core.main.TestCaseMain$startTestSuite$0.call(Unknown Source)
	at TempTestSuite1571600047086.run(TempTestSuite1571600047086.groovy:36)]]></system-out>
         <system-err><![CDATA[2019-10-20 21:36:15 - [TEST_CASE][FAILED] - Test Cases/CheckReservation: Test Cases/CheckReservation FAILED.
Reason:
com.kms.katalon.core.exception.StepFailedException: Unable to verify object 'Object Repository/NouvelleReservations/ResaTag/Page_Application Hissab/div_reservation_tag' is present (Root cause: com.kms.katalon.core.exception.StepFailedException: com.kms.katalon.core.webui.exception.WebElementNotFoundException: Web element with id: 'Object Repository/NouvelleReservations/ResaTag/Page_Application Hissab/div_reservation_tag' located by 'By.xpath: //*[@id = 'Appartement 2_ Nicolas Sarkozy_2019-10-20_2019-10-25']' not found)
	at com.kms.katalon.core.keyword.internal.KeywordMain.stepFailed(KeywordMain.groovy:36)
	at com.kms.katalon.core.webui.keyword.internal.WebUIKeywordMain.stepFailed(WebUIKeywordMain.groovy:65)
	at com.kms.katalon.core.webui.keyword.internal.WebUIKeywordMain.runKeyword(WebUIKeywordMain.groovy:27)
	at com.kms.katalon.core.webui.keyword.builtin.VerifyElementPresentKeyword.verifyElementPresent(VerifyElementPresentKeyword.groovy:92)
	at com.kms.katalon.core.webui.keyword.builtin.VerifyElementPresentKeyword.execute(VerifyElementPresentKeyword.groovy:68)
	at com.kms.katalon.core.keyword.internal.KeywordExecutor.executeKeywordForPlatform(KeywordExecutor.groovy:53)
	at com.kms.katalon.core.webui.keyword.WebUiBuiltInKeywords.verifyElementPresent(WebUiBuiltInKeywords.groovy:1434)
	at com.kms.katalon.core.webui.keyword.WebUiBuiltInKeywords$verifyElementPresent$7.call(Unknown Source)
	at CheckReservation.run(CheckReservation:25)
	at com.kms.katalon.core.main.ScriptEngine.run(ScriptEngine.java:194)
	at com.kms.katalon.core.main.ScriptEngine.runScriptAsRawText(ScriptEngine.java:119)
	at com.kms.katalon.core.main.TestCaseExecutor.runScript(TestCaseExecutor.java:321)
	at com.kms.katalon.core.main.TestCaseExecutor.doExecute(TestCaseExecutor.java:312)
	at com.kms.katalon.core.main.TestCaseExecutor.processExecutionPhase(TestCaseExecutor.java:291)
	at com.kms.katalon.core.main.TestCaseExecutor.accessMainPhase(TestCaseExecutor.java:283)
	at com.kms.katalon.core.main.TestCaseExecutor.execute(TestCaseExecutor.java:222)
	at com.kms.katalon.core.main.TestSuiteExecutor.accessTestCaseMainPhase(TestSuiteExecutor.java:129)
	at com.kms.katalon.core.main.TestSuiteExecutor.accessTestSuiteMainPhase(TestSuiteExecutor.java:112)
	at com.kms.katalon.core.main.TestSuiteExecutor.execute(TestSuiteExecutor.java:81)
	at com.kms.katalon.core.main.TestCaseMain.startTestSuite(TestCaseMain.java:149)
	at com.kms.katalon.core.main.TestCaseMain$startTestSuite$0.call(Unknown Source)
	at TempTestSuite1571600047086.run(TempTestSuite1571600047086.groovy:36)]]></system-err>
      </testcase>
      <testcase name="Test Cases/CheckReservation" classname="Test Cases/CheckReservation" status="FAILED">
         <failure type="FAILED" message="Test Cases/CheckReservation FAILED.
Reason:
com.kms.katalon.core.exception.StepFailedException: Unable to verify object 'Object Repository/NouvelleReservations/ResaTag/Page_Application Hissab/div_reservation_tag' is present (Root cause: com.kms.katalon.core.exception.StepFailedException: com.kms.katalon.core.webui.exception.WebElementNotFoundException: Web element with id: 'Object Repository/NouvelleReservations/ResaTag/Page_Application Hissab/div_reservation_tag' located by 'By.xpath: //*[@id = 'Appartement 2_ Nicolas Sarkozy_2019-10-20_2019-10-25']' not found)
	at com.kms.katalon.core.keyword.internal.KeywordMain.stepFailed(KeywordMain.groovy:36)
	at com.kms.katalon.core.webui.keyword.internal.WebUIKeywordMain.stepFailed(WebUIKeywordMain.groovy:65)
	at com.kms.katalon.core.webui.keyword.internal.WebUIKeywordMain.runKeyword(WebUIKeywordMain.groovy:27)
	at com.kms.katalon.core.webui.keyword.builtin.VerifyElementPresentKeyword.verifyElementPresent(VerifyElementPresentKeyword.groovy:92)
	at com.kms.katalon.core.webui.keyword.builtin.VerifyElementPresentKeyword.execute(VerifyElementPresentKeyword.groovy:68)
	at com.kms.katalon.core.keyword.internal.KeywordExecutor.executeKeywordForPlatform(KeywordExecutor.groovy:53)
	at com.kms.katalon.core.webui.keyword.WebUiBuiltInKeywords.verifyElementPresent(WebUiBuiltInKeywords.groovy:1434)
	at com.kms.katalon.core.webui.keyword.WebUiBuiltInKeywords$verifyElementPresent$7.call(Unknown Source)
	at CheckReservation.run(CheckReservation:25)
	at com.kms.katalon.core.main.ScriptEngine.run(ScriptEngine.java:194)
	at com.kms.katalon.core.main.ScriptEngine.runScriptAsRawText(ScriptEngine.java:119)
	at com.kms.katalon.core.main.TestCaseExecutor.runScript(TestCaseExecutor.java:321)
	at com.kms.katalon.core.main.TestCaseExecutor.doExecute(TestCaseExecutor.java:312)
	at com.kms.katalon.core.main.TestCaseExecutor.processExecutionPhase(TestCaseExecutor.java:291)
	at com.kms.katalon.core.main.TestCaseExecutor.accessMainPhase(TestCaseExecutor.java:283)
	at com.kms.katalon.core.main.TestCaseExecutor.execute(TestCaseExecutor.java:222)
	at com.kms.katalon.core.main.TestSuiteExecutor.accessTestCaseMainPhase(TestSuiteExecutor.java:129)
	at com.kms.katalon.core.main.TestSuiteExecutor.accessTestSuiteMainPhase(TestSuiteExecutor.java:112)
	at com.kms.katalon.core.main.TestSuiteExecutor.execute(TestSuiteExecutor.java:81)
	at com.kms.katalon.core.main.TestCaseMain.startTestSuite(TestCaseMain.java:149)
	at com.kms.katalon.core.main.TestCaseMain$startTestSuite$0.call(Unknown Source)
	at TempTestSuite1571600047086.run(TempTestSuite1571600047086.groovy:36)
"/>
         <system-out><![CDATA[2019-10-20 21:36:47 - [TEST_CASE][FAILED] - Test Cases/CheckReservation: Test Cases/CheckReservation FAILED.
Reason:
com.kms.katalon.core.exception.StepFailedException: Unable to verify object 'Object Repository/NouvelleReservations/ResaTag/Page_Application Hissab/div_reservation_tag' is present (Root cause: com.kms.katalon.core.exception.StepFailedException: com.kms.katalon.core.webui.exception.WebElementNotFoundException: Web element with id: 'Object Repository/NouvelleReservations/ResaTag/Page_Application Hissab/div_reservation_tag' located by 'By.xpath: //*[@id = 'Appartement 2_ Nicolas Sarkozy_2019-10-20_2019-10-25']' not found)
	at com.kms.katalon.core.keyword.internal.KeywordMain.stepFailed(KeywordMain.groovy:36)
	at com.kms.katalon.core.webui.keyword.internal.WebUIKeywordMain.stepFailed(WebUIKeywordMain.groovy:65)
	at com.kms.katalon.core.webui.keyword.internal.WebUIKeywordMain.runKeyword(WebUIKeywordMain.groovy:27)
	at com.kms.katalon.core.webui.keyword.builtin.VerifyElementPresentKeyword.verifyElementPresent(VerifyElementPresentKeyword.groovy:92)
	at com.kms.katalon.core.webui.keyword.builtin.VerifyElementPresentKeyword.execute(VerifyElementPresentKeyword.groovy:68)
	at com.kms.katalon.core.keyword.internal.KeywordExecutor.executeKeywordForPlatform(KeywordExecutor.groovy:53)
	at com.kms.katalon.core.webui.keyword.WebUiBuiltInKeywords.verifyElementPresent(WebUiBuiltInKeywords.groovy:1434)
	at com.kms.katalon.core.webui.keyword.WebUiBuiltInKeywords$verifyElementPresent$7.call(Unknown Source)
	at CheckReservation.run(CheckReservation:25)
	at com.kms.katalon.core.main.ScriptEngine.run(ScriptEngine.java:194)
	at com.kms.katalon.core.main.ScriptEngine.runScriptAsRawText(ScriptEngine.java:119)
	at com.kms.katalon.core.main.TestCaseExecutor.runScript(TestCaseExecutor.java:321)
	at com.kms.katalon.core.main.TestCaseExecutor.doExecute(TestCaseExecutor.java:312)
	at com.kms.katalon.core.main.TestCaseExecutor.processExecutionPhase(TestCaseExecutor.java:291)
	at com.kms.katalon.core.main.TestCaseExecutor.accessMainPhase(TestCaseExecutor.java:283)
	at com.kms.katalon.core.main.TestCaseExecutor.execute(TestCaseExecutor.java:222)
	at com.kms.katalon.core.main.TestSuiteExecutor.accessTestCaseMainPhase(TestSuiteExecutor.java:129)
	at com.kms.katalon.core.main.TestSuiteExecutor.accessTestSuiteMainPhase(TestSuiteExecutor.java:112)
	at com.kms.katalon.core.main.TestSuiteExecutor.execute(TestSuiteExecutor.java:81)
	at com.kms.katalon.core.main.TestCaseMain.startTestSuite(TestCaseMain.java:149)
	at com.kms.katalon.core.main.TestCaseMain$startTestSuite$0.call(Unknown Source)
	at TempTestSuite1571600047086.run(TempTestSuite1571600047086.groovy:36)


2019-10-20 21:36:47 - [TEST_STEP][PASSED] - exampleId = "Appartement 2_ Nicolas Sarkozy_2019-10-20_2019-10-25": null

2019-10-20 21:36:47 - [TEST_STEP][PASSED] - verifyElementPresent(findTestObject("NouvelleReservations/Page_Application Hissab/h3_Reservations"), 0): Object 'Object Repository/NouvelleReservations/Page_Application Hissab/h3_Reservations' is present

2019-10-20 21:36:47 - [MESSAGE][WARNING] - Timeout '0' is invalid. Using default page load timeout: '30'

2019-10-20 21:36:47 - [MESSAGE][PASSED] - Object 'Object Repository/NouvelleReservations/Page_Application Hissab/h3_Reservations' is present

2019-10-20 21:36:47 - [TEST_STEP][PASSED] - scrollToElement(findTestObject("NouvelleReservations/Page_Application Hissab/h3_Reservations"), 0): Scroll to object 'Object Repository/NouvelleReservations/Page_Application Hissab/h3_Reservations' successfully

2019-10-20 21:36:47 - [MESSAGE][WARNING] - Timeout '0' is invalid. Using default page load timeout: '30'

2019-10-20 21:36:47 - [MESSAGE][PASSED] - Scroll to object 'Object Repository/NouvelleReservations/Page_Application Hissab/h3_Reservations' successfully

2019-10-20 21:36:47 - [TEST_STEP][PASSED] - click(findTestObject("NouvelleReservations/Boutons/Page_Application Hissab/button_ThisMonth")): Object: 'Object Repository/NouvelleReservations/Boutons/Page_Application Hissab/button_ThisMonth' is clicked on

2019-10-20 21:36:47 - [MESSAGE][PASSED] - Object: 'Object Repository/NouvelleReservations/Boutons/Page_Application Hissab/button_ThisMonth' is clicked on

2019-10-20 21:36:47 - [TEST_STEP][FAILED] - verifyElementPresent(findTestObject("NouvelleReservations/ResaTag/Page_Application Hissab/div_reservation_tag", ["id":exampleId]), 0): verifyElementPresent(findTestObject("NouvelleReservations/ResaTag/Page_Application Hissab/div_reservation_tag", ["id":exampleId]), 0) FAILED.
Reason:
com.kms.katalon.core.exception.StepFailedException: Unable to verify object 'Object Repository/NouvelleReservations/ResaTag/Page_Application Hissab/div_reservation_tag' is present (Root cause: com.kms.katalon.core.exception.StepFailedException: com.kms.katalon.core.webui.exception.WebElementNotFoundException: Web element with id: 'Object Repository/NouvelleReservations/ResaTag/Page_Application Hissab/div_reservation_tag' located by 'By.xpath: //*[@id = 'Appartement 2_ Nicolas Sarkozy_2019-10-20_2019-10-25']' not found)
	at com.kms.katalon.core.keyword.internal.KeywordMain.stepFailed(KeywordMain.groovy:36)
	at com.kms.katalon.core.webui.keyword.internal.WebUIKeywordMain.stepFailed(WebUIKeywordMain.groovy:65)
	at com.kms.katalon.core.webui.keyword.internal.WebUIKeywordMain.runKeyword(WebUIKeywordMain.groovy:27)
	at com.kms.katalon.core.webui.keyword.builtin.VerifyElementPresentKeyword.verifyElementPresent(VerifyElementPresentKeyword.groovy:92)
	at com.kms.katalon.core.webui.keyword.builtin.VerifyElementPresentKeyword.execute(VerifyElementPresentKeyword.groovy:68)
	at com.kms.katalon.core.keyword.internal.KeywordExecutor.executeKeywordForPlatform(KeywordExecutor.groovy:53)
	at com.kms.katalon.core.webui.keyword.WebUiBuiltInKeywords.verifyElementPresent(WebUiBuiltInKeywords.groovy:1434)
	at com.kms.katalon.core.webui.keyword.WebUiBuiltInKeywords$verifyElementPresent$7.call(Unknown Source)
	at CheckReservation.run(CheckReservation:25)
	at com.kms.katalon.core.main.ScriptEngine.run(ScriptEngine.java:194)
	at com.kms.katalon.core.main.ScriptEngine.runScriptAsRawText(ScriptEngine.java:119)
	at com.kms.katalon.core.main.TestCaseExecutor.runScript(TestCaseExecutor.java:321)
	at com.kms.katalon.core.main.TestCaseExecutor.doExecute(TestCaseExecutor.java:312)
	at com.kms.katalon.core.main.TestCaseExecutor.processExecutionPhase(TestCaseExecutor.java:291)
	at com.kms.katalon.core.main.TestCaseExecutor.accessMainPhase(TestCaseExecutor.java:283)
	at com.kms.katalon.core.main.TestCaseExecutor.execute(TestCaseExecutor.java:222)
	at com.kms.katalon.core.main.TestSuiteExecutor.accessTestCaseMainPhase(TestSuiteExecutor.java:129)
	at com.kms.katalon.core.main.TestSuiteExecutor.accessTestSuiteMainPhase(TestSuiteExecutor.java:112)
	at com.kms.katalon.core.main.TestSuiteExecutor.execute(TestSuiteExecutor.java:81)
	at com.kms.katalon.core.main.TestCaseMain.startTestSuite(TestCaseMain.java:149)
	at com.kms.katalon.core.main.TestCaseMain$startTestSuite$0.call(Unknown Source)
	at TempTestSuite1571600047086.run(TempTestSuite1571600047086.groovy:36)


2019-10-20 21:36:47 - [MESSAGE][WARNING] - Timeout '0' is invalid. Using default page load timeout: '30'

2019-10-20 21:37:18 - [MESSAGE][INFO] - Unable to find the element located by 'By.xpath: //*[@id = 'Appartement 2_ Nicolas Sarkozy_2019-10-20_2019-10-25']'. Please recheck the objects properties to make sure the desired element is located. 

2019-10-20 21:37:18 - [MESSAGE][FAILED] - com.kms.katalon.core.webui.exception.WebElementNotFoundException: Web element with id: 'Object Repository/NouvelleReservations/ResaTag/Page_Application Hissab/div_reservation_tag' located by 'By.xpath: //*[@id = 'Appartement 2_ Nicolas Sarkozy_2019-10-20_2019-10-25']' not found
[[ATTACHMENT|D:\\data\\ws-hissab-katalon\\hissab_katalon\\Reports\\Reservations\\NouvelleReservation\\20191020_213402\\1571600238611.png]]

2019-10-20 21:37:19 - [MESSAGE][FAILED] - Unable to verify object 'Object Repository/NouvelleReservations/ResaTag/Page_Application Hissab/div_reservation_tag' is present (Root cause: com.kms.katalon.core.exception.StepFailedException: com.kms.katalon.core.webui.exception.WebElementNotFoundException: Web element with id: 'Object Repository/NouvelleReservations/ResaTag/Page_Application Hissab/div_reservation_tag' located by 'By.xpath: //*[@id = 'Appartement 2_ Nicolas Sarkozy_2019-10-20_2019-10-25']' not found)
[[ATTACHMENT|D:\\data\\ws-hissab-katalon\\hissab_katalon\\Reports\\Reservations\\NouvelleReservation\\20191020_213402\\1571600238946.png]]

2019-10-20 21:37:19 - [MESSAGE][FAILED] - verifyElementPresent(findTestObject("NouvelleReservations/ResaTag/Page_Application Hissab/div_reservation_tag", ["id":exampleId]), 0) FAILED.
Reason:
com.kms.katalon.core.exception.StepFailedException: Unable to verify object 'Object Repository/NouvelleReservations/ResaTag/Page_Application Hissab/div_reservation_tag' is present (Root cause: com.kms.katalon.core.exception.StepFailedException: com.kms.katalon.core.webui.exception.WebElementNotFoundException: Web element with id: 'Object Repository/NouvelleReservations/ResaTag/Page_Application Hissab/div_reservation_tag' located by 'By.xpath: //*[@id = 'Appartement 2_ Nicolas Sarkozy_2019-10-20_2019-10-25']' not found)
	at com.kms.katalon.core.keyword.internal.KeywordMain.stepFailed(KeywordMain.groovy:36)
	at com.kms.katalon.core.webui.keyword.internal.WebUIKeywordMain.stepFailed(WebUIKeywordMain.groovy:65)
	at com.kms.katalon.core.webui.keyword.internal.WebUIKeywordMain.runKeyword(WebUIKeywordMain.groovy:27)
	at com.kms.katalon.core.webui.keyword.builtin.VerifyElementPresentKeyword.verifyElementPresent(VerifyElementPresentKeyword.groovy:92)
	at com.kms.katalon.core.webui.keyword.builtin.VerifyElementPresentKeyword.execute(VerifyElementPresentKeyword.groovy:68)
	at com.kms.katalon.core.keyword.internal.KeywordExecutor.executeKeywordForPlatform(KeywordExecutor.groovy:53)
	at com.kms.katalon.core.webui.keyword.WebUiBuiltInKeywords.verifyElementPresent(WebUiBuiltInKeywords.groovy:1434)
	at com.kms.katalon.core.webui.keyword.WebUiBuiltInKeywords$verifyElementPresent$7.call(Unknown Source)
	at CheckReservation.run(CheckReservation:25)
	at com.kms.katalon.core.main.ScriptEngine.run(ScriptEngine.java:194)
	at com.kms.katalon.core.main.ScriptEngine.runScriptAsRawText(ScriptEngine.java:119)
	at com.kms.katalon.core.main.TestCaseExecutor.runScript(TestCaseExecutor.java:321)
	at com.kms.katalon.core.main.TestCaseExecutor.doExecute(TestCaseExecutor.java:312)
	at com.kms.katalon.core.main.TestCaseExecutor.processExecutionPhase(TestCaseExecutor.java:291)
	at com.kms.katalon.core.main.TestCaseExecutor.accessMainPhase(TestCaseExecutor.java:283)
	at com.kms.katalon.core.main.TestCaseExecutor.execute(TestCaseExecutor.java:222)
	at com.kms.katalon.core.main.TestSuiteExecutor.accessTestCaseMainPhase(TestSuiteExecutor.java:129)
	at com.kms.katalon.core.main.TestSuiteExecutor.accessTestSuiteMainPhase(TestSuiteExecutor.java:112)
	at com.kms.katalon.core.main.TestSuiteExecutor.execute(TestSuiteExecutor.java:81)
	at com.kms.katalon.core.main.TestCaseMain.startTestSuite(TestCaseMain.java:149)
	at com.kms.katalon.core.main.TestCaseMain$startTestSuite$0.call(Unknown Source)
	at TempTestSuite1571600047086.run(TempTestSuite1571600047086.groovy:36)]]></system-out>
         <system-err><![CDATA[2019-10-20 21:36:47 - [TEST_CASE][FAILED] - Test Cases/CheckReservation: Test Cases/CheckReservation FAILED.
Reason:
com.kms.katalon.core.exception.StepFailedException: Unable to verify object 'Object Repository/NouvelleReservations/ResaTag/Page_Application Hissab/div_reservation_tag' is present (Root cause: com.kms.katalon.core.exception.StepFailedException: com.kms.katalon.core.webui.exception.WebElementNotFoundException: Web element with id: 'Object Repository/NouvelleReservations/ResaTag/Page_Application Hissab/div_reservation_tag' located by 'By.xpath: //*[@id = 'Appartement 2_ Nicolas Sarkozy_2019-10-20_2019-10-25']' not found)
	at com.kms.katalon.core.keyword.internal.KeywordMain.stepFailed(KeywordMain.groovy:36)
	at com.kms.katalon.core.webui.keyword.internal.WebUIKeywordMain.stepFailed(WebUIKeywordMain.groovy:65)
	at com.kms.katalon.core.webui.keyword.internal.WebUIKeywordMain.runKeyword(WebUIKeywordMain.groovy:27)
	at com.kms.katalon.core.webui.keyword.builtin.VerifyElementPresentKeyword.verifyElementPresent(VerifyElementPresentKeyword.groovy:92)
	at com.kms.katalon.core.webui.keyword.builtin.VerifyElementPresentKeyword.execute(VerifyElementPresentKeyword.groovy:68)
	at com.kms.katalon.core.keyword.internal.KeywordExecutor.executeKeywordForPlatform(KeywordExecutor.groovy:53)
	at com.kms.katalon.core.webui.keyword.WebUiBuiltInKeywords.verifyElementPresent(WebUiBuiltInKeywords.groovy:1434)
	at com.kms.katalon.core.webui.keyword.WebUiBuiltInKeywords$verifyElementPresent$7.call(Unknown Source)
	at CheckReservation.run(CheckReservation:25)
	at com.kms.katalon.core.main.ScriptEngine.run(ScriptEngine.java:194)
	at com.kms.katalon.core.main.ScriptEngine.runScriptAsRawText(ScriptEngine.java:119)
	at com.kms.katalon.core.main.TestCaseExecutor.runScript(TestCaseExecutor.java:321)
	at com.kms.katalon.core.main.TestCaseExecutor.doExecute(TestCaseExecutor.java:312)
	at com.kms.katalon.core.main.TestCaseExecutor.processExecutionPhase(TestCaseExecutor.java:291)
	at com.kms.katalon.core.main.TestCaseExecutor.accessMainPhase(TestCaseExecutor.java:283)
	at com.kms.katalon.core.main.TestCaseExecutor.execute(TestCaseExecutor.java:222)
	at com.kms.katalon.core.main.TestSuiteExecutor.accessTestCaseMainPhase(TestSuiteExecutor.java:129)
	at com.kms.katalon.core.main.TestSuiteExecutor.accessTestSuiteMainPhase(TestSuiteExecutor.java:112)
	at com.kms.katalon.core.main.TestSuiteExecutor.execute(TestSuiteExecutor.java:81)
	at com.kms.katalon.core.main.TestCaseMain.startTestSuite(TestCaseMain.java:149)
	at com.kms.katalon.core.main.TestCaseMain$startTestSuite$0.call(Unknown Source)
	at TempTestSuite1571600047086.run(TempTestSuite1571600047086.groovy:36)]]></system-err>
      </testcase>
      <testcase name="Test Cases/CheckReservation" classname="Test Cases/CheckReservation" status="FAILED">
         <failure type="FAILED" message="Test Cases/CheckReservation FAILED.
Reason:
com.kms.katalon.core.exception.StepFailedException: Unable to verify object 'Object Repository/NouvelleReservations/ResaTag/Page_Application Hissab/div_reservation_tag' is present (Root cause: com.kms.katalon.core.exception.StepFailedException: com.kms.katalon.core.webui.exception.WebElementNotFoundException: Web element with id: 'Object Repository/NouvelleReservations/ResaTag/Page_Application Hissab/div_reservation_tag' located by 'By.xpath: //*[@id = 'Appartement 2_ Nicolas Sarkozy_2019-10-20_2019-10-25']' not found)
	at com.kms.katalon.core.keyword.internal.KeywordMain.stepFailed(KeywordMain.groovy:36)
	at com.kms.katalon.core.webui.keyword.internal.WebUIKeywordMain.stepFailed(WebUIKeywordMain.groovy:65)
	at com.kms.katalon.core.webui.keyword.internal.WebUIKeywordMain.runKeyword(WebUIKeywordMain.groovy:27)
	at com.kms.katalon.core.webui.keyword.builtin.VerifyElementPresentKeyword.verifyElementPresent(VerifyElementPresentKeyword.groovy:92)
	at com.kms.katalon.core.webui.keyword.builtin.VerifyElementPresentKeyword.execute(VerifyElementPresentKeyword.groovy:68)
	at com.kms.katalon.core.keyword.internal.KeywordExecutor.executeKeywordForPlatform(KeywordExecutor.groovy:53)
	at com.kms.katalon.core.webui.keyword.WebUiBuiltInKeywords.verifyElementPresent(WebUiBuiltInKeywords.groovy:1434)
	at com.kms.katalon.core.webui.keyword.WebUiBuiltInKeywords$verifyElementPresent$7.call(Unknown Source)
	at CheckReservation.run(CheckReservation:25)
	at com.kms.katalon.core.main.ScriptEngine.run(ScriptEngine.java:194)
	at com.kms.katalon.core.main.ScriptEngine.runScriptAsRawText(ScriptEngine.java:119)
	at com.kms.katalon.core.main.TestCaseExecutor.runScript(TestCaseExecutor.java:321)
	at com.kms.katalon.core.main.TestCaseExecutor.doExecute(TestCaseExecutor.java:312)
	at com.kms.katalon.core.main.TestCaseExecutor.processExecutionPhase(TestCaseExecutor.java:291)
	at com.kms.katalon.core.main.TestCaseExecutor.accessMainPhase(TestCaseExecutor.java:283)
	at com.kms.katalon.core.main.TestCaseExecutor.execute(TestCaseExecutor.java:222)
	at com.kms.katalon.core.main.TestSuiteExecutor.accessTestCaseMainPhase(TestSuiteExecutor.java:129)
	at com.kms.katalon.core.main.TestSuiteExecutor.accessTestSuiteMainPhase(TestSuiteExecutor.java:112)
	at com.kms.katalon.core.main.TestSuiteExecutor.execute(TestSuiteExecutor.java:81)
	at com.kms.katalon.core.main.TestCaseMain.startTestSuite(TestCaseMain.java:149)
	at com.kms.katalon.core.main.TestCaseMain$startTestSuite$0.call(Unknown Source)
	at TempTestSuite1571600047086.run(TempTestSuite1571600047086.groovy:36)
"/>
         <system-out><![CDATA[2019-10-20 21:37:19 - [TEST_CASE][FAILED] - Test Cases/CheckReservation: Test Cases/CheckReservation FAILED.
Reason:
com.kms.katalon.core.exception.StepFailedException: Unable to verify object 'Object Repository/NouvelleReservations/ResaTag/Page_Application Hissab/div_reservation_tag' is present (Root cause: com.kms.katalon.core.exception.StepFailedException: com.kms.katalon.core.webui.exception.WebElementNotFoundException: Web element with id: 'Object Repository/NouvelleReservations/ResaTag/Page_Application Hissab/div_reservation_tag' located by 'By.xpath: //*[@id = 'Appartement 2_ Nicolas Sarkozy_2019-10-20_2019-10-25']' not found)
	at com.kms.katalon.core.keyword.internal.KeywordMain.stepFailed(KeywordMain.groovy:36)
	at com.kms.katalon.core.webui.keyword.internal.WebUIKeywordMain.stepFailed(WebUIKeywordMain.groovy:65)
	at com.kms.katalon.core.webui.keyword.internal.WebUIKeywordMain.runKeyword(WebUIKeywordMain.groovy:27)
	at com.kms.katalon.core.webui.keyword.builtin.VerifyElementPresentKeyword.verifyElementPresent(VerifyElementPresentKeyword.groovy:92)
	at com.kms.katalon.core.webui.keyword.builtin.VerifyElementPresentKeyword.execute(VerifyElementPresentKeyword.groovy:68)
	at com.kms.katalon.core.keyword.internal.KeywordExecutor.executeKeywordForPlatform(KeywordExecutor.groovy:53)
	at com.kms.katalon.core.webui.keyword.WebUiBuiltInKeywords.verifyElementPresent(WebUiBuiltInKeywords.groovy:1434)
	at com.kms.katalon.core.webui.keyword.WebUiBuiltInKeywords$verifyElementPresent$7.call(Unknown Source)
	at CheckReservation.run(CheckReservation:25)
	at com.kms.katalon.core.main.ScriptEngine.run(ScriptEngine.java:194)
	at com.kms.katalon.core.main.ScriptEngine.runScriptAsRawText(ScriptEngine.java:119)
	at com.kms.katalon.core.main.TestCaseExecutor.runScript(TestCaseExecutor.java:321)
	at com.kms.katalon.core.main.TestCaseExecutor.doExecute(TestCaseExecutor.java:312)
	at com.kms.katalon.core.main.TestCaseExecutor.processExecutionPhase(TestCaseExecutor.java:291)
	at com.kms.katalon.core.main.TestCaseExecutor.accessMainPhase(TestCaseExecutor.java:283)
	at com.kms.katalon.core.main.TestCaseExecutor.execute(TestCaseExecutor.java:222)
	at com.kms.katalon.core.main.TestSuiteExecutor.accessTestCaseMainPhase(TestSuiteExecutor.java:129)
	at com.kms.katalon.core.main.TestSuiteExecutor.accessTestSuiteMainPhase(TestSuiteExecutor.java:112)
	at com.kms.katalon.core.main.TestSuiteExecutor.execute(TestSuiteExecutor.java:81)
	at com.kms.katalon.core.main.TestCaseMain.startTestSuite(TestCaseMain.java:149)
	at com.kms.katalon.core.main.TestCaseMain$startTestSuite$0.call(Unknown Source)
	at TempTestSuite1571600047086.run(TempTestSuite1571600047086.groovy:36)


2019-10-20 21:37:19 - [TEST_STEP][PASSED] - exampleId = "Appartement 2_ Nicolas Sarkozy_2019-10-20_2019-10-25": null

2019-10-20 21:37:19 - [TEST_STEP][PASSED] - verifyElementPresent(findTestObject("NouvelleReservations/Page_Application Hissab/h3_Reservations"), 0): Object 'Object Repository/NouvelleReservations/Page_Application Hissab/h3_Reservations' is present

2019-10-20 21:37:19 - [MESSAGE][WARNING] - Timeout '0' is invalid. Using default page load timeout: '30'

2019-10-20 21:37:19 - [MESSAGE][PASSED] - Object 'Object Repository/NouvelleReservations/Page_Application Hissab/h3_Reservations' is present

2019-10-20 21:37:19 - [TEST_STEP][PASSED] - scrollToElement(findTestObject("NouvelleReservations/Page_Application Hissab/h3_Reservations"), 0): Scroll to object 'Object Repository/NouvelleReservations/Page_Application Hissab/h3_Reservations' successfully

2019-10-20 21:37:19 - [MESSAGE][WARNING] - Timeout '0' is invalid. Using default page load timeout: '30'

2019-10-20 21:37:19 - [MESSAGE][PASSED] - Scroll to object 'Object Repository/NouvelleReservations/Page_Application Hissab/h3_Reservations' successfully

2019-10-20 21:37:19 - [TEST_STEP][PASSED] - click(findTestObject("NouvelleReservations/Boutons/Page_Application Hissab/button_ThisMonth")): Object: 'Object Repository/NouvelleReservations/Boutons/Page_Application Hissab/button_ThisMonth' is clicked on

2019-10-20 21:37:19 - [MESSAGE][PASSED] - Object: 'Object Repository/NouvelleReservations/Boutons/Page_Application Hissab/button_ThisMonth' is clicked on

2019-10-20 21:37:19 - [TEST_STEP][FAILED] - verifyElementPresent(findTestObject("NouvelleReservations/ResaTag/Page_Application Hissab/div_reservation_tag", ["id":exampleId]), 0): verifyElementPresent(findTestObject("NouvelleReservations/ResaTag/Page_Application Hissab/div_reservation_tag", ["id":exampleId]), 0) FAILED.
Reason:
com.kms.katalon.core.exception.StepFailedException: Unable to verify object 'Object Repository/NouvelleReservations/ResaTag/Page_Application Hissab/div_reservation_tag' is present (Root cause: com.kms.katalon.core.exception.StepFailedException: com.kms.katalon.core.webui.exception.WebElementNotFoundException: Web element with id: 'Object Repository/NouvelleReservations/ResaTag/Page_Application Hissab/div_reservation_tag' located by 'By.xpath: //*[@id = 'Appartement 2_ Nicolas Sarkozy_2019-10-20_2019-10-25']' not found)
	at com.kms.katalon.core.keyword.internal.KeywordMain.stepFailed(KeywordMain.groovy:36)
	at com.kms.katalon.core.webui.keyword.internal.WebUIKeywordMain.stepFailed(WebUIKeywordMain.groovy:65)
	at com.kms.katalon.core.webui.keyword.internal.WebUIKeywordMain.runKeyword(WebUIKeywordMain.groovy:27)
	at com.kms.katalon.core.webui.keyword.builtin.VerifyElementPresentKeyword.verifyElementPresent(VerifyElementPresentKeyword.groovy:92)
	at com.kms.katalon.core.webui.keyword.builtin.VerifyElementPresentKeyword.execute(VerifyElementPresentKeyword.groovy:68)
	at com.kms.katalon.core.keyword.internal.KeywordExecutor.executeKeywordForPlatform(KeywordExecutor.groovy:53)
	at com.kms.katalon.core.webui.keyword.WebUiBuiltInKeywords.verifyElementPresent(WebUiBuiltInKeywords.groovy:1434)
	at com.kms.katalon.core.webui.keyword.WebUiBuiltInKeywords$verifyElementPresent$7.call(Unknown Source)
	at CheckReservation.run(CheckReservation:25)
	at com.kms.katalon.core.main.ScriptEngine.run(ScriptEngine.java:194)
	at com.kms.katalon.core.main.ScriptEngine.runScriptAsRawText(ScriptEngine.java:119)
	at com.kms.katalon.core.main.TestCaseExecutor.runScript(TestCaseExecutor.java:321)
	at com.kms.katalon.core.main.TestCaseExecutor.doExecute(TestCaseExecutor.java:312)
	at com.kms.katalon.core.main.TestCaseExecutor.processExecutionPhase(TestCaseExecutor.java:291)
	at com.kms.katalon.core.main.TestCaseExecutor.accessMainPhase(TestCaseExecutor.java:283)
	at com.kms.katalon.core.main.TestCaseExecutor.execute(TestCaseExecutor.java:222)
	at com.kms.katalon.core.main.TestSuiteExecutor.accessTestCaseMainPhase(TestSuiteExecutor.java:129)
	at com.kms.katalon.core.main.TestSuiteExecutor.accessTestSuiteMainPhase(TestSuiteExecutor.java:112)
	at com.kms.katalon.core.main.TestSuiteExecutor.execute(TestSuiteExecutor.java:81)
	at com.kms.katalon.core.main.TestCaseMain.startTestSuite(TestCaseMain.java:149)
	at com.kms.katalon.core.main.TestCaseMain$startTestSuite$0.call(Unknown Source)
	at TempTestSuite1571600047086.run(TempTestSuite1571600047086.groovy:36)


2019-10-20 21:37:19 - [MESSAGE][WARNING] - Timeout '0' is invalid. Using default page load timeout: '30'

2019-10-20 21:37:50 - [MESSAGE][INFO] - Unable to find the element located by 'By.xpath: //*[@id = 'Appartement 2_ Nicolas Sarkozy_2019-10-20_2019-10-25']'. Please recheck the objects properties to make sure the desired element is located. 

2019-10-20 21:37:50 - [MESSAGE][FAILED] - com.kms.katalon.core.webui.exception.WebElementNotFoundException: Web element with id: 'Object Repository/NouvelleReservations/ResaTag/Page_Application Hissab/div_reservation_tag' located by 'By.xpath: //*[@id = 'Appartement 2_ Nicolas Sarkozy_2019-10-20_2019-10-25']' not found
[[ATTACHMENT|D:\\data\\ws-hissab-katalon\\hissab_katalon\\Reports\\Reservations\\NouvelleReservation\\20191020_213402\\1571600270605.png]]

2019-10-20 21:37:51 - [MESSAGE][FAILED] - Unable to verify object 'Object Repository/NouvelleReservations/ResaTag/Page_Application Hissab/div_reservation_tag' is present (Root cause: com.kms.katalon.core.exception.StepFailedException: com.kms.katalon.core.webui.exception.WebElementNotFoundException: Web element with id: 'Object Repository/NouvelleReservations/ResaTag/Page_Application Hissab/div_reservation_tag' located by 'By.xpath: //*[@id = 'Appartement 2_ Nicolas Sarkozy_2019-10-20_2019-10-25']' not found)
[[ATTACHMENT|D:\\data\\ws-hissab-katalon\\hissab_katalon\\Reports\\Reservations\\NouvelleReservation\\20191020_213402\\1571600270914.png]]

2019-10-20 21:37:51 - [MESSAGE][FAILED] - verifyElementPresent(findTestObject("NouvelleReservations/ResaTag/Page_Application Hissab/div_reservation_tag", ["id":exampleId]), 0) FAILED.
Reason:
com.kms.katalon.core.exception.StepFailedException: Unable to verify object 'Object Repository/NouvelleReservations/ResaTag/Page_Application Hissab/div_reservation_tag' is present (Root cause: com.kms.katalon.core.exception.StepFailedException: com.kms.katalon.core.webui.exception.WebElementNotFoundException: Web element with id: 'Object Repository/NouvelleReservations/ResaTag/Page_Application Hissab/div_reservation_tag' located by 'By.xpath: //*[@id = 'Appartement 2_ Nicolas Sarkozy_2019-10-20_2019-10-25']' not found)
	at com.kms.katalon.core.keyword.internal.KeywordMain.stepFailed(KeywordMain.groovy:36)
	at com.kms.katalon.core.webui.keyword.internal.WebUIKeywordMain.stepFailed(WebUIKeywordMain.groovy:65)
	at com.kms.katalon.core.webui.keyword.internal.WebUIKeywordMain.runKeyword(WebUIKeywordMain.groovy:27)
	at com.kms.katalon.core.webui.keyword.builtin.VerifyElementPresentKeyword.verifyElementPresent(VerifyElementPresentKeyword.groovy:92)
	at com.kms.katalon.core.webui.keyword.builtin.VerifyElementPresentKeyword.execute(VerifyElementPresentKeyword.groovy:68)
	at com.kms.katalon.core.keyword.internal.KeywordExecutor.executeKeywordForPlatform(KeywordExecutor.groovy:53)
	at com.kms.katalon.core.webui.keyword.WebUiBuiltInKeywords.verifyElementPresent(WebUiBuiltInKeywords.groovy:1434)
	at com.kms.katalon.core.webui.keyword.WebUiBuiltInKeywords$verifyElementPresent$7.call(Unknown Source)
	at CheckReservation.run(CheckReservation:25)
	at com.kms.katalon.core.main.ScriptEngine.run(ScriptEngine.java:194)
	at com.kms.katalon.core.main.ScriptEngine.runScriptAsRawText(ScriptEngine.java:119)
	at com.kms.katalon.core.main.TestCaseExecutor.runScript(TestCaseExecutor.java:321)
	at com.kms.katalon.core.main.TestCaseExecutor.doExecute(TestCaseExecutor.java:312)
	at com.kms.katalon.core.main.TestCaseExecutor.processExecutionPhase(TestCaseExecutor.java:291)
	at com.kms.katalon.core.main.TestCaseExecutor.accessMainPhase(TestCaseExecutor.java:283)
	at com.kms.katalon.core.main.TestCaseExecutor.execute(TestCaseExecutor.java:222)
	at com.kms.katalon.core.main.TestSuiteExecutor.accessTestCaseMainPhase(TestSuiteExecutor.java:129)
	at com.kms.katalon.core.main.TestSuiteExecutor.accessTestSuiteMainPhase(TestSuiteExecutor.java:112)
	at com.kms.katalon.core.main.TestSuiteExecutor.execute(TestSuiteExecutor.java:81)
	at com.kms.katalon.core.main.TestCaseMain.startTestSuite(TestCaseMain.java:149)
	at com.kms.katalon.core.main.TestCaseMain$startTestSuite$0.call(Unknown Source)
	at TempTestSuite1571600047086.run(TempTestSuite1571600047086.groovy:36)]]></system-out>
         <system-err><![CDATA[2019-10-20 21:37:19 - [TEST_CASE][FAILED] - Test Cases/CheckReservation: Test Cases/CheckReservation FAILED.
Reason:
com.kms.katalon.core.exception.StepFailedException: Unable to verify object 'Object Repository/NouvelleReservations/ResaTag/Page_Application Hissab/div_reservation_tag' is present (Root cause: com.kms.katalon.core.exception.StepFailedException: com.kms.katalon.core.webui.exception.WebElementNotFoundException: Web element with id: 'Object Repository/NouvelleReservations/ResaTag/Page_Application Hissab/div_reservation_tag' located by 'By.xpath: //*[@id = 'Appartement 2_ Nicolas Sarkozy_2019-10-20_2019-10-25']' not found)
	at com.kms.katalon.core.keyword.internal.KeywordMain.stepFailed(KeywordMain.groovy:36)
	at com.kms.katalon.core.webui.keyword.internal.WebUIKeywordMain.stepFailed(WebUIKeywordMain.groovy:65)
	at com.kms.katalon.core.webui.keyword.internal.WebUIKeywordMain.runKeyword(WebUIKeywordMain.groovy:27)
	at com.kms.katalon.core.webui.keyword.builtin.VerifyElementPresentKeyword.verifyElementPresent(VerifyElementPresentKeyword.groovy:92)
	at com.kms.katalon.core.webui.keyword.builtin.VerifyElementPresentKeyword.execute(VerifyElementPresentKeyword.groovy:68)
	at com.kms.katalon.core.keyword.internal.KeywordExecutor.executeKeywordForPlatform(KeywordExecutor.groovy:53)
	at com.kms.katalon.core.webui.keyword.WebUiBuiltInKeywords.verifyElementPresent(WebUiBuiltInKeywords.groovy:1434)
	at com.kms.katalon.core.webui.keyword.WebUiBuiltInKeywords$verifyElementPresent$7.call(Unknown Source)
	at CheckReservation.run(CheckReservation:25)
	at com.kms.katalon.core.main.ScriptEngine.run(ScriptEngine.java:194)
	at com.kms.katalon.core.main.ScriptEngine.runScriptAsRawText(ScriptEngine.java:119)
	at com.kms.katalon.core.main.TestCaseExecutor.runScript(TestCaseExecutor.java:321)
	at com.kms.katalon.core.main.TestCaseExecutor.doExecute(TestCaseExecutor.java:312)
	at com.kms.katalon.core.main.TestCaseExecutor.processExecutionPhase(TestCaseExecutor.java:291)
	at com.kms.katalon.core.main.TestCaseExecutor.accessMainPhase(TestCaseExecutor.java:283)
	at com.kms.katalon.core.main.TestCaseExecutor.execute(TestCaseExecutor.java:222)
	at com.kms.katalon.core.main.TestSuiteExecutor.accessTestCaseMainPhase(TestSuiteExecutor.java:129)
	at com.kms.katalon.core.main.TestSuiteExecutor.accessTestSuiteMainPhase(TestSuiteExecutor.java:112)
	at com.kms.katalon.core.main.TestSuiteExecutor.execute(TestSuiteExecutor.java:81)
	at com.kms.katalon.core.main.TestCaseMain.startTestSuite(TestCaseMain.java:149)
	at com.kms.katalon.core.main.TestCaseMain$startTestSuite$0.call(Unknown Source)
	at TempTestSuite1571600047086.run(TempTestSuite1571600047086.groovy:36)]]></system-err>
      </testcase>
      <testcase name="Test Cases/CloseTheBrowser" classname="Test Cases/CloseTheBrowser" status="PASSED">
         <system-out><![CDATA[2019-10-20 21:37:51 - [TEST_CASE][PASSED] - Test Cases/CloseTheBrowser: Test Cases/CloseTheBrowser

2019-10-20 21:37:51 - [TEST_STEP][PASSED] - closeBrowser(STOP_ON_FAILURE): Browser is closed

2019-10-20 21:37:52 - [MESSAGE][PASSED] - Browser is closed]]></system-out>
         <system-err><![CDATA[]]></system-err>
      </testcase>
      <system-out><![CDATA[2019-10-20 21:34:09 - [TEST_SUITE][FAILED] - NouvelleReservation: Test Cases/CheckReservation FAILED.
Reason:
com.kms.katalon.core.exception.StepFailedException: Unable to verify object 'Object Repository/NouvelleReservations/ResaTag/Page_Application Hissab/div_reservation_tag' is present (Root cause: com.kms.katalon.core.exception.StepFailedException: com.kms.katalon.core.webui.exception.WebElementNotFoundException: Web element with id: 'Object Repository/NouvelleReservations/ResaTag/Page_Application Hissab/div_reservation_tag' located by 'By.xpath: //*[@id = 'Appartement 2_ Nicolas Sarkozy_2019-10-20_2019-10-25']' not found)
	at com.kms.katalon.core.keyword.internal.KeywordMain.stepFailed(KeywordMain.groovy:36)
	at com.kms.katalon.core.webui.keyword.internal.WebUIKeywordMain.stepFailed(WebUIKeywordMain.groovy:65)
	at com.kms.katalon.core.webui.keyword.internal.WebUIKeywordMain.runKeyword(WebUIKeywordMain.groovy:27)
	at com.kms.katalon.core.webui.keyword.builtin.VerifyElementPresentKeyword.verifyElementPresent(VerifyElementPresentKeyword.groovy:92)
	at com.kms.katalon.core.webui.keyword.builtin.VerifyElementPresentKeyword.execute(VerifyElementPresentKeyword.groovy:68)
	at com.kms.katalon.core.keyword.internal.KeywordExecutor.executeKeywordForPlatform(KeywordExecutor.groovy:53)
	at com.kms.katalon.core.webui.keyword.WebUiBuiltInKeywords.verifyElementPresent(WebUiBuiltInKeywords.groovy:1434)
	at com.kms.katalon.core.webui.keyword.WebUiBuiltInKeywords$verifyElementPresent$7.call(Unknown Source)
	at CheckReservation.run(CheckReservation:25)
	at com.kms.katalon.core.main.ScriptEngine.run(ScriptEngine.java:194)
	at com.kms.katalon.core.main.ScriptEngine.runScriptAsRawText(ScriptEngine.java:119)
	at com.kms.katalon.core.main.TestCaseExecutor.runScript(TestCaseExecutor.java:321)
	at com.kms.katalon.core.main.TestCaseExecutor.doExecute(TestCaseExecutor.java:312)
	at com.kms.katalon.core.main.TestCaseExecutor.processExecutionPhase(TestCaseExecutor.java:291)
	at com.kms.katalon.core.main.TestCaseExecutor.accessMainPhase(TestCaseExecutor.java:283)
	at com.kms.katalon.core.main.TestCaseExecutor.execute(TestCaseExecutor.java:222)
	at com.kms.katalon.core.main.TestSuiteExecutor.accessTestCaseMainPhase(TestSuiteExecutor.java:129)
	at com.kms.katalon.core.main.TestSuiteExecutor.accessTestSuiteMainPhase(TestSuiteExecutor.java:112)
	at com.kms.katalon.core.main.TestSuiteExecutor.execute(TestSuiteExecutor.java:81)
	at com.kms.katalon.core.main.TestCaseMain.startTestSuite(TestCaseMain.java:149)
	at com.kms.katalon.core.main.TestCaseMain$startTestSuite$0.call(Unknown Source)
	at TempTestSuite1571600047086.run(TempTestSuite1571600047086.groovy:36)]]></system-out>
      <system-err><![CDATA[2019-10-20 21:34:09 - [TEST_SUITE][FAILED] - NouvelleReservation: Test Cases/CheckReservation FAILED.
Reason:
com.kms.katalon.core.exception.StepFailedException: Unable to verify object 'Object Repository/NouvelleReservations/ResaTag/Page_Application Hissab/div_reservation_tag' is present (Root cause: com.kms.katalon.core.exception.StepFailedException: com.kms.katalon.core.webui.exception.WebElementNotFoundException: Web element with id: 'Object Repository/NouvelleReservations/ResaTag/Page_Application Hissab/div_reservation_tag' located by 'By.xpath: //*[@id = 'Appartement 2_ Nicolas Sarkozy_2019-10-20_2019-10-25']' not found)
	at com.kms.katalon.core.keyword.internal.KeywordMain.stepFailed(KeywordMain.groovy:36)
	at com.kms.katalon.core.webui.keyword.internal.WebUIKeywordMain.stepFailed(WebUIKeywordMain.groovy:65)
	at com.kms.katalon.core.webui.keyword.internal.WebUIKeywordMain.runKeyword(WebUIKeywordMain.groovy:27)
	at com.kms.katalon.core.webui.keyword.builtin.VerifyElementPresentKeyword.verifyElementPresent(VerifyElementPresentKeyword.groovy:92)
	at com.kms.katalon.core.webui.keyword.builtin.VerifyElementPresentKeyword.execute(VerifyElementPresentKeyword.groovy:68)
	at com.kms.katalon.core.keyword.internal.KeywordExecutor.executeKeywordForPlatform(KeywordExecutor.groovy:53)
	at com.kms.katalon.core.webui.keyword.WebUiBuiltInKeywords.verifyElementPresent(WebUiBuiltInKeywords.groovy:1434)
	at com.kms.katalon.core.webui.keyword.WebUiBuiltInKeywords$verifyElementPresent$7.call(Unknown Source)
	at CheckReservation.run(CheckReservation:25)
	at com.kms.katalon.core.main.ScriptEngine.run(ScriptEngine.java:194)
	at com.kms.katalon.core.main.ScriptEngine.runScriptAsRawText(ScriptEngine.java:119)
	at com.kms.katalon.core.main.TestCaseExecutor.runScript(TestCaseExecutor.java:321)
	at com.kms.katalon.core.main.TestCaseExecutor.doExecute(TestCaseExecutor.java:312)
	at com.kms.katalon.core.main.TestCaseExecutor.processExecutionPhase(TestCaseExecutor.java:291)
	at com.kms.katalon.core.main.TestCaseExecutor.accessMainPhase(TestCaseExecutor.java:283)
	at com.kms.katalon.core.main.TestCaseExecutor.execute(TestCaseExecutor.java:222)
	at com.kms.katalon.core.main.TestSuiteExecutor.accessTestCaseMainPhase(TestSuiteExecutor.java:129)
	at com.kms.katalon.core.main.TestSuiteExecutor.accessTestSuiteMainPhase(TestSuiteExecutor.java:112)
	at com.kms.katalon.core.main.TestSuiteExecutor.execute(TestSuiteExecutor.java:81)
	at com.kms.katalon.core.main.TestCaseMain.startTestSuite(TestCaseMain.java:149)
	at com.kms.katalon.core.main.TestCaseMain$startTestSuite$0.call(Unknown Source)
	at TempTestSuite1571600047086.run(TempTestSuite1571600047086.groovy:36)]]></system-err>
   </testsuite>
</testsuites>
