<?xml version="1.0" encoding="UTF-8"?>
<testsuites name="NouvelleReservation" time="21" tests="4" failures="2" errors="0">
   <testsuite name="NouvelleReservation" tests="4" failures="2" errors="0" time="21" timestamp="2019-10-20 18:47:26" hostname="bouda - DESKTOP-L8US96K" id="Test Suites/Reservations/NouvelleReservation">
      <properties>
         <property name="deviceName" value=""/>
         <property name="devicePlatform" value=""/>
         <property name="logFolder" value="D:\\data\\ws-hissab-katalon\\hissab_katalon\\Reports\\Reservations\\NouvelleReservation\\20191020_184719"/>
         <property name="logFiles" value="D:\\data\\ws-hissab-katalon\\hissab_katalon\\Reports\\Reservations\\NouvelleReservation\\20191020_184719\\execution0.log"/>
         <property name="attachments" value="D:\\data\\ws-hissab-katalon\\hissab_katalon\\Reports\\Reservations\\NouvelleReservation\\20191020_184719\\1571590065862.png, D:\\data\\ws-hissab-katalon\\hissab_katalon\\Reports\\Reservations\\NouvelleReservation\\20191020_184719\\1571590066596.png"/>
         <property name="hostName" value="bouda - DESKTOP-L8US96K"/>
         <property name="os" value="Windows 10 64bit"/>
         <property name="katalonVersion" value="5.9.1.2"/>
         <property name="browser" value="Chrome 77.0.3865.120"/>
         <property name="hostAddress" value="192.168.99.1"/>
         <property name="sessionId" value="a91a60eda1e71e81d77b6fd9d6e7ed75"/>
         <property name="seleniumVersion" value="3.7.1"/>
         <property name="proxyInformation" value="ProxyInformation{proxyOption=NO_PROXY, proxyServerType=HTTP, password=, proxyServerAddress=, proxyServerPort=0}"/>
         <property name="platform" value="Windows 10"/>
      </properties>
      <testcase name="Test Cases/OpenTheBrowser" classname="Test Cases/OpenTheBrowser" status="PASSED">
         <system-out><![CDATA[2019-10-20 18:47:27 - [TEST_CASE][PASSED] - Test Cases/OpenTheBrowser: Test Cases/OpenTheBrowser

2019-10-20 18:47:27 - [TEST_STEP][PASSED] - openBrowser(""): Browser is opened with url: ''

2019-10-20 18:47:28 - [MESSAGE][INFO] - Starting 'Chrome' driver

2019-10-20 18:47:28 - [MESSAGE][INFO] - Action delay is set to 0 seconds

2019-10-20 18:47:31 - [MESSAGE][PASSED] - Browser is opened with url: ''

2019-10-20 18:47:31 - [TEST_STEP][PASSED] - navigateToUrl("http://localhost:4200/"): Navigate to 'http://localhost:4200/' successfully

2019-10-20 18:47:34 - [MESSAGE][PASSED] - Navigate to 'http://localhost:4200/' successfully

2019-10-20 18:47:34 - [TEST_STEP][PASSED] - click(findTestObject("Object Repository/NouvelleReservations/Page_Application Hissab/h2_Bienvenue")): Object: 'Object Repository/NouvelleReservations/Page_Application Hissab/h2_Bienvenue' is clicked on

2019-10-20 18:47:36 - [MESSAGE][PASSED] - Object: 'Object Repository/NouvelleReservations/Page_Application Hissab/h2_Bienvenue' is clicked on

2019-10-20 18:47:36 - [TEST_STEP][PASSED] - setText(findTestObject("Object Repository/NouvelleReservations/Page_Application Hissab/input_Email_email"), "abdellatif.boudalh@gmail.com"): Text 'abdellatif.boudalh@gmail.com' is set on object 'Object Repository/NouvelleReservations/Page_Application Hissab/input_Email_email'

2019-10-20 18:47:36 - [MESSAGE][PASSED] - Text 'abdellatif.boudalh@gmail.com' is set on object 'Object Repository/NouvelleReservations/Page_Application Hissab/input_Email_email'

2019-10-20 18:47:36 - [TEST_STEP][PASSED] - setEncryptedText(findTestObject("Object Repository/NouvelleReservations/Page_Application Hissab/input_Mot de passe_password"), "g5aLkrmNNK9wgGsRIXINCA=="): Text ****** has been set on object 'Object Repository/NouvelleReservations/Page_Application Hissab/input_Mot de passe_password'

2019-10-20 18:47:37 - [MESSAGE][PASSED] - Text ****** has been set on object 'Object Repository/NouvelleReservations/Page_Application Hissab/input_Mot de passe_password'

2019-10-20 18:47:37 - [TEST_STEP][PASSED] - click(findTestObject("Object Repository/NouvelleReservations/Page_Application Hissab/button_Connexion")): Object: 'Object Repository/NouvelleReservations/Page_Application Hissab/button_Connexion' is clicked on

2019-10-20 18:47:37 - [MESSAGE][PASSED] - Object: 'Object Repository/NouvelleReservations/Page_Application Hissab/button_Connexion' is clicked on]]></system-out>
         <system-err><![CDATA[]]></system-err>
      </testcase>
      <testcase name="Test Cases/NewReservation" classname="Test Cases/NewReservation" status="PASSED">
         <system-out><![CDATA[2019-10-20 18:47:37 - [TEST_CASE][PASSED] - Test Cases/NewReservation: Test Cases/NewReservation

2019-10-20 18:47:37 - [TEST_STEP][PASSED] - scrollToElement(findTestObject("NouvelleReservations/Page_Application Hissab/button_Nouvelle Reservation"), 0): Scroll to object 'Object Repository/NouvelleReservations/Page_Application Hissab/button_Nouvelle Reservation' successfully

2019-10-20 18:47:37 - [MESSAGE][WARNING] - Timeout '0' is invalid. Using default page load timeout: '30'

2019-10-20 18:47:38 - [MESSAGE][PASSED] - Scroll to object 'Object Repository/NouvelleReservations/Page_Application Hissab/button_Nouvelle Reservation' successfully

2019-10-20 18:47:38 - [TEST_STEP][PASSED] - click(findTestObject("Object Repository/NouvelleReservations/Page_Application Hissab/button_Nouvelle Reservation")): Object: 'Object Repository/NouvelleReservations/Page_Application Hissab/button_Nouvelle Reservation' is clicked on

2019-10-20 18:47:39 - [MESSAGE][PASSED] - Object: 'Object Repository/NouvelleReservations/Page_Application Hissab/button_Nouvelle Reservation' is clicked on

2019-10-20 18:47:39 - [TEST_STEP][PASSED] - selectOptionByValue(findTestObject("Object Repository/NouvelleReservations/Page_Application Hissab/select_Appartement 0Appartemen"), Appartement, true): All options with value 'Appartement 2' are selected in object 'Object Repository/NouvelleReservations/Page_Application Hissab/select_Appartement 0Appartemen'  using regular expression

2019-10-20 18:47:39 - [MESSAGE][PASSED] - All options with value 'Appartement 2' are selected in object 'Object Repository/NouvelleReservations/Page_Application Hissab/select_Appartement 0Appartemen'  using regular expression

2019-10-20 18:47:39 - [TEST_STEP][PASSED] - setText(findTestObject("NouvelleReservations/Dates/Page_Application Hissab/input_Arriv_arrive"), jour_arrive): Text '20' is set on object 'Object Repository/NouvelleReservations/Dates/Page_Application Hissab/input_Arriv_arrive'

2019-10-20 18:47:39 - [MESSAGE][PASSED] - Text '20' is set on object 'Object Repository/NouvelleReservations/Dates/Page_Application Hissab/input_Arriv_arrive'

2019-10-20 18:47:39 - [TEST_STEP][PASSED] - setText(findTestObject("NouvelleReservations/Dates/Page_Application Hissab/input_Dpart_depart"), jour_depart): Text '25102019' is set on object 'Object Repository/NouvelleReservations/Dates/Page_Application Hissab/input_Dpart_depart'

2019-10-20 18:47:39 - [MESSAGE][PASSED] - Text '25102019' is set on object 'Object Repository/NouvelleReservations/Dates/Page_Application Hissab/input_Dpart_depart'

2019-10-20 18:47:39 - [TEST_STEP][PASSED] - setText(findTestObject("Object Repository/NouvelleReservations/Page_Application Hissab/input_Nom complet_nomcomplet"), Nom_Client): Text ' Nicolas Sarkozy' is set on object 'Object Repository/NouvelleReservations/Page_Application Hissab/input_Nom complet_nomcomplet'

2019-10-20 18:47:39 - [MESSAGE][PASSED] - Text ' Nicolas Sarkozy' is set on object 'Object Repository/NouvelleReservations/Page_Application Hissab/input_Nom complet_nomcomplet'

2019-10-20 18:47:39 - [TEST_STEP][PASSED] - sendKeys(findTestObject("Object Repository/NouvelleReservations/Page_Application Hissab/input_Tlphone_phone"), Keys.chord(ENTER)): Keys 'ENTER + ' sent to object: 'Object Repository/NouvelleReservations/Page_Application Hissab/input_Tlphone_phone'

2019-10-20 18:47:40 - [MESSAGE][PASSED] - Keys 'ENTER + ' sent to object: 'Object Repository/NouvelleReservations/Page_Application Hissab/input_Tlphone_phone'

2019-10-20 18:47:40 - [TEST_STEP][PASSED] - setText(findTestObject("Object Repository/NouvelleReservations/Page_Application Hissab/input_Tlphone_phone"), Phone): Text '+33699089737' is set on object 'Object Repository/NouvelleReservations/Page_Application Hissab/input_Tlphone_phone'

2019-10-20 18:47:40 - [MESSAGE][PASSED] - Text '+33699089737' is set on object 'Object Repository/NouvelleReservations/Page_Application Hissab/input_Tlphone_phone'

2019-10-20 18:47:40 - [TEST_STEP][PASSED] - setText(findTestObject("Object Repository/NouvelleReservations/Page_Application Hissab/input_Prix_prix"), Prix): Text ' 1200' is set on object 'Object Repository/NouvelleReservations/Page_Application Hissab/input_Prix_prix'

2019-10-20 18:47:40 - [MESSAGE][PASSED] - Text ' 1200' is set on object 'Object Repository/NouvelleReservations/Page_Application Hissab/input_Prix_prix'

2019-10-20 18:47:40 - [TEST_STEP][PASSED] - selectOptionByValue(findTestObject("Object Repository/NouvelleReservations/Page_Application Hissab/select_EurosDirhams"), Devise, true): All options with value 'Dirhams' are selected in object 'Object Repository/NouvelleReservations/Page_Application Hissab/select_EurosDirhams'  using regular expression

2019-10-20 18:47:40 - [MESSAGE][PASSED] - All options with value 'Dirhams' are selected in object 'Object Repository/NouvelleReservations/Page_Application Hissab/select_EurosDirhams'  using regular expression

2019-10-20 18:47:40 - [TEST_STEP][PASSED] - selectOptionByValue(findTestObject("Object Repository/NouvelleReservations/Page_Application Hissab/select_A pay en ligneVa payer"), Mode_paiement, true): All options with value 'A payé en ligne' are selected in object 'Object Repository/NouvelleReservations/Page_Application Hissab/select_A pay en ligneVa payer'  using regular expression

2019-10-20 18:47:40 - [MESSAGE][PASSED] - All options with value 'A payé en ligne' are selected in object 'Object Repository/NouvelleReservations/Page_Application Hissab/select_A pay en ligneVa payer'  using regular expression

2019-10-20 18:47:40 - [TEST_STEP][PASSED] - selectOptionByValue(findTestObject("NouvelleReservations/Page_Application Hissab/select_nbr_adulte"), nbr_adulte, true): All options with value '2' are selected in object 'Object Repository/NouvelleReservations/Page_Application Hissab/select_nbr_adulte'  using regular expression

2019-10-20 18:47:41 - [MESSAGE][PASSED] - All options with value '2' are selected in object 'Object Repository/NouvelleReservations/Page_Application Hissab/select_nbr_adulte'  using regular expression

2019-10-20 18:47:41 - [TEST_STEP][PASSED] - selectOptionByValue(findTestObject("NouvelleReservations/Page_Application Hissab/select_nbr_enfant"), nbr_enfant, true): All options with value '3' are selected in object 'Object Repository/NouvelleReservations/Page_Application Hissab/select_nbr_enfant'  using regular expression

2019-10-20 18:47:41 - [MESSAGE][PASSED] - All options with value '3' are selected in object 'Object Repository/NouvelleReservations/Page_Application Hissab/select_nbr_enfant'  using regular expression

2019-10-20 18:47:41 - [TEST_STEP][PASSED] - setText(findTestObject("Object Repository/NouvelleReservations/Page_Application Hissab/textarea_Commentaires (faculta"), Comments): Text ' Voici mon commentaire' is set on object 'Object Repository/NouvelleReservations/Page_Application Hissab/textarea_Commentaires (faculta'

2019-10-20 18:47:41 - [MESSAGE][PASSED] - Text ' Voici mon commentaire' is set on object 'Object Repository/NouvelleReservations/Page_Application Hissab/textarea_Commentaires (faculta'

2019-10-20 18:47:41 - [TEST_STEP][PASSED] - scrollToElement(findTestObject("NouvelleReservations/Page_Application Hissab/button_Enregistrer"), 0): Scroll to object 'Object Repository/NouvelleReservations/Page_Application Hissab/button_Enregistrer' successfully

2019-10-20 18:47:41 - [MESSAGE][WARNING] - Timeout '0' is invalid. Using default page load timeout: '30'

2019-10-20 18:47:41 - [MESSAGE][PASSED] - Scroll to object 'Object Repository/NouvelleReservations/Page_Application Hissab/button_Enregistrer' successfully

2019-10-20 18:47:41 - [TEST_STEP][PASSED] - click(findTestObject("Object Repository/NouvelleReservations/Page_Application Hissab/button_Enregistrer")): Object: 'Object Repository/NouvelleReservations/Page_Application Hissab/button_Enregistrer' is clicked on

2019-10-20 18:47:42 - [MESSAGE][PASSED] - Object: 'Object Repository/NouvelleReservations/Page_Application Hissab/button_Enregistrer' is clicked on]]></system-out>
         <system-err><![CDATA[]]></system-err>
      </testcase>
      <testcase name="Test Cases/NewReservation" classname="Test Cases/NewReservation" status="PASSED">
         <system-out><![CDATA[2019-10-20 18:47:42 - [TEST_CASE][PASSED] - Test Cases/NewReservation: Test Cases/NewReservation

2019-10-20 18:47:42 - [TEST_STEP][PASSED] - scrollToElement(findTestObject("NouvelleReservations/Page_Application Hissab/button_Nouvelle Reservation"), 0): Scroll to object 'Object Repository/NouvelleReservations/Page_Application Hissab/button_Nouvelle Reservation' successfully

2019-10-20 18:47:42 - [MESSAGE][WARNING] - Timeout '0' is invalid. Using default page load timeout: '30'

2019-10-20 18:47:42 - [MESSAGE][PASSED] - Scroll to object 'Object Repository/NouvelleReservations/Page_Application Hissab/button_Nouvelle Reservation' successfully

2019-10-20 18:47:42 - [TEST_STEP][PASSED] - click(findTestObject("Object Repository/NouvelleReservations/Page_Application Hissab/button_Nouvelle Reservation")): Object: 'Object Repository/NouvelleReservations/Page_Application Hissab/button_Nouvelle Reservation' is clicked on

2019-10-20 18:47:42 - [MESSAGE][PASSED] - Object: 'Object Repository/NouvelleReservations/Page_Application Hissab/button_Nouvelle Reservation' is clicked on

2019-10-20 18:47:42 - [TEST_STEP][PASSED] - selectOptionByValue(findTestObject("Object Repository/NouvelleReservations/Page_Application Hissab/select_Appartement 0Appartemen"), Appartement, true): All options with value 'Appartement 5' are selected in object 'Object Repository/NouvelleReservations/Page_Application Hissab/select_Appartement 0Appartemen'  using regular expression

2019-10-20 18:47:42 - [MESSAGE][PASSED] - All options with value 'Appartement 5' are selected in object 'Object Repository/NouvelleReservations/Page_Application Hissab/select_Appartement 0Appartemen'  using regular expression

2019-10-20 18:47:42 - [TEST_STEP][PASSED] - setText(findTestObject("NouvelleReservations/Dates/Page_Application Hissab/input_Arriv_arrive"), jour_arrive): Text '10' is set on object 'Object Repository/NouvelleReservations/Dates/Page_Application Hissab/input_Arriv_arrive'

2019-10-20 18:47:42 - [MESSAGE][PASSED] - Text '10' is set on object 'Object Repository/NouvelleReservations/Dates/Page_Application Hissab/input_Arriv_arrive'

2019-10-20 18:47:42 - [TEST_STEP][PASSED] - setText(findTestObject("NouvelleReservations/Dates/Page_Application Hissab/input_Dpart_depart"), jour_depart): Text '21102019' is set on object 'Object Repository/NouvelleReservations/Dates/Page_Application Hissab/input_Dpart_depart'

2019-10-20 18:47:42 - [MESSAGE][PASSED] - Text '21102019' is set on object 'Object Repository/NouvelleReservations/Dates/Page_Application Hissab/input_Dpart_depart'

2019-10-20 18:47:42 - [TEST_STEP][PASSED] - setText(findTestObject("Object Repository/NouvelleReservations/Page_Application Hissab/input_Nom complet_nomcomplet"), Nom_Client): Text ' Jacques Chirac' is set on object 'Object Repository/NouvelleReservations/Page_Application Hissab/input_Nom complet_nomcomplet'

2019-10-20 18:47:43 - [MESSAGE][PASSED] - Text ' Jacques Chirac' is set on object 'Object Repository/NouvelleReservations/Page_Application Hissab/input_Nom complet_nomcomplet'

2019-10-20 18:47:43 - [TEST_STEP][PASSED] - sendKeys(findTestObject("Object Repository/NouvelleReservations/Page_Application Hissab/input_Tlphone_phone"), Keys.chord(ENTER)): Keys 'ENTER + ' sent to object: 'Object Repository/NouvelleReservations/Page_Application Hissab/input_Tlphone_phone'

2019-10-20 18:47:43 - [MESSAGE][PASSED] - Keys 'ENTER + ' sent to object: 'Object Repository/NouvelleReservations/Page_Application Hissab/input_Tlphone_phone'

2019-10-20 18:47:43 - [TEST_STEP][PASSED] - setText(findTestObject("Object Repository/NouvelleReservations/Page_Application Hissab/input_Tlphone_phone"), Phone): Text '+2123004903403' is set on object 'Object Repository/NouvelleReservations/Page_Application Hissab/input_Tlphone_phone'

2019-10-20 18:47:43 - [MESSAGE][PASSED] - Text '+2123004903403' is set on object 'Object Repository/NouvelleReservations/Page_Application Hissab/input_Tlphone_phone'

2019-10-20 18:47:43 - [TEST_STEP][PASSED] - setText(findTestObject("Object Repository/NouvelleReservations/Page_Application Hissab/input_Prix_prix"), Prix): Text ' 400' is set on object 'Object Repository/NouvelleReservations/Page_Application Hissab/input_Prix_prix'

2019-10-20 18:47:43 - [MESSAGE][PASSED] - Text ' 400' is set on object 'Object Repository/NouvelleReservations/Page_Application Hissab/input_Prix_prix'

2019-10-20 18:47:43 - [TEST_STEP][PASSED] - selectOptionByValue(findTestObject("Object Repository/NouvelleReservations/Page_Application Hissab/select_EurosDirhams"), Devise, true): All options with value 'Euros' are selected in object 'Object Repository/NouvelleReservations/Page_Application Hissab/select_EurosDirhams'  using regular expression

2019-10-20 18:47:43 - [MESSAGE][PASSED] - All options with value 'Euros' are selected in object 'Object Repository/NouvelleReservations/Page_Application Hissab/select_EurosDirhams'  using regular expression

2019-10-20 18:47:43 - [TEST_STEP][PASSED] - selectOptionByValue(findTestObject("Object Repository/NouvelleReservations/Page_Application Hissab/select_A pay en ligneVa payer"), Mode_paiement, true): All options with value 'Va payer sur place' are selected in object 'Object Repository/NouvelleReservations/Page_Application Hissab/select_A pay en ligneVa payer'  using regular expression

2019-10-20 18:47:44 - [MESSAGE][PASSED] - All options with value 'Va payer sur place' are selected in object 'Object Repository/NouvelleReservations/Page_Application Hissab/select_A pay en ligneVa payer'  using regular expression

2019-10-20 18:47:44 - [TEST_STEP][PASSED] - selectOptionByValue(findTestObject("NouvelleReservations/Page_Application Hissab/select_nbr_adulte"), nbr_adulte, true): All options with value '2' are selected in object 'Object Repository/NouvelleReservations/Page_Application Hissab/select_nbr_adulte'  using regular expression

2019-10-20 18:47:44 - [MESSAGE][PASSED] - All options with value '2' are selected in object 'Object Repository/NouvelleReservations/Page_Application Hissab/select_nbr_adulte'  using regular expression

2019-10-20 18:47:44 - [TEST_STEP][PASSED] - selectOptionByValue(findTestObject("NouvelleReservations/Page_Application Hissab/select_nbr_enfant"), nbr_enfant, true): All options with value '0' are selected in object 'Object Repository/NouvelleReservations/Page_Application Hissab/select_nbr_enfant'  using regular expression

2019-10-20 18:47:44 - [MESSAGE][PASSED] - All options with value '0' are selected in object 'Object Repository/NouvelleReservations/Page_Application Hissab/select_nbr_enfant'  using regular expression

2019-10-20 18:47:44 - [TEST_STEP][PASSED] - setText(findTestObject("Object Repository/NouvelleReservations/Page_Application Hissab/textarea_Commentaires (faculta"), Comments): Text ' Riji m3a 2h diel sba7' is set on object 'Object Repository/NouvelleReservations/Page_Application Hissab/textarea_Commentaires (faculta'

2019-10-20 18:47:44 - [MESSAGE][PASSED] - Text ' Riji m3a 2h diel sba7' is set on object 'Object Repository/NouvelleReservations/Page_Application Hissab/textarea_Commentaires (faculta'

2019-10-20 18:47:44 - [TEST_STEP][PASSED] - scrollToElement(findTestObject("NouvelleReservations/Page_Application Hissab/button_Enregistrer"), 0): Scroll to object 'Object Repository/NouvelleReservations/Page_Application Hissab/button_Enregistrer' successfully

2019-10-20 18:47:44 - [MESSAGE][WARNING] - Timeout '0' is invalid. Using default page load timeout: '30'

2019-10-20 18:47:44 - [MESSAGE][PASSED] - Scroll to object 'Object Repository/NouvelleReservations/Page_Application Hissab/button_Enregistrer' successfully

2019-10-20 18:47:44 - [TEST_STEP][PASSED] - click(findTestObject("Object Repository/NouvelleReservations/Page_Application Hissab/button_Enregistrer")): Object: 'Object Repository/NouvelleReservations/Page_Application Hissab/button_Enregistrer' is clicked on

2019-10-20 18:47:44 - [MESSAGE][PASSED] - Object: 'Object Repository/NouvelleReservations/Page_Application Hissab/button_Enregistrer' is clicked on]]></system-out>
         <system-err><![CDATA[]]></system-err>
      </testcase>
      <testcase name="Test Cases/CheckReservation" classname="Test Cases/CheckReservation" status="FAILED">
         <failure type="FAILED" message="Test Cases/CheckReservation FAILED.
Reason:
com.kms.katalon.core.exception.StepFailedException: Unable to click on object 'Object Repository/NouvelleReservations/ResaTag/Page_Application Hissab/div_reservation_tag' (Root cause: org.openqa.selenium.WebDriverException: unknown error: Element &lt;app-reservation-tag _ngcontent-c4=&quot;&quot; appart=&quot;Appartement 2&quot; _nghost-c6=&quot;&quot; ng-reflect-reservation=&quot;[object Object]&quot; ng-reflect-filter-appart=&quot;Tous les appartements&quot; ng-reflect-appart=&quot;Appartement 2&quot; ng-reflect-quand=&quot;Tous&quot; id=&quot;Appartement 2_ Nicolas Sarkozy_2019-10-20_2019-10-25&quot;>...&lt;/app-reservation-tag> is not clickable at point (27, 0). Other element would receive the click: &lt;nav _ngcontent-c1=&quot;&quot; class=&quot;navbar navbar-expand-lg navbar-dark bg-primary fixed-top&quot;>...&lt;/nav>
  (Session info: chrome=77.0.3865.120)
  (Driver info: chromedriver=2.43.600210 (68dcf5eebde37173d4027fa8635e332711d2874a),platform=Windows NT 10.0.17134 x86_64) (WARNING: The server did not provide any stacktrace information)
Command duration or timeout: 0 milliseconds
Build info: version: '3.7.1', revision: '8a0099a', time: '2017-11-06T21:07:36.161Z'
System info: host: 'DESKTOP-L8US96K', ip: '192.168.99.1', os.name: 'Windows 10', os.arch: 'amd64', os.version: '10.0', java.version: '1.8.0_181'
Driver info: com.kms.katalon.selenium.driver.CChromeDriver
Capabilities {acceptInsecureCerts: false, acceptSslCerts: false, applicationCacheEnabled: false, browserConnectionEnabled: false, browserName: chrome, chrome: {chromedriverVersion: 2.43.600210 (68dcf5eebde371..., userDataDir: C:\Users\bouda\AppData\Loca...}, cssSelectorsEnabled: true, databaseEnabled: false, goog:chromeOptions: {debuggerAddress: localhost:61618}, handlesAlerts: true, hasTouchScreen: false, javascriptEnabled: true, locationContextEnabled: true, mobileEmulationEnabled: false, nativeEvents: true, networkConnectionEnabled: false, pageLoadStrategy: normal, platform: XP, platformName: XP, rotatable: false, setWindowRect: true, takesHeapSnapshot: true, takesScreenshot: true, unexpectedAlertBehaviour: , unhandledPromptBehavior: , version: 77.0.3865.120, webStorageEnabled: true}
Session ID: a91a60eda1e71e81d77b6fd9d6e7ed75)
	at com.kms.katalon.core.keyword.internal.KeywordMain.stepFailed(KeywordMain.groovy:36)
	at com.kms.katalon.core.webui.keyword.internal.WebUIKeywordMain.stepFailed(WebUIKeywordMain.groovy:65)
	at com.kms.katalon.core.webui.keyword.internal.WebUIKeywordMain.runKeyword(WebUIKeywordMain.groovy:27)
	at com.kms.katalon.core.webui.keyword.builtin.ClickKeyword.click(ClickKeyword.groovy:86)
	at com.kms.katalon.core.webui.keyword.builtin.ClickKeyword.execute(ClickKeyword.groovy:67)
	at com.kms.katalon.core.keyword.internal.KeywordExecutor.executeKeywordForPlatform(KeywordExecutor.groovy:53)
	at com.kms.katalon.core.webui.keyword.WebUiBuiltInKeywords.click(WebUiBuiltInKeywords.groovy:616)
	at com.kms.katalon.core.webui.keyword.WebUiBuiltInKeywords$click$1.call(Unknown Source)
	at CheckReservation.run(CheckReservation:29)
	at com.kms.katalon.core.main.ScriptEngine.run(ScriptEngine.java:194)
	at com.kms.katalon.core.main.ScriptEngine.runScriptAsRawText(ScriptEngine.java:119)
	at com.kms.katalon.core.main.TestCaseExecutor.runScript(TestCaseExecutor.java:321)
	at com.kms.katalon.core.main.TestCaseExecutor.doExecute(TestCaseExecutor.java:312)
	at com.kms.katalon.core.main.TestCaseExecutor.processExecutionPhase(TestCaseExecutor.java:291)
	at com.kms.katalon.core.main.TestCaseExecutor.accessMainPhase(TestCaseExecutor.java:283)
	at com.kms.katalon.core.main.TestCaseExecutor.execute(TestCaseExecutor.java:222)
	at com.kms.katalon.core.main.TestSuiteExecutor.accessTestCaseMainPhase(TestSuiteExecutor.java:129)
	at com.kms.katalon.core.main.TestSuiteExecutor.accessTestSuiteMainPhase(TestSuiteExecutor.java:112)
	at com.kms.katalon.core.main.TestSuiteExecutor.execute(TestSuiteExecutor.java:81)
	at com.kms.katalon.core.main.TestCaseMain.startTestSuite(TestCaseMain.java:149)
	at com.kms.katalon.core.main.TestCaseMain$startTestSuite$0.call(Unknown Source)
	at TempTestSuite1571590044450.run(TempTestSuite1571590044450.groovy:36)
"/>
         <system-out><![CDATA[2019-10-20 18:47:44 - [TEST_CASE][FAILED] - Test Cases/CheckReservation: Test Cases/CheckReservation FAILED.
Reason:
com.kms.katalon.core.exception.StepFailedException: Unable to click on object 'Object Repository/NouvelleReservations/ResaTag/Page_Application Hissab/div_reservation_tag' (Root cause: org.openqa.selenium.WebDriverException: unknown error: Element <app-reservation-tag _ngcontent-c4="" appart="Appartement 2" _nghost-c6="" ng-reflect-reservation="[object Object]" ng-reflect-filter-appart="Tous les appartements" ng-reflect-appart="Appartement 2" ng-reflect-quand="Tous" id="Appartement 2_ Nicolas Sarkozy_2019-10-20_2019-10-25">...</app-reservation-tag> is not clickable at point (27, 0). Other element would receive the click: <nav _ngcontent-c1="" class="navbar navbar-expand-lg navbar-dark bg-primary fixed-top">...</nav>
  (Session info: chrome=77.0.3865.120)
  (Driver info: chromedriver=2.43.600210 (68dcf5eebde37173d4027fa8635e332711d2874a),platform=Windows NT 10.0.17134 x86_64) (WARNING: The server did not provide any stacktrace information)
Command duration or timeout: 0 milliseconds
Build info: version: '3.7.1', revision: '8a0099a', time: '2017-11-06T21:07:36.161Z'
System info: host: 'DESKTOP-L8US96K', ip: '192.168.99.1', os.name: 'Windows 10', os.arch: 'amd64', os.version: '10.0', java.version: '1.8.0_181'
Driver info: com.kms.katalon.selenium.driver.CChromeDriver
Capabilities {acceptInsecureCerts: false, acceptSslCerts: false, applicationCacheEnabled: false, browserConnectionEnabled: false, browserName: chrome, chrome: {chromedriverVersion: 2.43.600210 (68dcf5eebde371..., userDataDir: C:\Users\bouda\AppData\Loca...}, cssSelectorsEnabled: true, databaseEnabled: false, goog:chromeOptions: {debuggerAddress: localhost:61618}, handlesAlerts: true, hasTouchScreen: false, javascriptEnabled: true, locationContextEnabled: true, mobileEmulationEnabled: false, nativeEvents: true, networkConnectionEnabled: false, pageLoadStrategy: normal, platform: XP, platformName: XP, rotatable: false, setWindowRect: true, takesHeapSnapshot: true, takesScreenshot: true, unexpectedAlertBehaviour: , unhandledPromptBehavior: , version: 77.0.3865.120, webStorageEnabled: true}
Session ID: a91a60eda1e71e81d77b6fd9d6e7ed75)
	at com.kms.katalon.core.keyword.internal.KeywordMain.stepFailed(KeywordMain.groovy:36)
	at com.kms.katalon.core.webui.keyword.internal.WebUIKeywordMain.stepFailed(WebUIKeywordMain.groovy:65)
	at com.kms.katalon.core.webui.keyword.internal.WebUIKeywordMain.runKeyword(WebUIKeywordMain.groovy:27)
	at com.kms.katalon.core.webui.keyword.builtin.ClickKeyword.click(ClickKeyword.groovy:86)
	at com.kms.katalon.core.webui.keyword.builtin.ClickKeyword.execute(ClickKeyword.groovy:67)
	at com.kms.katalon.core.keyword.internal.KeywordExecutor.executeKeywordForPlatform(KeywordExecutor.groovy:53)
	at com.kms.katalon.core.webui.keyword.WebUiBuiltInKeywords.click(WebUiBuiltInKeywords.groovy:616)
	at com.kms.katalon.core.webui.keyword.WebUiBuiltInKeywords$click$1.call(Unknown Source)
	at CheckReservation.run(CheckReservation:29)
	at com.kms.katalon.core.main.ScriptEngine.run(ScriptEngine.java:194)
	at com.kms.katalon.core.main.ScriptEngine.runScriptAsRawText(ScriptEngine.java:119)
	at com.kms.katalon.core.main.TestCaseExecutor.runScript(TestCaseExecutor.java:321)
	at com.kms.katalon.core.main.TestCaseExecutor.doExecute(TestCaseExecutor.java:312)
	at com.kms.katalon.core.main.TestCaseExecutor.processExecutionPhase(TestCaseExecutor.java:291)
	at com.kms.katalon.core.main.TestCaseExecutor.accessMainPhase(TestCaseExecutor.java:283)
	at com.kms.katalon.core.main.TestCaseExecutor.execute(TestCaseExecutor.java:222)
	at com.kms.katalon.core.main.TestSuiteExecutor.accessTestCaseMainPhase(TestSuiteExecutor.java:129)
	at com.kms.katalon.core.main.TestSuiteExecutor.accessTestSuiteMainPhase(TestSuiteExecutor.java:112)
	at com.kms.katalon.core.main.TestSuiteExecutor.execute(TestSuiteExecutor.java:81)
	at com.kms.katalon.core.main.TestCaseMain.startTestSuite(TestCaseMain.java:149)
	at com.kms.katalon.core.main.TestCaseMain$startTestSuite$0.call(Unknown Source)
	at TempTestSuite1571590044450.run(TempTestSuite1571590044450.groovy:36)


2019-10-20 18:47:45 - [TEST_STEP][PASSED] - verifyElementPresent(findTestObject("NouvelleReservations/Page_Application Hissab/h3_Reservations"), 0): Object 'Object Repository/NouvelleReservations/Page_Application Hissab/h3_Reservations' is present

2019-10-20 18:47:45 - [MESSAGE][WARNING] - Timeout '0' is invalid. Using default page load timeout: '30'

2019-10-20 18:47:45 - [MESSAGE][PASSED] - Object 'Object Repository/NouvelleReservations/Page_Application Hissab/h3_Reservations' is present

2019-10-20 18:47:45 - [TEST_STEP][PASSED] - scrollToElement(findTestObject("NouvelleReservations/Page_Application Hissab/h3_Reservations"), 0): Scroll to object 'Object Repository/NouvelleReservations/Page_Application Hissab/h3_Reservations' successfully

2019-10-20 18:47:45 - [MESSAGE][WARNING] - Timeout '0' is invalid. Using default page load timeout: '30'

2019-10-20 18:47:45 - [MESSAGE][PASSED] - Scroll to object 'Object Repository/NouvelleReservations/Page_Application Hissab/h3_Reservations' successfully

2019-10-20 18:47:45 - [TEST_STEP][PASSED] - click(findTestObject("NouvelleReservations/Boutons/Page_Application Hissab/button_ThisMonth")): Object: 'Object Repository/NouvelleReservations/Boutons/Page_Application Hissab/button_ThisMonth' is clicked on

2019-10-20 18:47:45 - [MESSAGE][PASSED] - Object: 'Object Repository/NouvelleReservations/Boutons/Page_Application Hissab/button_ThisMonth' is clicked on

2019-10-20 18:47:45 - [TEST_STEP][PASSED] - verifyElementPresent(findTestObject("NouvelleReservations/ResaTag/Page_Application Hissab/div_reservation_tag", ["id":"Appartement 2_ Nicolas Sarkozy_2019-10-20_2019-10-25"]), 0): Object 'Object Repository/NouvelleReservations/ResaTag/Page_Application Hissab/div_reservation_tag' is present

2019-10-20 18:47:45 - [MESSAGE][WARNING] - Timeout '0' is invalid. Using default page load timeout: '30'

2019-10-20 18:47:45 - [MESSAGE][PASSED] - Object 'Object Repository/NouvelleReservations/ResaTag/Page_Application Hissab/div_reservation_tag' is present

2019-10-20 18:47:45 - [TEST_STEP][PASSED] - scrollToElement(findTestObject("NouvelleReservations/ResaTag/Page_Application Hissab/div_reservation_tag", ["id":"Appartement 2_ Nicolas Sarkozy_2019-10-20_2019-10-25"]), 0): Scroll to object 'Object Repository/NouvelleReservations/ResaTag/Page_Application Hissab/div_reservation_tag' successfully

2019-10-20 18:47:45 - [MESSAGE][WARNING] - Timeout '0' is invalid. Using default page load timeout: '30'

2019-10-20 18:47:45 - [MESSAGE][PASSED] - Scroll to object 'Object Repository/NouvelleReservations/ResaTag/Page_Application Hissab/div_reservation_tag' successfully

2019-10-20 18:47:45 - [TEST_STEP][FAILED] - click(findTestObject("NouvelleReservations/ResaTag/Page_Application Hissab/div_reservation_tag", ["id":"Appartement 2_ Nicolas Sarkozy_2019-10-20_2019-10-25"])): click(findTestObject("NouvelleReservations/ResaTag/Page_Application Hissab/div_reservation_tag", ["id":"Appartement 2_ Nicolas Sarkozy_2019-10-20_2019-10-25"])) FAILED.
Reason:
com.kms.katalon.core.exception.StepFailedException: Unable to click on object 'Object Repository/NouvelleReservations/ResaTag/Page_Application Hissab/div_reservation_tag' (Root cause: org.openqa.selenium.WebDriverException: unknown error: Element <app-reservation-tag _ngcontent-c4="" appart="Appartement 2" _nghost-c6="" ng-reflect-reservation="[object Object]" ng-reflect-filter-appart="Tous les appartements" ng-reflect-appart="Appartement 2" ng-reflect-quand="Tous" id="Appartement 2_ Nicolas Sarkozy_2019-10-20_2019-10-25">...</app-reservation-tag> is not clickable at point (27, 0). Other element would receive the click: <nav _ngcontent-c1="" class="navbar navbar-expand-lg navbar-dark bg-primary fixed-top">...</nav>
  (Session info: chrome=77.0.3865.120)
  (Driver info: chromedriver=2.43.600210 (68dcf5eebde37173d4027fa8635e332711d2874a),platform=Windows NT 10.0.17134 x86_64) (WARNING: The server did not provide any stacktrace information)
Command duration or timeout: 0 milliseconds
Build info: version: '3.7.1', revision: '8a0099a', time: '2017-11-06T21:07:36.161Z'
System info: host: 'DESKTOP-L8US96K', ip: '192.168.99.1', os.name: 'Windows 10', os.arch: 'amd64', os.version: '10.0', java.version: '1.8.0_181'
Driver info: com.kms.katalon.selenium.driver.CChromeDriver
Capabilities {acceptInsecureCerts: false, acceptSslCerts: false, applicationCacheEnabled: false, browserConnectionEnabled: false, browserName: chrome, chrome: {chromedriverVersion: 2.43.600210 (68dcf5eebde371..., userDataDir: C:\Users\bouda\AppData\Loca...}, cssSelectorsEnabled: true, databaseEnabled: false, goog:chromeOptions: {debuggerAddress: localhost:61618}, handlesAlerts: true, hasTouchScreen: false, javascriptEnabled: true, locationContextEnabled: true, mobileEmulationEnabled: false, nativeEvents: true, networkConnectionEnabled: false, pageLoadStrategy: normal, platform: XP, platformName: XP, rotatable: false, setWindowRect: true, takesHeapSnapshot: true, takesScreenshot: true, unexpectedAlertBehaviour: , unhandledPromptBehavior: , version: 77.0.3865.120, webStorageEnabled: true}
Session ID: a91a60eda1e71e81d77b6fd9d6e7ed75)
	at com.kms.katalon.core.keyword.internal.KeywordMain.stepFailed(KeywordMain.groovy:36)
	at com.kms.katalon.core.webui.keyword.internal.WebUIKeywordMain.stepFailed(WebUIKeywordMain.groovy:65)
	at com.kms.katalon.core.webui.keyword.internal.WebUIKeywordMain.runKeyword(WebUIKeywordMain.groovy:27)
	at com.kms.katalon.core.webui.keyword.builtin.ClickKeyword.click(ClickKeyword.groovy:86)
	at com.kms.katalon.core.webui.keyword.builtin.ClickKeyword.execute(ClickKeyword.groovy:67)
	at com.kms.katalon.core.keyword.internal.KeywordExecutor.executeKeywordForPlatform(KeywordExecutor.groovy:53)
	at com.kms.katalon.core.webui.keyword.WebUiBuiltInKeywords.click(WebUiBuiltInKeywords.groovy:616)
	at com.kms.katalon.core.webui.keyword.WebUiBuiltInKeywords$click$1.call(Unknown Source)
	at CheckReservation.run(CheckReservation:29)
	at com.kms.katalon.core.main.ScriptEngine.run(ScriptEngine.java:194)
	at com.kms.katalon.core.main.ScriptEngine.runScriptAsRawText(ScriptEngine.java:119)
	at com.kms.katalon.core.main.TestCaseExecutor.runScript(TestCaseExecutor.java:321)
	at com.kms.katalon.core.main.TestCaseExecutor.doExecute(TestCaseExecutor.java:312)
	at com.kms.katalon.core.main.TestCaseExecutor.processExecutionPhase(TestCaseExecutor.java:291)
	at com.kms.katalon.core.main.TestCaseExecutor.accessMainPhase(TestCaseExecutor.java:283)
	at com.kms.katalon.core.main.TestCaseExecutor.execute(TestCaseExecutor.java:222)
	at com.kms.katalon.core.main.TestSuiteExecutor.accessTestCaseMainPhase(TestSuiteExecutor.java:129)
	at com.kms.katalon.core.main.TestSuiteExecutor.accessTestSuiteMainPhase(TestSuiteExecutor.java:112)
	at com.kms.katalon.core.main.TestSuiteExecutor.execute(TestSuiteExecutor.java:81)
	at com.kms.katalon.core.main.TestCaseMain.startTestSuite(TestCaseMain.java:149)
	at com.kms.katalon.core.main.TestCaseMain$startTestSuite$0.call(Unknown Source)
	at TempTestSuite1571590044450.run(TempTestSuite1571590044450.groovy:36)


2019-10-20 18:47:46 - [MESSAGE][FAILED] - Unable to click on object 'Object Repository/NouvelleReservations/ResaTag/Page_Application Hissab/div_reservation_tag' (Root cause: org.openqa.selenium.WebDriverException: unknown error: Element <app-reservation-tag _ngcontent-c4="" appart="Appartement 2" _nghost-c6="" ng-reflect-reservation="[object Object]" ng-reflect-filter-appart="Tous les appartements" ng-reflect-appart="Appartement 2" ng-reflect-quand="Tous" id="Appartement 2_ Nicolas Sarkozy_2019-10-20_2019-10-25">...</app-reservation-tag> is not clickable at point (27, 0). Other element would receive the click: <nav _ngcontent-c1="" class="navbar navbar-expand-lg navbar-dark bg-primary fixed-top">...</nav>
  (Session info: chrome=77.0.3865.120)
  (Driver info: chromedriver=2.43.600210 (68dcf5eebde37173d4027fa8635e332711d2874a),platform=Windows NT 10.0.17134 x86_64) (WARNING: The server did not provide any stacktrace information)
Command duration or timeout: 0 milliseconds
Build info: version: '3.7.1', revision: '8a0099a', time: '2017-11-06T21:07:36.161Z'
System info: host: 'DESKTOP-L8US96K', ip: '192.168.99.1', os.name: 'Windows 10', os.arch: 'amd64', os.version: '10.0', java.version: '1.8.0_181'
Driver info: com.kms.katalon.selenium.driver.CChromeDriver
Capabilities {acceptInsecureCerts: false, acceptSslCerts: false, applicationCacheEnabled: false, browserConnectionEnabled: false, browserName: chrome, chrome: {chromedriverVersion: 2.43.600210 (68dcf5eebde371..., userDataDir: C:\Users\bouda\AppData\Loca...}, cssSelectorsEnabled: true, databaseEnabled: false, goog:chromeOptions: {debuggerAddress: localhost:61618}, handlesAlerts: true, hasTouchScreen: false, javascriptEnabled: true, locationContextEnabled: true, mobileEmulationEnabled: false, nativeEvents: true, networkConnectionEnabled: false, pageLoadStrategy: normal, platform: XP, platformName: XP, rotatable: false, setWindowRect: true, takesHeapSnapshot: true, takesScreenshot: true, unexpectedAlertBehaviour: , unhandledPromptBehavior: , version: 77.0.3865.120, webStorageEnabled: true}
Session ID: a91a60eda1e71e81d77b6fd9d6e7ed75)
[[ATTACHMENT|D:\\data\\ws-hissab-katalon\\hissab_katalon\\Reports\\Reservations\\NouvelleReservation\\20191020_184719\\1571590065862.png]]

2019-10-20 18:47:46 - [MESSAGE][FAILED] - click(findTestObject("NouvelleReservations/ResaTag/Page_Application Hissab/div_reservation_tag", ["id":"Appartement 2_ Nicolas Sarkozy_2019-10-20_2019-10-25"])) FAILED.
Reason:
com.kms.katalon.core.exception.StepFailedException: Unable to click on object 'Object Repository/NouvelleReservations/ResaTag/Page_Application Hissab/div_reservation_tag' (Root cause: org.openqa.selenium.WebDriverException: unknown error: Element <app-reservation-tag _ngcontent-c4="" appart="Appartement 2" _nghost-c6="" ng-reflect-reservation="[object Object]" ng-reflect-filter-appart="Tous les appartements" ng-reflect-appart="Appartement 2" ng-reflect-quand="Tous" id="Appartement 2_ Nicolas Sarkozy_2019-10-20_2019-10-25">...</app-reservation-tag> is not clickable at point (27, 0). Other element would receive the click: <nav _ngcontent-c1="" class="navbar navbar-expand-lg navbar-dark bg-primary fixed-top">...</nav>
  (Session info: chrome=77.0.3865.120)
  (Driver info: chromedriver=2.43.600210 (68dcf5eebde37173d4027fa8635e332711d2874a),platform=Windows NT 10.0.17134 x86_64) (WARNING: The server did not provide any stacktrace information)
Command duration or timeout: 0 milliseconds
Build info: version: '3.7.1', revision: '8a0099a', time: '2017-11-06T21:07:36.161Z'
System info: host: 'DESKTOP-L8US96K', ip: '192.168.99.1', os.name: 'Windows 10', os.arch: 'amd64', os.version: '10.0', java.version: '1.8.0_181'
Driver info: com.kms.katalon.selenium.driver.CChromeDriver
Capabilities {acceptInsecureCerts: false, acceptSslCerts: false, applicationCacheEnabled: false, browserConnectionEnabled: false, browserName: chrome, chrome: {chromedriverVersion: 2.43.600210 (68dcf5eebde371..., userDataDir: C:\Users\bouda\AppData\Loca...}, cssSelectorsEnabled: true, databaseEnabled: false, goog:chromeOptions: {debuggerAddress: localhost:61618}, handlesAlerts: true, hasTouchScreen: false, javascriptEnabled: true, locationContextEnabled: true, mobileEmulationEnabled: false, nativeEvents: true, networkConnectionEnabled: false, pageLoadStrategy: normal, platform: XP, platformName: XP, rotatable: false, setWindowRect: true, takesHeapSnapshot: true, takesScreenshot: true, unexpectedAlertBehaviour: , unhandledPromptBehavior: , version: 77.0.3865.120, webStorageEnabled: true}
Session ID: a91a60eda1e71e81d77b6fd9d6e7ed75)
	at com.kms.katalon.core.keyword.internal.KeywordMain.stepFailed(KeywordMain.groovy:36)
	at com.kms.katalon.core.webui.keyword.internal.WebUIKeywordMain.stepFailed(WebUIKeywordMain.groovy:65)
	at com.kms.katalon.core.webui.keyword.internal.WebUIKeywordMain.runKeyword(WebUIKeywordMain.groovy:27)
	at com.kms.katalon.core.webui.keyword.builtin.ClickKeyword.click(ClickKeyword.groovy:86)
	at com.kms.katalon.core.webui.keyword.builtin.ClickKeyword.execute(ClickKeyword.groovy:67)
	at com.kms.katalon.core.keyword.internal.KeywordExecutor.executeKeywordForPlatform(KeywordExecutor.groovy:53)
	at com.kms.katalon.core.webui.keyword.WebUiBuiltInKeywords.click(WebUiBuiltInKeywords.groovy:616)
	at com.kms.katalon.core.webui.keyword.WebUiBuiltInKeywords$click$1.call(Unknown Source)
	at CheckReservation.run(CheckReservation:29)
	at com.kms.katalon.core.main.ScriptEngine.run(ScriptEngine.java:194)
	at com.kms.katalon.core.main.ScriptEngine.runScriptAsRawText(ScriptEngine.java:119)
	at com.kms.katalon.core.main.TestCaseExecutor.runScript(TestCaseExecutor.java:321)
	at com.kms.katalon.core.main.TestCaseExecutor.doExecute(TestCaseExecutor.java:312)
	at com.kms.katalon.core.main.TestCaseExecutor.processExecutionPhase(TestCaseExecutor.java:291)
	at com.kms.katalon.core.main.TestCaseExecutor.accessMainPhase(TestCaseExecutor.java:283)
	at com.kms.katalon.core.main.TestCaseExecutor.execute(TestCaseExecutor.java:222)
	at com.kms.katalon.core.main.TestSuiteExecutor.accessTestCaseMainPhase(TestSuiteExecutor.java:129)
	at com.kms.katalon.core.main.TestSuiteExecutor.accessTestSuiteMainPhase(TestSuiteExecutor.java:112)
	at com.kms.katalon.core.main.TestSuiteExecutor.execute(TestSuiteExecutor.java:81)
	at com.kms.katalon.core.main.TestCaseMain.startTestSuite(TestCaseMain.java:149)
	at com.kms.katalon.core.main.TestCaseMain$startTestSuite$0.call(Unknown Source)
	at TempTestSuite1571590044450.run(TempTestSuite1571590044450.groovy:36)]]></system-out>
         <system-err><![CDATA[2019-10-20 18:47:44 - [TEST_CASE][FAILED] - Test Cases/CheckReservation: Test Cases/CheckReservation FAILED.
Reason:
com.kms.katalon.core.exception.StepFailedException: Unable to click on object 'Object Repository/NouvelleReservations/ResaTag/Page_Application Hissab/div_reservation_tag' (Root cause: org.openqa.selenium.WebDriverException: unknown error: Element <app-reservation-tag _ngcontent-c4="" appart="Appartement 2" _nghost-c6="" ng-reflect-reservation="[object Object]" ng-reflect-filter-appart="Tous les appartements" ng-reflect-appart="Appartement 2" ng-reflect-quand="Tous" id="Appartement 2_ Nicolas Sarkozy_2019-10-20_2019-10-25">...</app-reservation-tag> is not clickable at point (27, 0). Other element would receive the click: <nav _ngcontent-c1="" class="navbar navbar-expand-lg navbar-dark bg-primary fixed-top">...</nav>
  (Session info: chrome=77.0.3865.120)
  (Driver info: chromedriver=2.43.600210 (68dcf5eebde37173d4027fa8635e332711d2874a),platform=Windows NT 10.0.17134 x86_64) (WARNING: The server did not provide any stacktrace information)
Command duration or timeout: 0 milliseconds
Build info: version: '3.7.1', revision: '8a0099a', time: '2017-11-06T21:07:36.161Z'
System info: host: 'DESKTOP-L8US96K', ip: '192.168.99.1', os.name: 'Windows 10', os.arch: 'amd64', os.version: '10.0', java.version: '1.8.0_181'
Driver info: com.kms.katalon.selenium.driver.CChromeDriver
Capabilities {acceptInsecureCerts: false, acceptSslCerts: false, applicationCacheEnabled: false, browserConnectionEnabled: false, browserName: chrome, chrome: {chromedriverVersion: 2.43.600210 (68dcf5eebde371..., userDataDir: C:\Users\bouda\AppData\Loca...}, cssSelectorsEnabled: true, databaseEnabled: false, goog:chromeOptions: {debuggerAddress: localhost:61618}, handlesAlerts: true, hasTouchScreen: false, javascriptEnabled: true, locationContextEnabled: true, mobileEmulationEnabled: false, nativeEvents: true, networkConnectionEnabled: false, pageLoadStrategy: normal, platform: XP, platformName: XP, rotatable: false, setWindowRect: true, takesHeapSnapshot: true, takesScreenshot: true, unexpectedAlertBehaviour: , unhandledPromptBehavior: , version: 77.0.3865.120, webStorageEnabled: true}
Session ID: a91a60eda1e71e81d77b6fd9d6e7ed75)
	at com.kms.katalon.core.keyword.internal.KeywordMain.stepFailed(KeywordMain.groovy:36)
	at com.kms.katalon.core.webui.keyword.internal.WebUIKeywordMain.stepFailed(WebUIKeywordMain.groovy:65)
	at com.kms.katalon.core.webui.keyword.internal.WebUIKeywordMain.runKeyword(WebUIKeywordMain.groovy:27)
	at com.kms.katalon.core.webui.keyword.builtin.ClickKeyword.click(ClickKeyword.groovy:86)
	at com.kms.katalon.core.webui.keyword.builtin.ClickKeyword.execute(ClickKeyword.groovy:67)
	at com.kms.katalon.core.keyword.internal.KeywordExecutor.executeKeywordForPlatform(KeywordExecutor.groovy:53)
	at com.kms.katalon.core.webui.keyword.WebUiBuiltInKeywords.click(WebUiBuiltInKeywords.groovy:616)
	at com.kms.katalon.core.webui.keyword.WebUiBuiltInKeywords$click$1.call(Unknown Source)
	at CheckReservation.run(CheckReservation:29)
	at com.kms.katalon.core.main.ScriptEngine.run(ScriptEngine.java:194)
	at com.kms.katalon.core.main.ScriptEngine.runScriptAsRawText(ScriptEngine.java:119)
	at com.kms.katalon.core.main.TestCaseExecutor.runScript(TestCaseExecutor.java:321)
	at com.kms.katalon.core.main.TestCaseExecutor.doExecute(TestCaseExecutor.java:312)
	at com.kms.katalon.core.main.TestCaseExecutor.processExecutionPhase(TestCaseExecutor.java:291)
	at com.kms.katalon.core.main.TestCaseExecutor.accessMainPhase(TestCaseExecutor.java:283)
	at com.kms.katalon.core.main.TestCaseExecutor.execute(TestCaseExecutor.java:222)
	at com.kms.katalon.core.main.TestSuiteExecutor.accessTestCaseMainPhase(TestSuiteExecutor.java:129)
	at com.kms.katalon.core.main.TestSuiteExecutor.accessTestSuiteMainPhase(TestSuiteExecutor.java:112)
	at com.kms.katalon.core.main.TestSuiteExecutor.execute(TestSuiteExecutor.java:81)
	at com.kms.katalon.core.main.TestCaseMain.startTestSuite(TestCaseMain.java:149)
	at com.kms.katalon.core.main.TestCaseMain$startTestSuite$0.call(Unknown Source)
	at TempTestSuite1571590044450.run(TempTestSuite1571590044450.groovy:36)]]></system-err>
      </testcase>
      <testcase name="Test Cases/CheckReservation" classname="Test Cases/CheckReservation" status="FAILED">
         <failure type="FAILED" message="Test Cases/CheckReservation FAILED.
Reason:
com.kms.katalon.core.exception.StepFailedException: Unable to click on object 'Object Repository/NouvelleReservations/ResaTag/Page_Application Hissab/div_reservation_tag' (Root cause: org.openqa.selenium.WebDriverException: unknown error: Element &lt;app-reservation-tag _ngcontent-c4=&quot;&quot; appart=&quot;Appartement 2&quot; _nghost-c6=&quot;&quot; ng-reflect-reservation=&quot;[object Object]&quot; ng-reflect-filter-appart=&quot;Tous les appartements&quot; ng-reflect-appart=&quot;Appartement 2&quot; ng-reflect-quand=&quot;Tous&quot; id=&quot;Appartement 2_ Nicolas Sarkozy_2019-10-20_2019-10-25&quot;>...&lt;/app-reservation-tag> is not clickable at point (27, 0). Other element would receive the click: &lt;nav _ngcontent-c1=&quot;&quot; class=&quot;navbar navbar-expand-lg navbar-dark bg-primary fixed-top&quot;>...&lt;/nav>
  (Session info: chrome=77.0.3865.120)
  (Driver info: chromedriver=2.43.600210 (68dcf5eebde37173d4027fa8635e332711d2874a),platform=Windows NT 10.0.17134 x86_64) (WARNING: The server did not provide any stacktrace information)
Command duration or timeout: 0 milliseconds
Build info: version: '3.7.1', revision: '8a0099a', time: '2017-11-06T21:07:36.161Z'
System info: host: 'DESKTOP-L8US96K', ip: '192.168.99.1', os.name: 'Windows 10', os.arch: 'amd64', os.version: '10.0', java.version: '1.8.0_181'
Driver info: com.kms.katalon.selenium.driver.CChromeDriver
Capabilities {acceptInsecureCerts: false, acceptSslCerts: false, applicationCacheEnabled: false, browserConnectionEnabled: false, browserName: chrome, chrome: {chromedriverVersion: 2.43.600210 (68dcf5eebde371..., userDataDir: C:\Users\bouda\AppData\Loca...}, cssSelectorsEnabled: true, databaseEnabled: false, goog:chromeOptions: {debuggerAddress: localhost:61618}, handlesAlerts: true, hasTouchScreen: false, javascriptEnabled: true, locationContextEnabled: true, mobileEmulationEnabled: false, nativeEvents: true, networkConnectionEnabled: false, pageLoadStrategy: normal, platform: XP, platformName: XP, rotatable: false, setWindowRect: true, takesHeapSnapshot: true, takesScreenshot: true, unexpectedAlertBehaviour: , unhandledPromptBehavior: , version: 77.0.3865.120, webStorageEnabled: true}
Session ID: a91a60eda1e71e81d77b6fd9d6e7ed75)
	at com.kms.katalon.core.keyword.internal.KeywordMain.stepFailed(KeywordMain.groovy:36)
	at com.kms.katalon.core.webui.keyword.internal.WebUIKeywordMain.stepFailed(WebUIKeywordMain.groovy:65)
	at com.kms.katalon.core.webui.keyword.internal.WebUIKeywordMain.runKeyword(WebUIKeywordMain.groovy:27)
	at com.kms.katalon.core.webui.keyword.builtin.ClickKeyword.click(ClickKeyword.groovy:86)
	at com.kms.katalon.core.webui.keyword.builtin.ClickKeyword.execute(ClickKeyword.groovy:67)
	at com.kms.katalon.core.keyword.internal.KeywordExecutor.executeKeywordForPlatform(KeywordExecutor.groovy:53)
	at com.kms.katalon.core.webui.keyword.WebUiBuiltInKeywords.click(WebUiBuiltInKeywords.groovy:616)
	at com.kms.katalon.core.webui.keyword.WebUiBuiltInKeywords$click$1.call(Unknown Source)
	at CheckReservation.run(CheckReservation:29)
	at com.kms.katalon.core.main.ScriptEngine.run(ScriptEngine.java:194)
	at com.kms.katalon.core.main.ScriptEngine.runScriptAsRawText(ScriptEngine.java:119)
	at com.kms.katalon.core.main.TestCaseExecutor.runScript(TestCaseExecutor.java:321)
	at com.kms.katalon.core.main.TestCaseExecutor.doExecute(TestCaseExecutor.java:312)
	at com.kms.katalon.core.main.TestCaseExecutor.processExecutionPhase(TestCaseExecutor.java:291)
	at com.kms.katalon.core.main.TestCaseExecutor.accessMainPhase(TestCaseExecutor.java:283)
	at com.kms.katalon.core.main.TestCaseExecutor.execute(TestCaseExecutor.java:222)
	at com.kms.katalon.core.main.TestSuiteExecutor.accessTestCaseMainPhase(TestSuiteExecutor.java:129)
	at com.kms.katalon.core.main.TestSuiteExecutor.accessTestSuiteMainPhase(TestSuiteExecutor.java:112)
	at com.kms.katalon.core.main.TestSuiteExecutor.execute(TestSuiteExecutor.java:81)
	at com.kms.katalon.core.main.TestCaseMain.startTestSuite(TestCaseMain.java:149)
	at com.kms.katalon.core.main.TestCaseMain$startTestSuite$0.call(Unknown Source)
	at TempTestSuite1571590044450.run(TempTestSuite1571590044450.groovy:36)
"/>
         <system-out><![CDATA[2019-10-20 18:47:46 - [TEST_CASE][FAILED] - Test Cases/CheckReservation: Test Cases/CheckReservation FAILED.
Reason:
com.kms.katalon.core.exception.StepFailedException: Unable to click on object 'Object Repository/NouvelleReservations/ResaTag/Page_Application Hissab/div_reservation_tag' (Root cause: org.openqa.selenium.WebDriverException: unknown error: Element <app-reservation-tag _ngcontent-c4="" appart="Appartement 2" _nghost-c6="" ng-reflect-reservation="[object Object]" ng-reflect-filter-appart="Tous les appartements" ng-reflect-appart="Appartement 2" ng-reflect-quand="Tous" id="Appartement 2_ Nicolas Sarkozy_2019-10-20_2019-10-25">...</app-reservation-tag> is not clickable at point (27, 0). Other element would receive the click: <nav _ngcontent-c1="" class="navbar navbar-expand-lg navbar-dark bg-primary fixed-top">...</nav>
  (Session info: chrome=77.0.3865.120)
  (Driver info: chromedriver=2.43.600210 (68dcf5eebde37173d4027fa8635e332711d2874a),platform=Windows NT 10.0.17134 x86_64) (WARNING: The server did not provide any stacktrace information)
Command duration or timeout: 0 milliseconds
Build info: version: '3.7.1', revision: '8a0099a', time: '2017-11-06T21:07:36.161Z'
System info: host: 'DESKTOP-L8US96K', ip: '192.168.99.1', os.name: 'Windows 10', os.arch: 'amd64', os.version: '10.0', java.version: '1.8.0_181'
Driver info: com.kms.katalon.selenium.driver.CChromeDriver
Capabilities {acceptInsecureCerts: false, acceptSslCerts: false, applicationCacheEnabled: false, browserConnectionEnabled: false, browserName: chrome, chrome: {chromedriverVersion: 2.43.600210 (68dcf5eebde371..., userDataDir: C:\Users\bouda\AppData\Loca...}, cssSelectorsEnabled: true, databaseEnabled: false, goog:chromeOptions: {debuggerAddress: localhost:61618}, handlesAlerts: true, hasTouchScreen: false, javascriptEnabled: true, locationContextEnabled: true, mobileEmulationEnabled: false, nativeEvents: true, networkConnectionEnabled: false, pageLoadStrategy: normal, platform: XP, platformName: XP, rotatable: false, setWindowRect: true, takesHeapSnapshot: true, takesScreenshot: true, unexpectedAlertBehaviour: , unhandledPromptBehavior: , version: 77.0.3865.120, webStorageEnabled: true}
Session ID: a91a60eda1e71e81d77b6fd9d6e7ed75)
	at com.kms.katalon.core.keyword.internal.KeywordMain.stepFailed(KeywordMain.groovy:36)
	at com.kms.katalon.core.webui.keyword.internal.WebUIKeywordMain.stepFailed(WebUIKeywordMain.groovy:65)
	at com.kms.katalon.core.webui.keyword.internal.WebUIKeywordMain.runKeyword(WebUIKeywordMain.groovy:27)
	at com.kms.katalon.core.webui.keyword.builtin.ClickKeyword.click(ClickKeyword.groovy:86)
	at com.kms.katalon.core.webui.keyword.builtin.ClickKeyword.execute(ClickKeyword.groovy:67)
	at com.kms.katalon.core.keyword.internal.KeywordExecutor.executeKeywordForPlatform(KeywordExecutor.groovy:53)
	at com.kms.katalon.core.webui.keyword.WebUiBuiltInKeywords.click(WebUiBuiltInKeywords.groovy:616)
	at com.kms.katalon.core.webui.keyword.WebUiBuiltInKeywords$click$1.call(Unknown Source)
	at CheckReservation.run(CheckReservation:29)
	at com.kms.katalon.core.main.ScriptEngine.run(ScriptEngine.java:194)
	at com.kms.katalon.core.main.ScriptEngine.runScriptAsRawText(ScriptEngine.java:119)
	at com.kms.katalon.core.main.TestCaseExecutor.runScript(TestCaseExecutor.java:321)
	at com.kms.katalon.core.main.TestCaseExecutor.doExecute(TestCaseExecutor.java:312)
	at com.kms.katalon.core.main.TestCaseExecutor.processExecutionPhase(TestCaseExecutor.java:291)
	at com.kms.katalon.core.main.TestCaseExecutor.accessMainPhase(TestCaseExecutor.java:283)
	at com.kms.katalon.core.main.TestCaseExecutor.execute(TestCaseExecutor.java:222)
	at com.kms.katalon.core.main.TestSuiteExecutor.accessTestCaseMainPhase(TestSuiteExecutor.java:129)
	at com.kms.katalon.core.main.TestSuiteExecutor.accessTestSuiteMainPhase(TestSuiteExecutor.java:112)
	at com.kms.katalon.core.main.TestSuiteExecutor.execute(TestSuiteExecutor.java:81)
	at com.kms.katalon.core.main.TestCaseMain.startTestSuite(TestCaseMain.java:149)
	at com.kms.katalon.core.main.TestCaseMain$startTestSuite$0.call(Unknown Source)
	at TempTestSuite1571590044450.run(TempTestSuite1571590044450.groovy:36)


2019-10-20 18:47:46 - [TEST_STEP][PASSED] - verifyElementPresent(findTestObject("NouvelleReservations/Page_Application Hissab/h3_Reservations"), 0): Object 'Object Repository/NouvelleReservations/Page_Application Hissab/h3_Reservations' is present

2019-10-20 18:47:46 - [MESSAGE][WARNING] - Timeout '0' is invalid. Using default page load timeout: '30'

2019-10-20 18:47:46 - [MESSAGE][PASSED] - Object 'Object Repository/NouvelleReservations/Page_Application Hissab/h3_Reservations' is present

2019-10-20 18:47:46 - [TEST_STEP][PASSED] - scrollToElement(findTestObject("NouvelleReservations/Page_Application Hissab/h3_Reservations"), 0): Scroll to object 'Object Repository/NouvelleReservations/Page_Application Hissab/h3_Reservations' successfully

2019-10-20 18:47:46 - [MESSAGE][WARNING] - Timeout '0' is invalid. Using default page load timeout: '30'

2019-10-20 18:47:46 - [MESSAGE][PASSED] - Scroll to object 'Object Repository/NouvelleReservations/Page_Application Hissab/h3_Reservations' successfully

2019-10-20 18:47:46 - [TEST_STEP][PASSED] - click(findTestObject("NouvelleReservations/Boutons/Page_Application Hissab/button_ThisMonth")): Object: 'Object Repository/NouvelleReservations/Boutons/Page_Application Hissab/button_ThisMonth' is clicked on

2019-10-20 18:47:46 - [MESSAGE][PASSED] - Object: 'Object Repository/NouvelleReservations/Boutons/Page_Application Hissab/button_ThisMonth' is clicked on

2019-10-20 18:47:46 - [TEST_STEP][PASSED] - verifyElementPresent(findTestObject("NouvelleReservations/ResaTag/Page_Application Hissab/div_reservation_tag", ["id":"Appartement 2_ Nicolas Sarkozy_2019-10-20_2019-10-25"]), 0): Object 'Object Repository/NouvelleReservations/ResaTag/Page_Application Hissab/div_reservation_tag' is present

2019-10-20 18:47:46 - [MESSAGE][WARNING] - Timeout '0' is invalid. Using default page load timeout: '30'

2019-10-20 18:47:46 - [MESSAGE][PASSED] - Object 'Object Repository/NouvelleReservations/ResaTag/Page_Application Hissab/div_reservation_tag' is present

2019-10-20 18:47:46 - [TEST_STEP][PASSED] - scrollToElement(findTestObject("NouvelleReservations/ResaTag/Page_Application Hissab/div_reservation_tag", ["id":"Appartement 2_ Nicolas Sarkozy_2019-10-20_2019-10-25"]), 0): Scroll to object 'Object Repository/NouvelleReservations/ResaTag/Page_Application Hissab/div_reservation_tag' successfully

2019-10-20 18:47:46 - [MESSAGE][WARNING] - Timeout '0' is invalid. Using default page load timeout: '30'

2019-10-20 18:47:46 - [MESSAGE][PASSED] - Scroll to object 'Object Repository/NouvelleReservations/ResaTag/Page_Application Hissab/div_reservation_tag' successfully

2019-10-20 18:47:46 - [TEST_STEP][FAILED] - click(findTestObject("NouvelleReservations/ResaTag/Page_Application Hissab/div_reservation_tag", ["id":"Appartement 2_ Nicolas Sarkozy_2019-10-20_2019-10-25"])): click(findTestObject("NouvelleReservations/ResaTag/Page_Application Hissab/div_reservation_tag", ["id":"Appartement 2_ Nicolas Sarkozy_2019-10-20_2019-10-25"])) FAILED.
Reason:
com.kms.katalon.core.exception.StepFailedException: Unable to click on object 'Object Repository/NouvelleReservations/ResaTag/Page_Application Hissab/div_reservation_tag' (Root cause: org.openqa.selenium.WebDriverException: unknown error: Element <app-reservation-tag _ngcontent-c4="" appart="Appartement 2" _nghost-c6="" ng-reflect-reservation="[object Object]" ng-reflect-filter-appart="Tous les appartements" ng-reflect-appart="Appartement 2" ng-reflect-quand="Tous" id="Appartement 2_ Nicolas Sarkozy_2019-10-20_2019-10-25">...</app-reservation-tag> is not clickable at point (27, 0). Other element would receive the click: <nav _ngcontent-c1="" class="navbar navbar-expand-lg navbar-dark bg-primary fixed-top">...</nav>
  (Session info: chrome=77.0.3865.120)
  (Driver info: chromedriver=2.43.600210 (68dcf5eebde37173d4027fa8635e332711d2874a),platform=Windows NT 10.0.17134 x86_64) (WARNING: The server did not provide any stacktrace information)
Command duration or timeout: 0 milliseconds
Build info: version: '3.7.1', revision: '8a0099a', time: '2017-11-06T21:07:36.161Z'
System info: host: 'DESKTOP-L8US96K', ip: '192.168.99.1', os.name: 'Windows 10', os.arch: 'amd64', os.version: '10.0', java.version: '1.8.0_181'
Driver info: com.kms.katalon.selenium.driver.CChromeDriver
Capabilities {acceptInsecureCerts: false, acceptSslCerts: false, applicationCacheEnabled: false, browserConnectionEnabled: false, browserName: chrome, chrome: {chromedriverVersion: 2.43.600210 (68dcf5eebde371..., userDataDir: C:\Users\bouda\AppData\Loca...}, cssSelectorsEnabled: true, databaseEnabled: false, goog:chromeOptions: {debuggerAddress: localhost:61618}, handlesAlerts: true, hasTouchScreen: false, javascriptEnabled: true, locationContextEnabled: true, mobileEmulationEnabled: false, nativeEvents: true, networkConnectionEnabled: false, pageLoadStrategy: normal, platform: XP, platformName: XP, rotatable: false, setWindowRect: true, takesHeapSnapshot: true, takesScreenshot: true, unexpectedAlertBehaviour: , unhandledPromptBehavior: , version: 77.0.3865.120, webStorageEnabled: true}
Session ID: a91a60eda1e71e81d77b6fd9d6e7ed75)
	at com.kms.katalon.core.keyword.internal.KeywordMain.stepFailed(KeywordMain.groovy:36)
	at com.kms.katalon.core.webui.keyword.internal.WebUIKeywordMain.stepFailed(WebUIKeywordMain.groovy:65)
	at com.kms.katalon.core.webui.keyword.internal.WebUIKeywordMain.runKeyword(WebUIKeywordMain.groovy:27)
	at com.kms.katalon.core.webui.keyword.builtin.ClickKeyword.click(ClickKeyword.groovy:86)
	at com.kms.katalon.core.webui.keyword.builtin.ClickKeyword.execute(ClickKeyword.groovy:67)
	at com.kms.katalon.core.keyword.internal.KeywordExecutor.executeKeywordForPlatform(KeywordExecutor.groovy:53)
	at com.kms.katalon.core.webui.keyword.WebUiBuiltInKeywords.click(WebUiBuiltInKeywords.groovy:616)
	at com.kms.katalon.core.webui.keyword.WebUiBuiltInKeywords$click$1.call(Unknown Source)
	at CheckReservation.run(CheckReservation:29)
	at com.kms.katalon.core.main.ScriptEngine.run(ScriptEngine.java:194)
	at com.kms.katalon.core.main.ScriptEngine.runScriptAsRawText(ScriptEngine.java:119)
	at com.kms.katalon.core.main.TestCaseExecutor.runScript(TestCaseExecutor.java:321)
	at com.kms.katalon.core.main.TestCaseExecutor.doExecute(TestCaseExecutor.java:312)
	at com.kms.katalon.core.main.TestCaseExecutor.processExecutionPhase(TestCaseExecutor.java:291)
	at com.kms.katalon.core.main.TestCaseExecutor.accessMainPhase(TestCaseExecutor.java:283)
	at com.kms.katalon.core.main.TestCaseExecutor.execute(TestCaseExecutor.java:222)
	at com.kms.katalon.core.main.TestSuiteExecutor.accessTestCaseMainPhase(TestSuiteExecutor.java:129)
	at com.kms.katalon.core.main.TestSuiteExecutor.accessTestSuiteMainPhase(TestSuiteExecutor.java:112)
	at com.kms.katalon.core.main.TestSuiteExecutor.execute(TestSuiteExecutor.java:81)
	at com.kms.katalon.core.main.TestCaseMain.startTestSuite(TestCaseMain.java:149)
	at com.kms.katalon.core.main.TestCaseMain$startTestSuite$0.call(Unknown Source)
	at TempTestSuite1571590044450.run(TempTestSuite1571590044450.groovy:36)


2019-10-20 18:47:46 - [MESSAGE][FAILED] - Unable to click on object 'Object Repository/NouvelleReservations/ResaTag/Page_Application Hissab/div_reservation_tag' (Root cause: org.openqa.selenium.WebDriverException: unknown error: Element <app-reservation-tag _ngcontent-c4="" appart="Appartement 2" _nghost-c6="" ng-reflect-reservation="[object Object]" ng-reflect-filter-appart="Tous les appartements" ng-reflect-appart="Appartement 2" ng-reflect-quand="Tous" id="Appartement 2_ Nicolas Sarkozy_2019-10-20_2019-10-25">...</app-reservation-tag> is not clickable at point (27, 0). Other element would receive the click: <nav _ngcontent-c1="" class="navbar navbar-expand-lg navbar-dark bg-primary fixed-top">...</nav>
  (Session info: chrome=77.0.3865.120)
  (Driver info: chromedriver=2.43.600210 (68dcf5eebde37173d4027fa8635e332711d2874a),platform=Windows NT 10.0.17134 x86_64) (WARNING: The server did not provide any stacktrace information)
Command duration or timeout: 0 milliseconds
Build info: version: '3.7.1', revision: '8a0099a', time: '2017-11-06T21:07:36.161Z'
System info: host: 'DESKTOP-L8US96K', ip: '192.168.99.1', os.name: 'Windows 10', os.arch: 'amd64', os.version: '10.0', java.version: '1.8.0_181'
Driver info: com.kms.katalon.selenium.driver.CChromeDriver
Capabilities {acceptInsecureCerts: false, acceptSslCerts: false, applicationCacheEnabled: false, browserConnectionEnabled: false, browserName: chrome, chrome: {chromedriverVersion: 2.43.600210 (68dcf5eebde371..., userDataDir: C:\Users\bouda\AppData\Loca...}, cssSelectorsEnabled: true, databaseEnabled: false, goog:chromeOptions: {debuggerAddress: localhost:61618}, handlesAlerts: true, hasTouchScreen: false, javascriptEnabled: true, locationContextEnabled: true, mobileEmulationEnabled: false, nativeEvents: true, networkConnectionEnabled: false, pageLoadStrategy: normal, platform: XP, platformName: XP, rotatable: false, setWindowRect: true, takesHeapSnapshot: true, takesScreenshot: true, unexpectedAlertBehaviour: , unhandledPromptBehavior: , version: 77.0.3865.120, webStorageEnabled: true}
Session ID: a91a60eda1e71e81d77b6fd9d6e7ed75)
[[ATTACHMENT|D:\\data\\ws-hissab-katalon\\hissab_katalon\\Reports\\Reservations\\NouvelleReservation\\20191020_184719\\1571590066596.png]]

2019-10-20 18:47:46 - [MESSAGE][FAILED] - click(findTestObject("NouvelleReservations/ResaTag/Page_Application Hissab/div_reservation_tag", ["id":"Appartement 2_ Nicolas Sarkozy_2019-10-20_2019-10-25"])) FAILED.
Reason:
com.kms.katalon.core.exception.StepFailedException: Unable to click on object 'Object Repository/NouvelleReservations/ResaTag/Page_Application Hissab/div_reservation_tag' (Root cause: org.openqa.selenium.WebDriverException: unknown error: Element <app-reservation-tag _ngcontent-c4="" appart="Appartement 2" _nghost-c6="" ng-reflect-reservation="[object Object]" ng-reflect-filter-appart="Tous les appartements" ng-reflect-appart="Appartement 2" ng-reflect-quand="Tous" id="Appartement 2_ Nicolas Sarkozy_2019-10-20_2019-10-25">...</app-reservation-tag> is not clickable at point (27, 0). Other element would receive the click: <nav _ngcontent-c1="" class="navbar navbar-expand-lg navbar-dark bg-primary fixed-top">...</nav>
  (Session info: chrome=77.0.3865.120)
  (Driver info: chromedriver=2.43.600210 (68dcf5eebde37173d4027fa8635e332711d2874a),platform=Windows NT 10.0.17134 x86_64) (WARNING: The server did not provide any stacktrace information)
Command duration or timeout: 0 milliseconds
Build info: version: '3.7.1', revision: '8a0099a', time: '2017-11-06T21:07:36.161Z'
System info: host: 'DESKTOP-L8US96K', ip: '192.168.99.1', os.name: 'Windows 10', os.arch: 'amd64', os.version: '10.0', java.version: '1.8.0_181'
Driver info: com.kms.katalon.selenium.driver.CChromeDriver
Capabilities {acceptInsecureCerts: false, acceptSslCerts: false, applicationCacheEnabled: false, browserConnectionEnabled: false, browserName: chrome, chrome: {chromedriverVersion: 2.43.600210 (68dcf5eebde371..., userDataDir: C:\Users\bouda\AppData\Loca...}, cssSelectorsEnabled: true, databaseEnabled: false, goog:chromeOptions: {debuggerAddress: localhost:61618}, handlesAlerts: true, hasTouchScreen: false, javascriptEnabled: true, locationContextEnabled: true, mobileEmulationEnabled: false, nativeEvents: true, networkConnectionEnabled: false, pageLoadStrategy: normal, platform: XP, platformName: XP, rotatable: false, setWindowRect: true, takesHeapSnapshot: true, takesScreenshot: true, unexpectedAlertBehaviour: , unhandledPromptBehavior: , version: 77.0.3865.120, webStorageEnabled: true}
Session ID: a91a60eda1e71e81d77b6fd9d6e7ed75)
	at com.kms.katalon.core.keyword.internal.KeywordMain.stepFailed(KeywordMain.groovy:36)
	at com.kms.katalon.core.webui.keyword.internal.WebUIKeywordMain.stepFailed(WebUIKeywordMain.groovy:65)
	at com.kms.katalon.core.webui.keyword.internal.WebUIKeywordMain.runKeyword(WebUIKeywordMain.groovy:27)
	at com.kms.katalon.core.webui.keyword.builtin.ClickKeyword.click(ClickKeyword.groovy:86)
	at com.kms.katalon.core.webui.keyword.builtin.ClickKeyword.execute(ClickKeyword.groovy:67)
	at com.kms.katalon.core.keyword.internal.KeywordExecutor.executeKeywordForPlatform(KeywordExecutor.groovy:53)
	at com.kms.katalon.core.webui.keyword.WebUiBuiltInKeywords.click(WebUiBuiltInKeywords.groovy:616)
	at com.kms.katalon.core.webui.keyword.WebUiBuiltInKeywords$click$1.call(Unknown Source)
	at CheckReservation.run(CheckReservation:29)
	at com.kms.katalon.core.main.ScriptEngine.run(ScriptEngine.java:194)
	at com.kms.katalon.core.main.ScriptEngine.runScriptAsRawText(ScriptEngine.java:119)
	at com.kms.katalon.core.main.TestCaseExecutor.runScript(TestCaseExecutor.java:321)
	at com.kms.katalon.core.main.TestCaseExecutor.doExecute(TestCaseExecutor.java:312)
	at com.kms.katalon.core.main.TestCaseExecutor.processExecutionPhase(TestCaseExecutor.java:291)
	at com.kms.katalon.core.main.TestCaseExecutor.accessMainPhase(TestCaseExecutor.java:283)
	at com.kms.katalon.core.main.TestCaseExecutor.execute(TestCaseExecutor.java:222)
	at com.kms.katalon.core.main.TestSuiteExecutor.accessTestCaseMainPhase(TestSuiteExecutor.java:129)
	at com.kms.katalon.core.main.TestSuiteExecutor.accessTestSuiteMainPhase(TestSuiteExecutor.java:112)
	at com.kms.katalon.core.main.TestSuiteExecutor.execute(TestSuiteExecutor.java:81)
	at com.kms.katalon.core.main.TestCaseMain.startTestSuite(TestCaseMain.java:149)
	at com.kms.katalon.core.main.TestCaseMain$startTestSuite$0.call(Unknown Source)
	at TempTestSuite1571590044450.run(TempTestSuite1571590044450.groovy:36)]]></system-out>
         <system-err><![CDATA[2019-10-20 18:47:46 - [TEST_CASE][FAILED] - Test Cases/CheckReservation: Test Cases/CheckReservation FAILED.
Reason:
com.kms.katalon.core.exception.StepFailedException: Unable to click on object 'Object Repository/NouvelleReservations/ResaTag/Page_Application Hissab/div_reservation_tag' (Root cause: org.openqa.selenium.WebDriverException: unknown error: Element <app-reservation-tag _ngcontent-c4="" appart="Appartement 2" _nghost-c6="" ng-reflect-reservation="[object Object]" ng-reflect-filter-appart="Tous les appartements" ng-reflect-appart="Appartement 2" ng-reflect-quand="Tous" id="Appartement 2_ Nicolas Sarkozy_2019-10-20_2019-10-25">...</app-reservation-tag> is not clickable at point (27, 0). Other element would receive the click: <nav _ngcontent-c1="" class="navbar navbar-expand-lg navbar-dark bg-primary fixed-top">...</nav>
  (Session info: chrome=77.0.3865.120)
  (Driver info: chromedriver=2.43.600210 (68dcf5eebde37173d4027fa8635e332711d2874a),platform=Windows NT 10.0.17134 x86_64) (WARNING: The server did not provide any stacktrace information)
Command duration or timeout: 0 milliseconds
Build info: version: '3.7.1', revision: '8a0099a', time: '2017-11-06T21:07:36.161Z'
System info: host: 'DESKTOP-L8US96K', ip: '192.168.99.1', os.name: 'Windows 10', os.arch: 'amd64', os.version: '10.0', java.version: '1.8.0_181'
Driver info: com.kms.katalon.selenium.driver.CChromeDriver
Capabilities {acceptInsecureCerts: false, acceptSslCerts: false, applicationCacheEnabled: false, browserConnectionEnabled: false, browserName: chrome, chrome: {chromedriverVersion: 2.43.600210 (68dcf5eebde371..., userDataDir: C:\Users\bouda\AppData\Loca...}, cssSelectorsEnabled: true, databaseEnabled: false, goog:chromeOptions: {debuggerAddress: localhost:61618}, handlesAlerts: true, hasTouchScreen: false, javascriptEnabled: true, locationContextEnabled: true, mobileEmulationEnabled: false, nativeEvents: true, networkConnectionEnabled: false, pageLoadStrategy: normal, platform: XP, platformName: XP, rotatable: false, setWindowRect: true, takesHeapSnapshot: true, takesScreenshot: true, unexpectedAlertBehaviour: , unhandledPromptBehavior: , version: 77.0.3865.120, webStorageEnabled: true}
Session ID: a91a60eda1e71e81d77b6fd9d6e7ed75)
	at com.kms.katalon.core.keyword.internal.KeywordMain.stepFailed(KeywordMain.groovy:36)
	at com.kms.katalon.core.webui.keyword.internal.WebUIKeywordMain.stepFailed(WebUIKeywordMain.groovy:65)
	at com.kms.katalon.core.webui.keyword.internal.WebUIKeywordMain.runKeyword(WebUIKeywordMain.groovy:27)
	at com.kms.katalon.core.webui.keyword.builtin.ClickKeyword.click(ClickKeyword.groovy:86)
	at com.kms.katalon.core.webui.keyword.builtin.ClickKeyword.execute(ClickKeyword.groovy:67)
	at com.kms.katalon.core.keyword.internal.KeywordExecutor.executeKeywordForPlatform(KeywordExecutor.groovy:53)
	at com.kms.katalon.core.webui.keyword.WebUiBuiltInKeywords.click(WebUiBuiltInKeywords.groovy:616)
	at com.kms.katalon.core.webui.keyword.WebUiBuiltInKeywords$click$1.call(Unknown Source)
	at CheckReservation.run(CheckReservation:29)
	at com.kms.katalon.core.main.ScriptEngine.run(ScriptEngine.java:194)
	at com.kms.katalon.core.main.ScriptEngine.runScriptAsRawText(ScriptEngine.java:119)
	at com.kms.katalon.core.main.TestCaseExecutor.runScript(TestCaseExecutor.java:321)
	at com.kms.katalon.core.main.TestCaseExecutor.doExecute(TestCaseExecutor.java:312)
	at com.kms.katalon.core.main.TestCaseExecutor.processExecutionPhase(TestCaseExecutor.java:291)
	at com.kms.katalon.core.main.TestCaseExecutor.accessMainPhase(TestCaseExecutor.java:283)
	at com.kms.katalon.core.main.TestCaseExecutor.execute(TestCaseExecutor.java:222)
	at com.kms.katalon.core.main.TestSuiteExecutor.accessTestCaseMainPhase(TestSuiteExecutor.java:129)
	at com.kms.katalon.core.main.TestSuiteExecutor.accessTestSuiteMainPhase(TestSuiteExecutor.java:112)
	at com.kms.katalon.core.main.TestSuiteExecutor.execute(TestSuiteExecutor.java:81)
	at com.kms.katalon.core.main.TestCaseMain.startTestSuite(TestCaseMain.java:149)
	at com.kms.katalon.core.main.TestCaseMain$startTestSuite$0.call(Unknown Source)
	at TempTestSuite1571590044450.run(TempTestSuite1571590044450.groovy:36)]]></system-err>
      </testcase>
      <testcase name="Test Cases/CloseTheBrowser" classname="Test Cases/CloseTheBrowser" status="PASSED">
         <system-out><![CDATA[2019-10-20 18:47:46 - [TEST_CASE][PASSED] - Test Cases/CloseTheBrowser: Test Cases/CloseTheBrowser

2019-10-20 18:47:47 - [TEST_STEP][PASSED] - closeBrowser(STOP_ON_FAILURE): Browser is closed

2019-10-20 18:47:48 - [MESSAGE][PASSED] - Browser is closed]]></system-out>
         <system-err><![CDATA[]]></system-err>
      </testcase>
      <system-out><![CDATA[2019-10-20 18:47:26 - [TEST_SUITE][FAILED] - NouvelleReservation: Test Cases/CheckReservation FAILED.
Reason:
com.kms.katalon.core.exception.StepFailedException: Unable to click on object 'Object Repository/NouvelleReservations/ResaTag/Page_Application Hissab/div_reservation_tag' (Root cause: org.openqa.selenium.WebDriverException: unknown error: Element <app-reservation-tag _ngcontent-c4="" appart="Appartement 2" _nghost-c6="" ng-reflect-reservation="[object Object]" ng-reflect-filter-appart="Tous les appartements" ng-reflect-appart="Appartement 2" ng-reflect-quand="Tous" id="Appartement 2_ Nicolas Sarkozy_2019-10-20_2019-10-25">...</app-reservation-tag> is not clickable at point (27, 0). Other element would receive the click: <nav _ngcontent-c1="" class="navbar navbar-expand-lg navbar-dark bg-primary fixed-top">...</nav>
  (Session info: chrome=77.0.3865.120)
  (Driver info: chromedriver=2.43.600210 (68dcf5eebde37173d4027fa8635e332711d2874a),platform=Windows NT 10.0.17134 x86_64) (WARNING: The server did not provide any stacktrace information)
Command duration or timeout: 0 milliseconds
Build info: version: '3.7.1', revision: '8a0099a', time: '2017-11-06T21:07:36.161Z'
System info: host: 'DESKTOP-L8US96K', ip: '192.168.99.1', os.name: 'Windows 10', os.arch: 'amd64', os.version: '10.0', java.version: '1.8.0_181'
Driver info: com.kms.katalon.selenium.driver.CChromeDriver
Capabilities {acceptInsecureCerts: false, acceptSslCerts: false, applicationCacheEnabled: false, browserConnectionEnabled: false, browserName: chrome, chrome: {chromedriverVersion: 2.43.600210 (68dcf5eebde371..., userDataDir: C:\Users\bouda\AppData\Loca...}, cssSelectorsEnabled: true, databaseEnabled: false, goog:chromeOptions: {debuggerAddress: localhost:61618}, handlesAlerts: true, hasTouchScreen: false, javascriptEnabled: true, locationContextEnabled: true, mobileEmulationEnabled: false, nativeEvents: true, networkConnectionEnabled: false, pageLoadStrategy: normal, platform: XP, platformName: XP, rotatable: false, setWindowRect: true, takesHeapSnapshot: true, takesScreenshot: true, unexpectedAlertBehaviour: , unhandledPromptBehavior: , version: 77.0.3865.120, webStorageEnabled: true}
Session ID: a91a60eda1e71e81d77b6fd9d6e7ed75)
	at com.kms.katalon.core.keyword.internal.KeywordMain.stepFailed(KeywordMain.groovy:36)
	at com.kms.katalon.core.webui.keyword.internal.WebUIKeywordMain.stepFailed(WebUIKeywordMain.groovy:65)
	at com.kms.katalon.core.webui.keyword.internal.WebUIKeywordMain.runKeyword(WebUIKeywordMain.groovy:27)
	at com.kms.katalon.core.webui.keyword.builtin.ClickKeyword.click(ClickKeyword.groovy:86)
	at com.kms.katalon.core.webui.keyword.builtin.ClickKeyword.execute(ClickKeyword.groovy:67)
	at com.kms.katalon.core.keyword.internal.KeywordExecutor.executeKeywordForPlatform(KeywordExecutor.groovy:53)
	at com.kms.katalon.core.webui.keyword.WebUiBuiltInKeywords.click(WebUiBuiltInKeywords.groovy:616)
	at com.kms.katalon.core.webui.keyword.WebUiBuiltInKeywords$click$1.call(Unknown Source)
	at CheckReservation.run(CheckReservation:29)
	at com.kms.katalon.core.main.ScriptEngine.run(ScriptEngine.java:194)
	at com.kms.katalon.core.main.ScriptEngine.runScriptAsRawText(ScriptEngine.java:119)
	at com.kms.katalon.core.main.TestCaseExecutor.runScript(TestCaseExecutor.java:321)
	at com.kms.katalon.core.main.TestCaseExecutor.doExecute(TestCaseExecutor.java:312)
	at com.kms.katalon.core.main.TestCaseExecutor.processExecutionPhase(TestCaseExecutor.java:291)
	at com.kms.katalon.core.main.TestCaseExecutor.accessMainPhase(TestCaseExecutor.java:283)
	at com.kms.katalon.core.main.TestCaseExecutor.execute(TestCaseExecutor.java:222)
	at com.kms.katalon.core.main.TestSuiteExecutor.accessTestCaseMainPhase(TestSuiteExecutor.java:129)
	at com.kms.katalon.core.main.TestSuiteExecutor.accessTestSuiteMainPhase(TestSuiteExecutor.java:112)
	at com.kms.katalon.core.main.TestSuiteExecutor.execute(TestSuiteExecutor.java:81)
	at com.kms.katalon.core.main.TestCaseMain.startTestSuite(TestCaseMain.java:149)
	at com.kms.katalon.core.main.TestCaseMain$startTestSuite$0.call(Unknown Source)
	at TempTestSuite1571590044450.run(TempTestSuite1571590044450.groovy:36)]]></system-out>
      <system-err><![CDATA[2019-10-20 18:47:26 - [TEST_SUITE][FAILED] - NouvelleReservation: Test Cases/CheckReservation FAILED.
Reason:
com.kms.katalon.core.exception.StepFailedException: Unable to click on object 'Object Repository/NouvelleReservations/ResaTag/Page_Application Hissab/div_reservation_tag' (Root cause: org.openqa.selenium.WebDriverException: unknown error: Element <app-reservation-tag _ngcontent-c4="" appart="Appartement 2" _nghost-c6="" ng-reflect-reservation="[object Object]" ng-reflect-filter-appart="Tous les appartements" ng-reflect-appart="Appartement 2" ng-reflect-quand="Tous" id="Appartement 2_ Nicolas Sarkozy_2019-10-20_2019-10-25">...</app-reservation-tag> is not clickable at point (27, 0). Other element would receive the click: <nav _ngcontent-c1="" class="navbar navbar-expand-lg navbar-dark bg-primary fixed-top">...</nav>
  (Session info: chrome=77.0.3865.120)
  (Driver info: chromedriver=2.43.600210 (68dcf5eebde37173d4027fa8635e332711d2874a),platform=Windows NT 10.0.17134 x86_64) (WARNING: The server did not provide any stacktrace information)
Command duration or timeout: 0 milliseconds
Build info: version: '3.7.1', revision: '8a0099a', time: '2017-11-06T21:07:36.161Z'
System info: host: 'DESKTOP-L8US96K', ip: '192.168.99.1', os.name: 'Windows 10', os.arch: 'amd64', os.version: '10.0', java.version: '1.8.0_181'
Driver info: com.kms.katalon.selenium.driver.CChromeDriver
Capabilities {acceptInsecureCerts: false, acceptSslCerts: false, applicationCacheEnabled: false, browserConnectionEnabled: false, browserName: chrome, chrome: {chromedriverVersion: 2.43.600210 (68dcf5eebde371..., userDataDir: C:\Users\bouda\AppData\Loca...}, cssSelectorsEnabled: true, databaseEnabled: false, goog:chromeOptions: {debuggerAddress: localhost:61618}, handlesAlerts: true, hasTouchScreen: false, javascriptEnabled: true, locationContextEnabled: true, mobileEmulationEnabled: false, nativeEvents: true, networkConnectionEnabled: false, pageLoadStrategy: normal, platform: XP, platformName: XP, rotatable: false, setWindowRect: true, takesHeapSnapshot: true, takesScreenshot: true, unexpectedAlertBehaviour: , unhandledPromptBehavior: , version: 77.0.3865.120, webStorageEnabled: true}
Session ID: a91a60eda1e71e81d77b6fd9d6e7ed75)
	at com.kms.katalon.core.keyword.internal.KeywordMain.stepFailed(KeywordMain.groovy:36)
	at com.kms.katalon.core.webui.keyword.internal.WebUIKeywordMain.stepFailed(WebUIKeywordMain.groovy:65)
	at com.kms.katalon.core.webui.keyword.internal.WebUIKeywordMain.runKeyword(WebUIKeywordMain.groovy:27)
	at com.kms.katalon.core.webui.keyword.builtin.ClickKeyword.click(ClickKeyword.groovy:86)
	at com.kms.katalon.core.webui.keyword.builtin.ClickKeyword.execute(ClickKeyword.groovy:67)
	at com.kms.katalon.core.keyword.internal.KeywordExecutor.executeKeywordForPlatform(KeywordExecutor.groovy:53)
	at com.kms.katalon.core.webui.keyword.WebUiBuiltInKeywords.click(WebUiBuiltInKeywords.groovy:616)
	at com.kms.katalon.core.webui.keyword.WebUiBuiltInKeywords$click$1.call(Unknown Source)
	at CheckReservation.run(CheckReservation:29)
	at com.kms.katalon.core.main.ScriptEngine.run(ScriptEngine.java:194)
	at com.kms.katalon.core.main.ScriptEngine.runScriptAsRawText(ScriptEngine.java:119)
	at com.kms.katalon.core.main.TestCaseExecutor.runScript(TestCaseExecutor.java:321)
	at com.kms.katalon.core.main.TestCaseExecutor.doExecute(TestCaseExecutor.java:312)
	at com.kms.katalon.core.main.TestCaseExecutor.processExecutionPhase(TestCaseExecutor.java:291)
	at com.kms.katalon.core.main.TestCaseExecutor.accessMainPhase(TestCaseExecutor.java:283)
	at com.kms.katalon.core.main.TestCaseExecutor.execute(TestCaseExecutor.java:222)
	at com.kms.katalon.core.main.TestSuiteExecutor.accessTestCaseMainPhase(TestSuiteExecutor.java:129)
	at com.kms.katalon.core.main.TestSuiteExecutor.accessTestSuiteMainPhase(TestSuiteExecutor.java:112)
	at com.kms.katalon.core.main.TestSuiteExecutor.execute(TestSuiteExecutor.java:81)
	at com.kms.katalon.core.main.TestCaseMain.startTestSuite(TestCaseMain.java:149)
	at com.kms.katalon.core.main.TestCaseMain$startTestSuite$0.call(Unknown Source)
	at TempTestSuite1571590044450.run(TempTestSuite1571590044450.groovy:36)]]></system-err>
   </testsuite>
</testsuites>
