<?xml version="1.0" encoding="UTF-8"?>
<testsuites name="NouvelleReservation" time="21" tests="5" failures="1" errors="0">
   <testsuite name="NouvelleReservation" tests="5" failures="1" errors="0" time="21" timestamp="2019-10-20 21:24:40" hostname="bouda - DESKTOP-L8US96K" id="Test Suites/Reservations/NouvelleReservation">
      <properties>
         <property name="deviceName" value=""/>
         <property name="devicePlatform" value=""/>
         <property name="logFolder" value="D:\\data\\ws-hissab-katalon\\hissab_katalon\\Reports\\Reservations\\NouvelleReservation\\20191020_212433"/>
         <property name="logFiles" value="D:\\data\\ws-hissab-katalon\\hissab_katalon\\Reports\\Reservations\\NouvelleReservation\\20191020_212433\\execution0.log"/>
         <property name="attachments" value="D:\\data\\ws-hissab-katalon\\hissab_katalon\\Reports\\Reservations\\NouvelleReservation\\20191020_212433\\1571599498499.png, D:\\data\\ws-hissab-katalon\\hissab_katalon\\Reports\\Reservations\\NouvelleReservation\\20191020_212433\\1571599499075.png"/>
         <property name="hostName" value="bouda - DESKTOP-L8US96K"/>
         <property name="os" value="Windows 10 64bit"/>
         <property name="katalonVersion" value="5.9.1.2"/>
         <property name="browser" value="Chrome 77.0.3865.120"/>
         <property name="hostAddress" value="192.168.99.1"/>
         <property name="sessionId" value="38a2097167d099337106c5f34dd34211"/>
         <property name="seleniumVersion" value="3.7.1"/>
         <property name="proxyInformation" value="ProxyInformation{proxyOption=NO_PROXY, proxyServerType=HTTP, password=, proxyServerAddress=, proxyServerPort=0}"/>
         <property name="platform" value="Windows 10"/>
      </properties>
      <testcase name="Test Cases/OpenTheBrowser" classname="Test Cases/OpenTheBrowser" status="PASSED">
         <system-out><![CDATA[2019-10-20 21:24:40 - [TEST_CASE][PASSED] - Test Cases/OpenTheBrowser: Test Cases/OpenTheBrowser

2019-10-20 21:24:41 - [TEST_STEP][PASSED] - openBrowser(""): Browser is opened with url: ''

2019-10-20 21:24:41 - [MESSAGE][INFO] - Starting 'Chrome' driver

2019-10-20 21:24:41 - [MESSAGE][INFO] - Action delay is set to 0 seconds

2019-10-20 21:24:44 - [MESSAGE][PASSED] - Browser is opened with url: ''

2019-10-20 21:24:44 - [TEST_STEP][PASSED] - navigateToUrl("http://localhost:4200/"): Navigate to 'http://localhost:4200/' successfully

2019-10-20 21:24:48 - [MESSAGE][PASSED] - Navigate to 'http://localhost:4200/' successfully

2019-10-20 21:24:48 - [TEST_STEP][PASSED] - click(findTestObject("Object Repository/NouvelleReservations/Page_Application Hissab/h2_Bienvenue")): Object: 'Object Repository/NouvelleReservations/Page_Application Hissab/h2_Bienvenue' is clicked on

2019-10-20 21:24:49 - [MESSAGE][PASSED] - Object: 'Object Repository/NouvelleReservations/Page_Application Hissab/h2_Bienvenue' is clicked on

2019-10-20 21:24:49 - [TEST_STEP][PASSED] - setText(findTestObject("Object Repository/NouvelleReservations/Page_Application Hissab/input_Email_email"), "abdellatif.boudalh@gmail.com"): Text 'abdellatif.boudalh@gmail.com' is set on object 'Object Repository/NouvelleReservations/Page_Application Hissab/input_Email_email'

2019-10-20 21:24:49 - [MESSAGE][PASSED] - Text 'abdellatif.boudalh@gmail.com' is set on object 'Object Repository/NouvelleReservations/Page_Application Hissab/input_Email_email'

2019-10-20 21:24:49 - [TEST_STEP][PASSED] - setEncryptedText(findTestObject("Object Repository/NouvelleReservations/Page_Application Hissab/input_Mot de passe_password"), "g5aLkrmNNK9wgGsRIXINCA=="): Text ****** has been set on object 'Object Repository/NouvelleReservations/Page_Application Hissab/input_Mot de passe_password'

2019-10-20 21:24:49 - [MESSAGE][PASSED] - Text ****** has been set on object 'Object Repository/NouvelleReservations/Page_Application Hissab/input_Mot de passe_password'

2019-10-20 21:24:49 - [TEST_STEP][PASSED] - click(findTestObject("Object Repository/NouvelleReservations/Page_Application Hissab/button_Connexion")): Object: 'Object Repository/NouvelleReservations/Page_Application Hissab/button_Connexion' is clicked on

2019-10-20 21:24:50 - [MESSAGE][PASSED] - Object: 'Object Repository/NouvelleReservations/Page_Application Hissab/button_Connexion' is clicked on]]></system-out>
         <system-err><![CDATA[]]></system-err>
      </testcase>
      <testcase name="Test Cases/NewReservation" classname="Test Cases/NewReservation" status="PASSED">
         <system-out><![CDATA[2019-10-20 21:24:50 - [TEST_CASE][PASSED] - Test Cases/NewReservation: Test Cases/NewReservation

2019-10-20 21:24:50 - [TEST_STEP][PASSED] - scrollToElement(findTestObject("NouvelleReservations/Page_Application Hissab/button_Nouvelle Reservation"), 0): Scroll to object 'Object Repository/NouvelleReservations/Page_Application Hissab/button_Nouvelle Reservation' successfully

2019-10-20 21:24:50 - [MESSAGE][WARNING] - Timeout '0' is invalid. Using default page load timeout: '30'

2019-10-20 21:24:51 - [MESSAGE][PASSED] - Scroll to object 'Object Repository/NouvelleReservations/Page_Application Hissab/button_Nouvelle Reservation' successfully

2019-10-20 21:24:51 - [TEST_STEP][PASSED] - click(findTestObject("Object Repository/NouvelleReservations/Page_Application Hissab/button_Nouvelle Reservation")): Object: 'Object Repository/NouvelleReservations/Page_Application Hissab/button_Nouvelle Reservation' is clicked on

2019-10-20 21:24:51 - [MESSAGE][PASSED] - Object: 'Object Repository/NouvelleReservations/Page_Application Hissab/button_Nouvelle Reservation' is clicked on

2019-10-20 21:24:51 - [TEST_STEP][PASSED] - selectOptionByValue(findTestObject("Object Repository/NouvelleReservations/Page_Application Hissab/select_Appartement 0Appartemen"), Appartement, true): All options with value 'Appartement 2' are selected in object 'Object Repository/NouvelleReservations/Page_Application Hissab/select_Appartement 0Appartemen'  using regular expression

2019-10-20 21:24:52 - [MESSAGE][PASSED] - All options with value 'Appartement 2' are selected in object 'Object Repository/NouvelleReservations/Page_Application Hissab/select_Appartement 0Appartemen'  using regular expression

2019-10-20 21:24:52 - [TEST_STEP][PASSED] - setText(findTestObject("NouvelleReservations/Dates/Page_Application Hissab/input_Arriv_arrive"), jour_arrive): Text '20' is set on object 'Object Repository/NouvelleReservations/Dates/Page_Application Hissab/input_Arriv_arrive'

2019-10-20 21:24:52 - [MESSAGE][PASSED] - Text '20' is set on object 'Object Repository/NouvelleReservations/Dates/Page_Application Hissab/input_Arriv_arrive'

2019-10-20 21:24:52 - [TEST_STEP][PASSED] - setText(findTestObject("NouvelleReservations/Dates/Page_Application Hissab/input_Dpart_depart"), jour_depart): Text '25102019' is set on object 'Object Repository/NouvelleReservations/Dates/Page_Application Hissab/input_Dpart_depart'

2019-10-20 21:24:52 - [MESSAGE][PASSED] - Text '25102019' is set on object 'Object Repository/NouvelleReservations/Dates/Page_Application Hissab/input_Dpart_depart'

2019-10-20 21:24:52 - [TEST_STEP][PASSED] - setText(findTestObject("Object Repository/NouvelleReservations/Page_Application Hissab/input_Nom complet_nomcomplet"), Nom_Client): Text 'Nicolas Sarkozy' is set on object 'Object Repository/NouvelleReservations/Page_Application Hissab/input_Nom complet_nomcomplet'

2019-10-20 21:24:52 - [MESSAGE][PASSED] - Text 'Nicolas Sarkozy' is set on object 'Object Repository/NouvelleReservations/Page_Application Hissab/input_Nom complet_nomcomplet'

2019-10-20 21:24:52 - [TEST_STEP][PASSED] - sendKeys(findTestObject("Object Repository/NouvelleReservations/Page_Application Hissab/input_Tlphone_phone"), Keys.chord(ENTER)): Keys 'ENTER + ' sent to object: 'Object Repository/NouvelleReservations/Page_Application Hissab/input_Tlphone_phone'

2019-10-20 21:24:52 - [MESSAGE][PASSED] - Keys 'ENTER + ' sent to object: 'Object Repository/NouvelleReservations/Page_Application Hissab/input_Tlphone_phone'

2019-10-20 21:24:52 - [TEST_STEP][PASSED] - setText(findTestObject("Object Repository/NouvelleReservations/Page_Application Hissab/input_Tlphone_phone"), Phone): Text '+33699089737' is set on object 'Object Repository/NouvelleReservations/Page_Application Hissab/input_Tlphone_phone'

2019-10-20 21:24:52 - [MESSAGE][PASSED] - Text '+33699089737' is set on object 'Object Repository/NouvelleReservations/Page_Application Hissab/input_Tlphone_phone'

2019-10-20 21:24:52 - [TEST_STEP][PASSED] - setText(findTestObject("Object Repository/NouvelleReservations/Page_Application Hissab/input_Prix_prix"), Prix): Text ' 1200' is set on object 'Object Repository/NouvelleReservations/Page_Application Hissab/input_Prix_prix'

2019-10-20 21:24:53 - [MESSAGE][PASSED] - Text ' 1200' is set on object 'Object Repository/NouvelleReservations/Page_Application Hissab/input_Prix_prix'

2019-10-20 21:24:53 - [TEST_STEP][PASSED] - selectOptionByValue(findTestObject("Object Repository/NouvelleReservations/Page_Application Hissab/select_EurosDirhams"), Devise, true): All options with value 'Dirhams' are selected in object 'Object Repository/NouvelleReservations/Page_Application Hissab/select_EurosDirhams'  using regular expression

2019-10-20 21:24:53 - [MESSAGE][PASSED] - All options with value 'Dirhams' are selected in object 'Object Repository/NouvelleReservations/Page_Application Hissab/select_EurosDirhams'  using regular expression

2019-10-20 21:24:53 - [TEST_STEP][PASSED] - selectOptionByValue(findTestObject("Object Repository/NouvelleReservations/Page_Application Hissab/select_A pay en ligneVa payer"), Mode_paiement, true): All options with value 'A payé en ligne' are selected in object 'Object Repository/NouvelleReservations/Page_Application Hissab/select_A pay en ligneVa payer'  using regular expression

2019-10-20 21:24:53 - [MESSAGE][PASSED] - All options with value 'A payé en ligne' are selected in object 'Object Repository/NouvelleReservations/Page_Application Hissab/select_A pay en ligneVa payer'  using regular expression

2019-10-20 21:24:53 - [TEST_STEP][PASSED] - selectOptionByValue(findTestObject("NouvelleReservations/Page_Application Hissab/select_nbr_adulte"), nbr_adulte, true): All options with value '2' are selected in object 'Object Repository/NouvelleReservations/Page_Application Hissab/select_nbr_adulte'  using regular expression

2019-10-20 21:24:53 - [MESSAGE][PASSED] - All options with value '2' are selected in object 'Object Repository/NouvelleReservations/Page_Application Hissab/select_nbr_adulte'  using regular expression

2019-10-20 21:24:53 - [TEST_STEP][PASSED] - selectOptionByValue(findTestObject("NouvelleReservations/Page_Application Hissab/select_nbr_enfant"), nbr_enfant, true): All options with value '3' are selected in object 'Object Repository/NouvelleReservations/Page_Application Hissab/select_nbr_enfant'  using regular expression

2019-10-20 21:24:53 - [MESSAGE][PASSED] - All options with value '3' are selected in object 'Object Repository/NouvelleReservations/Page_Application Hissab/select_nbr_enfant'  using regular expression

2019-10-20 21:24:53 - [TEST_STEP][PASSED] - setText(findTestObject("Object Repository/NouvelleReservations/Page_Application Hissab/textarea_Commentaires (faculta"), Comments): Text ' Voici mon commentaire' is set on object 'Object Repository/NouvelleReservations/Page_Application Hissab/textarea_Commentaires (faculta'

2019-10-20 21:24:54 - [MESSAGE][PASSED] - Text ' Voici mon commentaire' is set on object 'Object Repository/NouvelleReservations/Page_Application Hissab/textarea_Commentaires (faculta'

2019-10-20 21:24:54 - [TEST_STEP][PASSED] - scrollToElement(findTestObject("NouvelleReservations/Page_Application Hissab/button_Enregistrer"), 0): Scroll to object 'Object Repository/NouvelleReservations/Page_Application Hissab/button_Enregistrer' successfully

2019-10-20 21:24:54 - [MESSAGE][WARNING] - Timeout '0' is invalid. Using default page load timeout: '30'

2019-10-20 21:24:54 - [MESSAGE][PASSED] - Scroll to object 'Object Repository/NouvelleReservations/Page_Application Hissab/button_Enregistrer' successfully

2019-10-20 21:24:54 - [TEST_STEP][PASSED] - click(findTestObject("Object Repository/NouvelleReservations/Page_Application Hissab/button_Enregistrer")): Object: 'Object Repository/NouvelleReservations/Page_Application Hissab/button_Enregistrer' is clicked on

2019-10-20 21:24:54 - [MESSAGE][PASSED] - Object: 'Object Repository/NouvelleReservations/Page_Application Hissab/button_Enregistrer' is clicked on]]></system-out>
         <system-err><![CDATA[]]></system-err>
      </testcase>
      <testcase name="Test Cases/NewReservation" classname="Test Cases/NewReservation" status="PASSED">
         <system-out><![CDATA[2019-10-20 21:24:54 - [TEST_CASE][PASSED] - Test Cases/NewReservation: Test Cases/NewReservation

2019-10-20 21:24:54 - [TEST_STEP][PASSED] - scrollToElement(findTestObject("NouvelleReservations/Page_Application Hissab/button_Nouvelle Reservation"), 0): Scroll to object 'Object Repository/NouvelleReservations/Page_Application Hissab/button_Nouvelle Reservation' successfully

2019-10-20 21:24:54 - [MESSAGE][WARNING] - Timeout '0' is invalid. Using default page load timeout: '30'

2019-10-20 21:24:54 - [MESSAGE][PASSED] - Scroll to object 'Object Repository/NouvelleReservations/Page_Application Hissab/button_Nouvelle Reservation' successfully

2019-10-20 21:24:54 - [TEST_STEP][PASSED] - click(findTestObject("Object Repository/NouvelleReservations/Page_Application Hissab/button_Nouvelle Reservation")): Object: 'Object Repository/NouvelleReservations/Page_Application Hissab/button_Nouvelle Reservation' is clicked on

2019-10-20 21:24:54 - [MESSAGE][PASSED] - Object: 'Object Repository/NouvelleReservations/Page_Application Hissab/button_Nouvelle Reservation' is clicked on

2019-10-20 21:24:54 - [TEST_STEP][PASSED] - selectOptionByValue(findTestObject("Object Repository/NouvelleReservations/Page_Application Hissab/select_Appartement 0Appartemen"), Appartement, true): All options with value 'Appartement 5' are selected in object 'Object Repository/NouvelleReservations/Page_Application Hissab/select_Appartement 0Appartemen'  using regular expression

2019-10-20 21:24:54 - [MESSAGE][PASSED] - All options with value 'Appartement 5' are selected in object 'Object Repository/NouvelleReservations/Page_Application Hissab/select_Appartement 0Appartemen'  using regular expression

2019-10-20 21:24:54 - [TEST_STEP][PASSED] - setText(findTestObject("NouvelleReservations/Dates/Page_Application Hissab/input_Arriv_arrive"), jour_arrive): Text '10' is set on object 'Object Repository/NouvelleReservations/Dates/Page_Application Hissab/input_Arriv_arrive'

2019-10-20 21:24:55 - [MESSAGE][PASSED] - Text '10' is set on object 'Object Repository/NouvelleReservations/Dates/Page_Application Hissab/input_Arriv_arrive'

2019-10-20 21:24:55 - [TEST_STEP][PASSED] - setText(findTestObject("NouvelleReservations/Dates/Page_Application Hissab/input_Dpart_depart"), jour_depart): Text '21102019' is set on object 'Object Repository/NouvelleReservations/Dates/Page_Application Hissab/input_Dpart_depart'

2019-10-20 21:24:55 - [MESSAGE][PASSED] - Text '21102019' is set on object 'Object Repository/NouvelleReservations/Dates/Page_Application Hissab/input_Dpart_depart'

2019-10-20 21:24:55 - [TEST_STEP][PASSED] - setText(findTestObject("Object Repository/NouvelleReservations/Page_Application Hissab/input_Nom complet_nomcomplet"), Nom_Client): Text 'Jacques Chirac' is set on object 'Object Repository/NouvelleReservations/Page_Application Hissab/input_Nom complet_nomcomplet'

2019-10-20 21:24:55 - [MESSAGE][PASSED] - Text 'Jacques Chirac' is set on object 'Object Repository/NouvelleReservations/Page_Application Hissab/input_Nom complet_nomcomplet'

2019-10-20 21:24:55 - [TEST_STEP][PASSED] - sendKeys(findTestObject("Object Repository/NouvelleReservations/Page_Application Hissab/input_Tlphone_phone"), Keys.chord(ENTER)): Keys 'ENTER + ' sent to object: 'Object Repository/NouvelleReservations/Page_Application Hissab/input_Tlphone_phone'

2019-10-20 21:24:55 - [MESSAGE][PASSED] - Keys 'ENTER + ' sent to object: 'Object Repository/NouvelleReservations/Page_Application Hissab/input_Tlphone_phone'

2019-10-20 21:24:55 - [TEST_STEP][PASSED] - setText(findTestObject("Object Repository/NouvelleReservations/Page_Application Hissab/input_Tlphone_phone"), Phone): Text '+2123004903403' is set on object 'Object Repository/NouvelleReservations/Page_Application Hissab/input_Tlphone_phone'

2019-10-20 21:24:55 - [MESSAGE][PASSED] - Text '+2123004903403' is set on object 'Object Repository/NouvelleReservations/Page_Application Hissab/input_Tlphone_phone'

2019-10-20 21:24:55 - [TEST_STEP][PASSED] - setText(findTestObject("Object Repository/NouvelleReservations/Page_Application Hissab/input_Prix_prix"), Prix): Text ' 400' is set on object 'Object Repository/NouvelleReservations/Page_Application Hissab/input_Prix_prix'

2019-10-20 21:24:56 - [MESSAGE][PASSED] - Text ' 400' is set on object 'Object Repository/NouvelleReservations/Page_Application Hissab/input_Prix_prix'

2019-10-20 21:24:56 - [TEST_STEP][PASSED] - selectOptionByValue(findTestObject("Object Repository/NouvelleReservations/Page_Application Hissab/select_EurosDirhams"), Devise, true): All options with value 'Euros' are selected in object 'Object Repository/NouvelleReservations/Page_Application Hissab/select_EurosDirhams'  using regular expression

2019-10-20 21:24:56 - [MESSAGE][PASSED] - All options with value 'Euros' are selected in object 'Object Repository/NouvelleReservations/Page_Application Hissab/select_EurosDirhams'  using regular expression

2019-10-20 21:24:56 - [TEST_STEP][PASSED] - selectOptionByValue(findTestObject("Object Repository/NouvelleReservations/Page_Application Hissab/select_A pay en ligneVa payer"), Mode_paiement, true): All options with value 'Va payer sur place' are selected in object 'Object Repository/NouvelleReservations/Page_Application Hissab/select_A pay en ligneVa payer'  using regular expression

2019-10-20 21:24:56 - [MESSAGE][PASSED] - All options with value 'Va payer sur place' are selected in object 'Object Repository/NouvelleReservations/Page_Application Hissab/select_A pay en ligneVa payer'  using regular expression

2019-10-20 21:24:56 - [TEST_STEP][PASSED] - selectOptionByValue(findTestObject("NouvelleReservations/Page_Application Hissab/select_nbr_adulte"), nbr_adulte, true): All options with value '2' are selected in object 'Object Repository/NouvelleReservations/Page_Application Hissab/select_nbr_adulte'  using regular expression

2019-10-20 21:24:56 - [MESSAGE][PASSED] - All options with value '2' are selected in object 'Object Repository/NouvelleReservations/Page_Application Hissab/select_nbr_adulte'  using regular expression

2019-10-20 21:24:56 - [TEST_STEP][PASSED] - selectOptionByValue(findTestObject("NouvelleReservations/Page_Application Hissab/select_nbr_enfant"), nbr_enfant, true): All options with value '0' are selected in object 'Object Repository/NouvelleReservations/Page_Application Hissab/select_nbr_enfant'  using regular expression

2019-10-20 21:24:56 - [MESSAGE][PASSED] - All options with value '0' are selected in object 'Object Repository/NouvelleReservations/Page_Application Hissab/select_nbr_enfant'  using regular expression

2019-10-20 21:24:56 - [TEST_STEP][PASSED] - setText(findTestObject("Object Repository/NouvelleReservations/Page_Application Hissab/textarea_Commentaires (faculta"), Comments): Text ' Riji m3a 2h diel sba7' is set on object 'Object Repository/NouvelleReservations/Page_Application Hissab/textarea_Commentaires (faculta'

2019-10-20 21:24:57 - [MESSAGE][PASSED] - Text ' Riji m3a 2h diel sba7' is set on object 'Object Repository/NouvelleReservations/Page_Application Hissab/textarea_Commentaires (faculta'

2019-10-20 21:24:57 - [TEST_STEP][PASSED] - scrollToElement(findTestObject("NouvelleReservations/Page_Application Hissab/button_Enregistrer"), 0): Scroll to object 'Object Repository/NouvelleReservations/Page_Application Hissab/button_Enregistrer' successfully

2019-10-20 21:24:57 - [MESSAGE][WARNING] - Timeout '0' is invalid. Using default page load timeout: '30'

2019-10-20 21:24:57 - [MESSAGE][PASSED] - Scroll to object 'Object Repository/NouvelleReservations/Page_Application Hissab/button_Enregistrer' successfully

2019-10-20 21:24:57 - [TEST_STEP][PASSED] - click(findTestObject("Object Repository/NouvelleReservations/Page_Application Hissab/button_Enregistrer")): Object: 'Object Repository/NouvelleReservations/Page_Application Hissab/button_Enregistrer' is clicked on

2019-10-20 21:24:57 - [MESSAGE][PASSED] - Object: 'Object Repository/NouvelleReservations/Page_Application Hissab/button_Enregistrer' is clicked on]]></system-out>
         <system-err><![CDATA[]]></system-err>
      </testcase>
      <testcase name="Test Cases/CheckReservation" classname="Test Cases/CheckReservation" status="PASSED">
         <system-out><![CDATA[2019-10-20 21:24:57 - [TEST_CASE][PASSED] - Test Cases/CheckReservation: Test Cases/CheckReservation

2019-10-20 21:24:57 - [TEST_STEP][PASSED] - exampleId = "Appartement 2_ Nicolas Sarkozy_2019-10-20_2019-10-25": null

2019-10-20 21:24:57 - [TEST_STEP][PASSED] - verifyElementPresent(findTestObject("NouvelleReservations/Page_Application Hissab/h3_Reservations"), 0): Object 'Object Repository/NouvelleReservations/Page_Application Hissab/h3_Reservations' is present

2019-10-20 21:24:57 - [MESSAGE][WARNING] - Timeout '0' is invalid. Using default page load timeout: '30'

2019-10-20 21:24:57 - [MESSAGE][PASSED] - Object 'Object Repository/NouvelleReservations/Page_Application Hissab/h3_Reservations' is present

2019-10-20 21:24:57 - [TEST_STEP][PASSED] - scrollToElement(findTestObject("NouvelleReservations/Page_Application Hissab/h3_Reservations"), 0): Scroll to object 'Object Repository/NouvelleReservations/Page_Application Hissab/h3_Reservations' successfully

2019-10-20 21:24:57 - [MESSAGE][WARNING] - Timeout '0' is invalid. Using default page load timeout: '30'

2019-10-20 21:24:57 - [MESSAGE][PASSED] - Scroll to object 'Object Repository/NouvelleReservations/Page_Application Hissab/h3_Reservations' successfully

2019-10-20 21:24:57 - [TEST_STEP][PASSED] - click(findTestObject("NouvelleReservations/Boutons/Page_Application Hissab/button_ThisMonth")): Object: 'Object Repository/NouvelleReservations/Boutons/Page_Application Hissab/button_ThisMonth' is clicked on

2019-10-20 21:24:57 - [MESSAGE][PASSED] - Object: 'Object Repository/NouvelleReservations/Boutons/Page_Application Hissab/button_ThisMonth' is clicked on

2019-10-20 21:24:57 - [TEST_STEP][PASSED] - verifyElementPresent(findTestObject("NouvelleReservations/ResaTag/Page_Application Hissab/div_reservation_tag", ["id":exampleId]), 0): Object 'Object Repository/NouvelleReservations/ResaTag/Page_Application Hissab/div_reservation_tag' is present

2019-10-20 21:24:57 - [MESSAGE][WARNING] - Timeout '0' is invalid. Using default page load timeout: '30'

2019-10-20 21:24:57 - [MESSAGE][PASSED] - Object 'Object Repository/NouvelleReservations/ResaTag/Page_Application Hissab/div_reservation_tag' is present

2019-10-20 21:24:57 - [TEST_STEP][PASSED] - scrollToElement(findTestObject("NouvelleReservations/ResaTag/Page_Application Hissab/div_reservation_tag", ["id":exampleId]), 0): Scroll to object 'Object Repository/NouvelleReservations/ResaTag/Page_Application Hissab/div_reservation_tag' successfully

2019-10-20 21:24:57 - [MESSAGE][WARNING] - Timeout '0' is invalid. Using default page load timeout: '30'

2019-10-20 21:24:57 - [MESSAGE][PASSED] - Scroll to object 'Object Repository/NouvelleReservations/ResaTag/Page_Application Hissab/div_reservation_tag' successfully

2019-10-20 21:24:57 - [TEST_STEP][PASSED] - verifyElementPresent(findTestObject("NouvelleReservations/ResaTag/Page_Application Hissab/div_reservation_view", ["id":exampleId]), 0): Object 'Object Repository/NouvelleReservations/ResaTag/Page_Application Hissab/div_reservation_view' is present

2019-10-20 21:24:57 - [MESSAGE][WARNING] - Timeout '0' is invalid. Using default page load timeout: '30'

2019-10-20 21:24:57 - [MESSAGE][PASSED] - Object 'Object Repository/NouvelleReservations/ResaTag/Page_Application Hissab/div_reservation_view' is present

2019-10-20 21:24:57 - [TEST_STEP][PASSED] - verifyElementText(findTestObject("NouvelleReservations/ResaTag/Page_Application Hissab/div_reservation_nom", ["id":exampleId]), nom): Actual text and expected text of test object 'Object Repository/NouvelleReservations/ResaTag/Page_Application Hissab/div_reservation_nom' are matched.

2019-10-20 21:24:58 - [MESSAGE][PASSED] - Actual text and expected text of test object 'Object Repository/NouvelleReservations/ResaTag/Page_Application Hissab/div_reservation_nom' are matched.

2019-10-20 21:24:58 - [TEST_STEP][PASSED] - verifyElementText(findTestObject("NouvelleReservations/ResaTag/Page_Application Hissab/div_reservation_logement", ["id":exampleId]), logement): Actual text and expected text of test object 'Object Repository/NouvelleReservations/ResaTag/Page_Application Hissab/div_reservation_logement' are matched.

2019-10-20 21:24:58 - [MESSAGE][PASSED] - Actual text and expected text of test object 'Object Repository/NouvelleReservations/ResaTag/Page_Application Hissab/div_reservation_logement' are matched.]]></system-out>
         <system-err><![CDATA[]]></system-err>
      </testcase>
      <testcase name="Test Cases/CheckReservation" classname="Test Cases/CheckReservation" status="FAILED">
         <failure type="FAILED" message="Test Cases/CheckReservation FAILED.
Reason:
com.kms.katalon.core.exception.StepFailedException: Verify element text of test object 'Object Repository/NouvelleReservations/ResaTag/Page_Application Hissab/div_reservation_nom' FAILED. (Root cause: com.kms.katalon.core.exception.StepFailedException: Actual text 'Nicolas Sarkozy' and expected text 'Jacques Chirac' of test object 'Object Repository/NouvelleReservations/ResaTag/Page_Application Hissab/div_reservation_nom' are NOT matched.)
	at com.kms.katalon.core.keyword.internal.KeywordMain.stepFailed(KeywordMain.groovy:36)
	at com.kms.katalon.core.webui.keyword.internal.WebUIKeywordMain.stepFailed(WebUIKeywordMain.groovy:65)
	at com.kms.katalon.core.webui.keyword.internal.WebUIKeywordMain.runKeyword(WebUIKeywordMain.groovy:27)
	at com.kms.katalon.core.webui.keyword.builtin.VerifyElementTextKeyword.verifyElementText(VerifyElementTextKeyword.groovy:72)
	at com.kms.katalon.core.webui.keyword.builtin.VerifyElementTextKeyword.execute(VerifyElementTextKeyword.groovy:40)
	at com.kms.katalon.core.keyword.internal.KeywordExecutor.executeKeywordForPlatform(KeywordExecutor.groovy:53)
	at com.kms.katalon.core.webui.keyword.WebUiBuiltInKeywords.verifyElementText(WebUiBuiltInKeywords.groovy:3663)
	at com.kms.katalon.core.webui.keyword.WebUiBuiltInKeywords$verifyElementText$8.call(Unknown Source)
	at CheckReservation.run(CheckReservation:34)
	at com.kms.katalon.core.main.ScriptEngine.run(ScriptEngine.java:194)
	at com.kms.katalon.core.main.ScriptEngine.runScriptAsRawText(ScriptEngine.java:119)
	at com.kms.katalon.core.main.TestCaseExecutor.runScript(TestCaseExecutor.java:321)
	at com.kms.katalon.core.main.TestCaseExecutor.doExecute(TestCaseExecutor.java:312)
	at com.kms.katalon.core.main.TestCaseExecutor.processExecutionPhase(TestCaseExecutor.java:291)
	at com.kms.katalon.core.main.TestCaseExecutor.accessMainPhase(TestCaseExecutor.java:283)
	at com.kms.katalon.core.main.TestCaseExecutor.execute(TestCaseExecutor.java:222)
	at com.kms.katalon.core.main.TestSuiteExecutor.accessTestCaseMainPhase(TestSuiteExecutor.java:129)
	at com.kms.katalon.core.main.TestSuiteExecutor.accessTestSuiteMainPhase(TestSuiteExecutor.java:112)
	at com.kms.katalon.core.main.TestSuiteExecutor.execute(TestSuiteExecutor.java:81)
	at com.kms.katalon.core.main.TestCaseMain.startTestSuite(TestCaseMain.java:149)
	at com.kms.katalon.core.main.TestCaseMain$startTestSuite$0.call(Unknown Source)
	at TempTestSuite1571599477704.run(TempTestSuite1571599477704.groovy:36)
"/>
         <system-out><![CDATA[2019-10-20 21:24:58 - [TEST_CASE][FAILED] - Test Cases/CheckReservation: Test Cases/CheckReservation FAILED.
Reason:
com.kms.katalon.core.exception.StepFailedException: Verify element text of test object 'Object Repository/NouvelleReservations/ResaTag/Page_Application Hissab/div_reservation_nom' FAILED. (Root cause: com.kms.katalon.core.exception.StepFailedException: Actual text 'Nicolas Sarkozy' and expected text 'Jacques Chirac' of test object 'Object Repository/NouvelleReservations/ResaTag/Page_Application Hissab/div_reservation_nom' are NOT matched.)
	at com.kms.katalon.core.keyword.internal.KeywordMain.stepFailed(KeywordMain.groovy:36)
	at com.kms.katalon.core.webui.keyword.internal.WebUIKeywordMain.stepFailed(WebUIKeywordMain.groovy:65)
	at com.kms.katalon.core.webui.keyword.internal.WebUIKeywordMain.runKeyword(WebUIKeywordMain.groovy:27)
	at com.kms.katalon.core.webui.keyword.builtin.VerifyElementTextKeyword.verifyElementText(VerifyElementTextKeyword.groovy:72)
	at com.kms.katalon.core.webui.keyword.builtin.VerifyElementTextKeyword.execute(VerifyElementTextKeyword.groovy:40)
	at com.kms.katalon.core.keyword.internal.KeywordExecutor.executeKeywordForPlatform(KeywordExecutor.groovy:53)
	at com.kms.katalon.core.webui.keyword.WebUiBuiltInKeywords.verifyElementText(WebUiBuiltInKeywords.groovy:3663)
	at com.kms.katalon.core.webui.keyword.WebUiBuiltInKeywords$verifyElementText$8.call(Unknown Source)
	at CheckReservation.run(CheckReservation:34)
	at com.kms.katalon.core.main.ScriptEngine.run(ScriptEngine.java:194)
	at com.kms.katalon.core.main.ScriptEngine.runScriptAsRawText(ScriptEngine.java:119)
	at com.kms.katalon.core.main.TestCaseExecutor.runScript(TestCaseExecutor.java:321)
	at com.kms.katalon.core.main.TestCaseExecutor.doExecute(TestCaseExecutor.java:312)
	at com.kms.katalon.core.main.TestCaseExecutor.processExecutionPhase(TestCaseExecutor.java:291)
	at com.kms.katalon.core.main.TestCaseExecutor.accessMainPhase(TestCaseExecutor.java:283)
	at com.kms.katalon.core.main.TestCaseExecutor.execute(TestCaseExecutor.java:222)
	at com.kms.katalon.core.main.TestSuiteExecutor.accessTestCaseMainPhase(TestSuiteExecutor.java:129)
	at com.kms.katalon.core.main.TestSuiteExecutor.accessTestSuiteMainPhase(TestSuiteExecutor.java:112)
	at com.kms.katalon.core.main.TestSuiteExecutor.execute(TestSuiteExecutor.java:81)
	at com.kms.katalon.core.main.TestCaseMain.startTestSuite(TestCaseMain.java:149)
	at com.kms.katalon.core.main.TestCaseMain$startTestSuite$0.call(Unknown Source)
	at TempTestSuite1571599477704.run(TempTestSuite1571599477704.groovy:36)


2019-10-20 21:24:58 - [TEST_STEP][PASSED] - exampleId = "Appartement 2_ Nicolas Sarkozy_2019-10-20_2019-10-25": null

2019-10-20 21:24:58 - [TEST_STEP][PASSED] - verifyElementPresent(findTestObject("NouvelleReservations/Page_Application Hissab/h3_Reservations"), 0): Object 'Object Repository/NouvelleReservations/Page_Application Hissab/h3_Reservations' is present

2019-10-20 21:24:58 - [MESSAGE][WARNING] - Timeout '0' is invalid. Using default page load timeout: '30'

2019-10-20 21:24:58 - [MESSAGE][PASSED] - Object 'Object Repository/NouvelleReservations/Page_Application Hissab/h3_Reservations' is present

2019-10-20 21:24:58 - [TEST_STEP][PASSED] - scrollToElement(findTestObject("NouvelleReservations/Page_Application Hissab/h3_Reservations"), 0): Scroll to object 'Object Repository/NouvelleReservations/Page_Application Hissab/h3_Reservations' successfully

2019-10-20 21:24:58 - [MESSAGE][WARNING] - Timeout '0' is invalid. Using default page load timeout: '30'

2019-10-20 21:24:58 - [MESSAGE][PASSED] - Scroll to object 'Object Repository/NouvelleReservations/Page_Application Hissab/h3_Reservations' successfully

2019-10-20 21:24:58 - [TEST_STEP][PASSED] - click(findTestObject("NouvelleReservations/Boutons/Page_Application Hissab/button_ThisMonth")): Object: 'Object Repository/NouvelleReservations/Boutons/Page_Application Hissab/button_ThisMonth' is clicked on

2019-10-20 21:24:58 - [MESSAGE][PASSED] - Object: 'Object Repository/NouvelleReservations/Boutons/Page_Application Hissab/button_ThisMonth' is clicked on

2019-10-20 21:24:58 - [TEST_STEP][PASSED] - verifyElementPresent(findTestObject("NouvelleReservations/ResaTag/Page_Application Hissab/div_reservation_tag", ["id":exampleId]), 0): Object 'Object Repository/NouvelleReservations/ResaTag/Page_Application Hissab/div_reservation_tag' is present

2019-10-20 21:24:58 - [MESSAGE][WARNING] - Timeout '0' is invalid. Using default page load timeout: '30'

2019-10-20 21:24:58 - [MESSAGE][PASSED] - Object 'Object Repository/NouvelleReservations/ResaTag/Page_Application Hissab/div_reservation_tag' is present

2019-10-20 21:24:58 - [TEST_STEP][PASSED] - scrollToElement(findTestObject("NouvelleReservations/ResaTag/Page_Application Hissab/div_reservation_tag", ["id":exampleId]), 0): Scroll to object 'Object Repository/NouvelleReservations/ResaTag/Page_Application Hissab/div_reservation_tag' successfully

2019-10-20 21:24:58 - [MESSAGE][WARNING] - Timeout '0' is invalid. Using default page load timeout: '30'

2019-10-20 21:24:58 - [MESSAGE][PASSED] - Scroll to object 'Object Repository/NouvelleReservations/ResaTag/Page_Application Hissab/div_reservation_tag' successfully

2019-10-20 21:24:58 - [TEST_STEP][PASSED] - verifyElementPresent(findTestObject("NouvelleReservations/ResaTag/Page_Application Hissab/div_reservation_view", ["id":exampleId]), 0): Object 'Object Repository/NouvelleReservations/ResaTag/Page_Application Hissab/div_reservation_view' is present

2019-10-20 21:24:58 - [MESSAGE][WARNING] - Timeout '0' is invalid. Using default page load timeout: '30'

2019-10-20 21:24:58 - [MESSAGE][PASSED] - Object 'Object Repository/NouvelleReservations/ResaTag/Page_Application Hissab/div_reservation_view' is present

2019-10-20 21:24:58 - [TEST_STEP][FAILED] - verifyElementText(findTestObject("NouvelleReservations/ResaTag/Page_Application Hissab/div_reservation_nom", ["id":exampleId]), nom): verifyElementText(findTestObject("NouvelleReservations/ResaTag/Page_Application Hissab/div_reservation_nom", ["id":exampleId]), nom) FAILED.
Reason:
com.kms.katalon.core.exception.StepFailedException: Verify element text of test object 'Object Repository/NouvelleReservations/ResaTag/Page_Application Hissab/div_reservation_nom' FAILED. (Root cause: com.kms.katalon.core.exception.StepFailedException: Actual text 'Nicolas Sarkozy' and expected text 'Jacques Chirac' of test object 'Object Repository/NouvelleReservations/ResaTag/Page_Application Hissab/div_reservation_nom' are NOT matched.)
	at com.kms.katalon.core.keyword.internal.KeywordMain.stepFailed(KeywordMain.groovy:36)
	at com.kms.katalon.core.webui.keyword.internal.WebUIKeywordMain.stepFailed(WebUIKeywordMain.groovy:65)
	at com.kms.katalon.core.webui.keyword.internal.WebUIKeywordMain.runKeyword(WebUIKeywordMain.groovy:27)
	at com.kms.katalon.core.webui.keyword.builtin.VerifyElementTextKeyword.verifyElementText(VerifyElementTextKeyword.groovy:72)
	at com.kms.katalon.core.webui.keyword.builtin.VerifyElementTextKeyword.execute(VerifyElementTextKeyword.groovy:40)
	at com.kms.katalon.core.keyword.internal.KeywordExecutor.executeKeywordForPlatform(KeywordExecutor.groovy:53)
	at com.kms.katalon.core.webui.keyword.WebUiBuiltInKeywords.verifyElementText(WebUiBuiltInKeywords.groovy:3663)
	at com.kms.katalon.core.webui.keyword.WebUiBuiltInKeywords$verifyElementText$8.call(Unknown Source)
	at CheckReservation.run(CheckReservation:34)
	at com.kms.katalon.core.main.ScriptEngine.run(ScriptEngine.java:194)
	at com.kms.katalon.core.main.ScriptEngine.runScriptAsRawText(ScriptEngine.java:119)
	at com.kms.katalon.core.main.TestCaseExecutor.runScript(TestCaseExecutor.java:321)
	at com.kms.katalon.core.main.TestCaseExecutor.doExecute(TestCaseExecutor.java:312)
	at com.kms.katalon.core.main.TestCaseExecutor.processExecutionPhase(TestCaseExecutor.java:291)
	at com.kms.katalon.core.main.TestCaseExecutor.accessMainPhase(TestCaseExecutor.java:283)
	at com.kms.katalon.core.main.TestCaseExecutor.execute(TestCaseExecutor.java:222)
	at com.kms.katalon.core.main.TestSuiteExecutor.accessTestCaseMainPhase(TestSuiteExecutor.java:129)
	at com.kms.katalon.core.main.TestSuiteExecutor.accessTestSuiteMainPhase(TestSuiteExecutor.java:112)
	at com.kms.katalon.core.main.TestSuiteExecutor.execute(TestSuiteExecutor.java:81)
	at com.kms.katalon.core.main.TestCaseMain.startTestSuite(TestCaseMain.java:149)
	at com.kms.katalon.core.main.TestCaseMain$startTestSuite$0.call(Unknown Source)
	at TempTestSuite1571599477704.run(TempTestSuite1571599477704.groovy:36)


2019-10-20 21:24:59 - [MESSAGE][FAILED] - Actual text 'Nicolas Sarkozy' and expected text 'Jacques Chirac' of test object 'Object Repository/NouvelleReservations/ResaTag/Page_Application Hissab/div_reservation_nom' are NOT matched.
[[ATTACHMENT|D:\\data\\ws-hissab-katalon\\hissab_katalon\\Reports\\Reservations\\NouvelleReservation\\20191020_212433\\1571599498499.png]]

2019-10-20 21:24:59 - [MESSAGE][FAILED] - Verify element text of test object 'Object Repository/NouvelleReservations/ResaTag/Page_Application Hissab/div_reservation_nom' FAILED. (Root cause: com.kms.katalon.core.exception.StepFailedException: Actual text 'Nicolas Sarkozy' and expected text 'Jacques Chirac' of test object 'Object Repository/NouvelleReservations/ResaTag/Page_Application Hissab/div_reservation_nom' are NOT matched.)
[[ATTACHMENT|D:\\data\\ws-hissab-katalon\\hissab_katalon\\Reports\\Reservations\\NouvelleReservation\\20191020_212433\\1571599499075.png]]

2019-10-20 21:24:59 - [MESSAGE][FAILED] - verifyElementText(findTestObject("NouvelleReservations/ResaTag/Page_Application Hissab/div_reservation_nom", ["id":exampleId]), nom) FAILED.
Reason:
com.kms.katalon.core.exception.StepFailedException: Verify element text of test object 'Object Repository/NouvelleReservations/ResaTag/Page_Application Hissab/div_reservation_nom' FAILED. (Root cause: com.kms.katalon.core.exception.StepFailedException: Actual text 'Nicolas Sarkozy' and expected text 'Jacques Chirac' of test object 'Object Repository/NouvelleReservations/ResaTag/Page_Application Hissab/div_reservation_nom' are NOT matched.)
	at com.kms.katalon.core.keyword.internal.KeywordMain.stepFailed(KeywordMain.groovy:36)
	at com.kms.katalon.core.webui.keyword.internal.WebUIKeywordMain.stepFailed(WebUIKeywordMain.groovy:65)
	at com.kms.katalon.core.webui.keyword.internal.WebUIKeywordMain.runKeyword(WebUIKeywordMain.groovy:27)
	at com.kms.katalon.core.webui.keyword.builtin.VerifyElementTextKeyword.verifyElementText(VerifyElementTextKeyword.groovy:72)
	at com.kms.katalon.core.webui.keyword.builtin.VerifyElementTextKeyword.execute(VerifyElementTextKeyword.groovy:40)
	at com.kms.katalon.core.keyword.internal.KeywordExecutor.executeKeywordForPlatform(KeywordExecutor.groovy:53)
	at com.kms.katalon.core.webui.keyword.WebUiBuiltInKeywords.verifyElementText(WebUiBuiltInKeywords.groovy:3663)
	at com.kms.katalon.core.webui.keyword.WebUiBuiltInKeywords$verifyElementText$8.call(Unknown Source)
	at CheckReservation.run(CheckReservation:34)
	at com.kms.katalon.core.main.ScriptEngine.run(ScriptEngine.java:194)
	at com.kms.katalon.core.main.ScriptEngine.runScriptAsRawText(ScriptEngine.java:119)
	at com.kms.katalon.core.main.TestCaseExecutor.runScript(TestCaseExecutor.java:321)
	at com.kms.katalon.core.main.TestCaseExecutor.doExecute(TestCaseExecutor.java:312)
	at com.kms.katalon.core.main.TestCaseExecutor.processExecutionPhase(TestCaseExecutor.java:291)
	at com.kms.katalon.core.main.TestCaseExecutor.accessMainPhase(TestCaseExecutor.java:283)
	at com.kms.katalon.core.main.TestCaseExecutor.execute(TestCaseExecutor.java:222)
	at com.kms.katalon.core.main.TestSuiteExecutor.accessTestCaseMainPhase(TestSuiteExecutor.java:129)
	at com.kms.katalon.core.main.TestSuiteExecutor.accessTestSuiteMainPhase(TestSuiteExecutor.java:112)
	at com.kms.katalon.core.main.TestSuiteExecutor.execute(TestSuiteExecutor.java:81)
	at com.kms.katalon.core.main.TestCaseMain.startTestSuite(TestCaseMain.java:149)
	at com.kms.katalon.core.main.TestCaseMain$startTestSuite$0.call(Unknown Source)
	at TempTestSuite1571599477704.run(TempTestSuite1571599477704.groovy:36)]]></system-out>
         <system-err><![CDATA[2019-10-20 21:24:58 - [TEST_CASE][FAILED] - Test Cases/CheckReservation: Test Cases/CheckReservation FAILED.
Reason:
com.kms.katalon.core.exception.StepFailedException: Verify element text of test object 'Object Repository/NouvelleReservations/ResaTag/Page_Application Hissab/div_reservation_nom' FAILED. (Root cause: com.kms.katalon.core.exception.StepFailedException: Actual text 'Nicolas Sarkozy' and expected text 'Jacques Chirac' of test object 'Object Repository/NouvelleReservations/ResaTag/Page_Application Hissab/div_reservation_nom' are NOT matched.)
	at com.kms.katalon.core.keyword.internal.KeywordMain.stepFailed(KeywordMain.groovy:36)
	at com.kms.katalon.core.webui.keyword.internal.WebUIKeywordMain.stepFailed(WebUIKeywordMain.groovy:65)
	at com.kms.katalon.core.webui.keyword.internal.WebUIKeywordMain.runKeyword(WebUIKeywordMain.groovy:27)
	at com.kms.katalon.core.webui.keyword.builtin.VerifyElementTextKeyword.verifyElementText(VerifyElementTextKeyword.groovy:72)
	at com.kms.katalon.core.webui.keyword.builtin.VerifyElementTextKeyword.execute(VerifyElementTextKeyword.groovy:40)
	at com.kms.katalon.core.keyword.internal.KeywordExecutor.executeKeywordForPlatform(KeywordExecutor.groovy:53)
	at com.kms.katalon.core.webui.keyword.WebUiBuiltInKeywords.verifyElementText(WebUiBuiltInKeywords.groovy:3663)
	at com.kms.katalon.core.webui.keyword.WebUiBuiltInKeywords$verifyElementText$8.call(Unknown Source)
	at CheckReservation.run(CheckReservation:34)
	at com.kms.katalon.core.main.ScriptEngine.run(ScriptEngine.java:194)
	at com.kms.katalon.core.main.ScriptEngine.runScriptAsRawText(ScriptEngine.java:119)
	at com.kms.katalon.core.main.TestCaseExecutor.runScript(TestCaseExecutor.java:321)
	at com.kms.katalon.core.main.TestCaseExecutor.doExecute(TestCaseExecutor.java:312)
	at com.kms.katalon.core.main.TestCaseExecutor.processExecutionPhase(TestCaseExecutor.java:291)
	at com.kms.katalon.core.main.TestCaseExecutor.accessMainPhase(TestCaseExecutor.java:283)
	at com.kms.katalon.core.main.TestCaseExecutor.execute(TestCaseExecutor.java:222)
	at com.kms.katalon.core.main.TestSuiteExecutor.accessTestCaseMainPhase(TestSuiteExecutor.java:129)
	at com.kms.katalon.core.main.TestSuiteExecutor.accessTestSuiteMainPhase(TestSuiteExecutor.java:112)
	at com.kms.katalon.core.main.TestSuiteExecutor.execute(TestSuiteExecutor.java:81)
	at com.kms.katalon.core.main.TestCaseMain.startTestSuite(TestCaseMain.java:149)
	at com.kms.katalon.core.main.TestCaseMain$startTestSuite$0.call(Unknown Source)
	at TempTestSuite1571599477704.run(TempTestSuite1571599477704.groovy:36)]]></system-err>
      </testcase>
      <testcase name="Test Cases/CloseTheBrowser" classname="Test Cases/CloseTheBrowser" status="PASSED">
         <system-out><![CDATA[2019-10-20 21:24:59 - [TEST_CASE][PASSED] - Test Cases/CloseTheBrowser: Test Cases/CloseTheBrowser

2019-10-20 21:24:59 - [TEST_STEP][PASSED] - closeBrowser(STOP_ON_FAILURE): Browser is closed

2019-10-20 21:25:01 - [MESSAGE][PASSED] - Browser is closed]]></system-out>
         <system-err><![CDATA[]]></system-err>
      </testcase>
      <system-out><![CDATA[2019-10-20 21:24:40 - [TEST_SUITE][FAILED] - NouvelleReservation: Test Cases/CheckReservation FAILED.
Reason:
com.kms.katalon.core.exception.StepFailedException: Verify element text of test object 'Object Repository/NouvelleReservations/ResaTag/Page_Application Hissab/div_reservation_nom' FAILED. (Root cause: com.kms.katalon.core.exception.StepFailedException: Actual text 'Nicolas Sarkozy' and expected text 'Jacques Chirac' of test object 'Object Repository/NouvelleReservations/ResaTag/Page_Application Hissab/div_reservation_nom' are NOT matched.)
	at com.kms.katalon.core.keyword.internal.KeywordMain.stepFailed(KeywordMain.groovy:36)
	at com.kms.katalon.core.webui.keyword.internal.WebUIKeywordMain.stepFailed(WebUIKeywordMain.groovy:65)
	at com.kms.katalon.core.webui.keyword.internal.WebUIKeywordMain.runKeyword(WebUIKeywordMain.groovy:27)
	at com.kms.katalon.core.webui.keyword.builtin.VerifyElementTextKeyword.verifyElementText(VerifyElementTextKeyword.groovy:72)
	at com.kms.katalon.core.webui.keyword.builtin.VerifyElementTextKeyword.execute(VerifyElementTextKeyword.groovy:40)
	at com.kms.katalon.core.keyword.internal.KeywordExecutor.executeKeywordForPlatform(KeywordExecutor.groovy:53)
	at com.kms.katalon.core.webui.keyword.WebUiBuiltInKeywords.verifyElementText(WebUiBuiltInKeywords.groovy:3663)
	at com.kms.katalon.core.webui.keyword.WebUiBuiltInKeywords$verifyElementText$8.call(Unknown Source)
	at CheckReservation.run(CheckReservation:34)
	at com.kms.katalon.core.main.ScriptEngine.run(ScriptEngine.java:194)
	at com.kms.katalon.core.main.ScriptEngine.runScriptAsRawText(ScriptEngine.java:119)
	at com.kms.katalon.core.main.TestCaseExecutor.runScript(TestCaseExecutor.java:321)
	at com.kms.katalon.core.main.TestCaseExecutor.doExecute(TestCaseExecutor.java:312)
	at com.kms.katalon.core.main.TestCaseExecutor.processExecutionPhase(TestCaseExecutor.java:291)
	at com.kms.katalon.core.main.TestCaseExecutor.accessMainPhase(TestCaseExecutor.java:283)
	at com.kms.katalon.core.main.TestCaseExecutor.execute(TestCaseExecutor.java:222)
	at com.kms.katalon.core.main.TestSuiteExecutor.accessTestCaseMainPhase(TestSuiteExecutor.java:129)
	at com.kms.katalon.core.main.TestSuiteExecutor.accessTestSuiteMainPhase(TestSuiteExecutor.java:112)
	at com.kms.katalon.core.main.TestSuiteExecutor.execute(TestSuiteExecutor.java:81)
	at com.kms.katalon.core.main.TestCaseMain.startTestSuite(TestCaseMain.java:149)
	at com.kms.katalon.core.main.TestCaseMain$startTestSuite$0.call(Unknown Source)
	at TempTestSuite1571599477704.run(TempTestSuite1571599477704.groovy:36)]]></system-out>
      <system-err><![CDATA[2019-10-20 21:24:40 - [TEST_SUITE][FAILED] - NouvelleReservation: Test Cases/CheckReservation FAILED.
Reason:
com.kms.katalon.core.exception.StepFailedException: Verify element text of test object 'Object Repository/NouvelleReservations/ResaTag/Page_Application Hissab/div_reservation_nom' FAILED. (Root cause: com.kms.katalon.core.exception.StepFailedException: Actual text 'Nicolas Sarkozy' and expected text 'Jacques Chirac' of test object 'Object Repository/NouvelleReservations/ResaTag/Page_Application Hissab/div_reservation_nom' are NOT matched.)
	at com.kms.katalon.core.keyword.internal.KeywordMain.stepFailed(KeywordMain.groovy:36)
	at com.kms.katalon.core.webui.keyword.internal.WebUIKeywordMain.stepFailed(WebUIKeywordMain.groovy:65)
	at com.kms.katalon.core.webui.keyword.internal.WebUIKeywordMain.runKeyword(WebUIKeywordMain.groovy:27)
	at com.kms.katalon.core.webui.keyword.builtin.VerifyElementTextKeyword.verifyElementText(VerifyElementTextKeyword.groovy:72)
	at com.kms.katalon.core.webui.keyword.builtin.VerifyElementTextKeyword.execute(VerifyElementTextKeyword.groovy:40)
	at com.kms.katalon.core.keyword.internal.KeywordExecutor.executeKeywordForPlatform(KeywordExecutor.groovy:53)
	at com.kms.katalon.core.webui.keyword.WebUiBuiltInKeywords.verifyElementText(WebUiBuiltInKeywords.groovy:3663)
	at com.kms.katalon.core.webui.keyword.WebUiBuiltInKeywords$verifyElementText$8.call(Unknown Source)
	at CheckReservation.run(CheckReservation:34)
	at com.kms.katalon.core.main.ScriptEngine.run(ScriptEngine.java:194)
	at com.kms.katalon.core.main.ScriptEngine.runScriptAsRawText(ScriptEngine.java:119)
	at com.kms.katalon.core.main.TestCaseExecutor.runScript(TestCaseExecutor.java:321)
	at com.kms.katalon.core.main.TestCaseExecutor.doExecute(TestCaseExecutor.java:312)
	at com.kms.katalon.core.main.TestCaseExecutor.processExecutionPhase(TestCaseExecutor.java:291)
	at com.kms.katalon.core.main.TestCaseExecutor.accessMainPhase(TestCaseExecutor.java:283)
	at com.kms.katalon.core.main.TestCaseExecutor.execute(TestCaseExecutor.java:222)
	at com.kms.katalon.core.main.TestSuiteExecutor.accessTestCaseMainPhase(TestSuiteExecutor.java:129)
	at com.kms.katalon.core.main.TestSuiteExecutor.accessTestSuiteMainPhase(TestSuiteExecutor.java:112)
	at com.kms.katalon.core.main.TestSuiteExecutor.execute(TestSuiteExecutor.java:81)
	at com.kms.katalon.core.main.TestCaseMain.startTestSuite(TestCaseMain.java:149)
	at com.kms.katalon.core.main.TestCaseMain$startTestSuite$0.call(Unknown Source)
	at TempTestSuite1571599477704.run(TempTestSuite1571599477704.groovy:36)]]></system-err>
   </testsuite>
</testsuites>
